ARM GAS  C:\Users\HP1\AppData\Local\Temp\ccaOZQRE.s 			page 1


   1              		.syntax unified
   2              		.cpu cortex-m0
   3              		.fpu softvfp
   4              		.eabi_attribute 20, 1
   5              		.eabi_attribute 21, 1
   6              		.eabi_attribute 23, 3
   7              		.eabi_attribute 24, 1
   8              		.eabi_attribute 25, 1
   9              		.eabi_attribute 26, 1
  10              		.eabi_attribute 30, 1
  11              		.eabi_attribute 34, 0
  12              		.eabi_attribute 18, 4
  13              		.thumb
  14              		.syntax unified
  15              		.file	"cyfitter_cfg.c"
  16              		.text
  17              	.Ltext0:
  18              		.cfi_sections	.debug_frame
  19              		.section	.text.cfg_write_bytes32,"ax",%progbits
  20              		.align	2
  21              		.code	16
  22              		.thumb_func
  23              		.type	cfg_write_bytes32, %function
  24              	cfg_write_bytes32:
  25              	.LFB4:
  26              		.file 1 "Generated_Source\\PSoC4\\cyfitter_cfg.c"
   1:Generated_Source\PSoC4/cyfitter_cfg.c **** 
   2:Generated_Source\PSoC4/cyfitter_cfg.c **** /*******************************************************************************
   3:Generated_Source\PSoC4/cyfitter_cfg.c **** * File Name: cyfitter_cfg.c
   4:Generated_Source\PSoC4/cyfitter_cfg.c **** * 
   5:Generated_Source\PSoC4/cyfitter_cfg.c **** * PSoC Creator  4.4
   6:Generated_Source\PSoC4/cyfitter_cfg.c **** *
   7:Generated_Source\PSoC4/cyfitter_cfg.c **** * Description:
   8:Generated_Source\PSoC4/cyfitter_cfg.c **** * This file contains device initialization code.
   9:Generated_Source\PSoC4/cyfitter_cfg.c **** * Except for the user defined sections in CyClockStartupError(), this file should not be modified.
  10:Generated_Source\PSoC4/cyfitter_cfg.c **** * This file is automatically generated by PSoC Creator.
  11:Generated_Source\PSoC4/cyfitter_cfg.c **** *
  12:Generated_Source\PSoC4/cyfitter_cfg.c **** ********************************************************************************
  13:Generated_Source\PSoC4/cyfitter_cfg.c **** * Copyright (c) 2007-2020 Cypress Semiconductor.  All rights reserved.
  14:Generated_Source\PSoC4/cyfitter_cfg.c **** * You may use this file only in accordance with the license, terms, conditions, 
  15:Generated_Source\PSoC4/cyfitter_cfg.c **** * disclaimers, and limitations in the end user license agreement accompanying 
  16:Generated_Source\PSoC4/cyfitter_cfg.c **** * the software package with which this file was provided.
  17:Generated_Source\PSoC4/cyfitter_cfg.c **** ********************************************************************************/
  18:Generated_Source\PSoC4/cyfitter_cfg.c **** 
  19:Generated_Source\PSoC4/cyfitter_cfg.c **** #include <string.h>
  20:Generated_Source\PSoC4/cyfitter_cfg.c **** #include "cytypes.h"
  21:Generated_Source\PSoC4/cyfitter_cfg.c **** #include "cydevice_trm.h"
  22:Generated_Source\PSoC4/cyfitter_cfg.c **** #include "cyfitter.h"
  23:Generated_Source\PSoC4/cyfitter_cfg.c **** #include "CyLib.h"
  24:Generated_Source\PSoC4/cyfitter_cfg.c **** #include "CyLFClk.h"
  25:Generated_Source\PSoC4/cyfitter_cfg.c **** #include "cyfitter_cfg.h"
  26:Generated_Source\PSoC4/cyfitter_cfg.c **** #include "cyapicallbacks.h"
  27:Generated_Source\PSoC4/cyfitter_cfg.c **** 
  28:Generated_Source\PSoC4/cyfitter_cfg.c **** 
  29:Generated_Source\PSoC4/cyfitter_cfg.c **** #if defined(__GNUC__) || defined(__ARMCC_VERSION)
  30:Generated_Source\PSoC4/cyfitter_cfg.c ****     #define CYPACKED 
  31:Generated_Source\PSoC4/cyfitter_cfg.c ****     #define CYPACKED_ATTR __attribute__ ((packed))
ARM GAS  C:\Users\HP1\AppData\Local\Temp\ccaOZQRE.s 			page 2


  32:Generated_Source\PSoC4/cyfitter_cfg.c ****     #define CYALIGNED __attribute__ ((aligned))
  33:Generated_Source\PSoC4/cyfitter_cfg.c ****     #define CY_CFG_UNUSED __attribute__ ((unused))
  34:Generated_Source\PSoC4/cyfitter_cfg.c ****     #ifndef CY_CFG_SECTION
  35:Generated_Source\PSoC4/cyfitter_cfg.c ****         #define CY_CFG_SECTION __attribute__ ((section(".psocinit")))
  36:Generated_Source\PSoC4/cyfitter_cfg.c ****     #endif
  37:Generated_Source\PSoC4/cyfitter_cfg.c ****     
  38:Generated_Source\PSoC4/cyfitter_cfg.c ****     #if defined(__ARMCC_VERSION)
  39:Generated_Source\PSoC4/cyfitter_cfg.c ****         #define CY_CFG_MEMORY_BARRIER() __memory_changed()
  40:Generated_Source\PSoC4/cyfitter_cfg.c ****     #else
  41:Generated_Source\PSoC4/cyfitter_cfg.c ****         #define CY_CFG_MEMORY_BARRIER() __sync_synchronize()
  42:Generated_Source\PSoC4/cyfitter_cfg.c ****     #endif
  43:Generated_Source\PSoC4/cyfitter_cfg.c ****     
  44:Generated_Source\PSoC4/cyfitter_cfg.c **** #elif defined(__ICCARM__)
  45:Generated_Source\PSoC4/cyfitter_cfg.c ****     #include <intrinsics.h>
  46:Generated_Source\PSoC4/cyfitter_cfg.c **** 
  47:Generated_Source\PSoC4/cyfitter_cfg.c ****     #define CYPACKED __packed
  48:Generated_Source\PSoC4/cyfitter_cfg.c ****     #define CYPACKED_ATTR 
  49:Generated_Source\PSoC4/cyfitter_cfg.c ****     #define CYALIGNED _Pragma("data_alignment=4")
  50:Generated_Source\PSoC4/cyfitter_cfg.c ****     #define CY_CFG_UNUSED _Pragma("diag_suppress=Pe177")
  51:Generated_Source\PSoC4/cyfitter_cfg.c ****     #define CY_CFG_SECTION _Pragma("location=\".psocinit\"")
  52:Generated_Source\PSoC4/cyfitter_cfg.c ****     
  53:Generated_Source\PSoC4/cyfitter_cfg.c ****     #define CY_CFG_MEMORY_BARRIER() __DMB()
  54:Generated_Source\PSoC4/cyfitter_cfg.c ****     
  55:Generated_Source\PSoC4/cyfitter_cfg.c **** #else
  56:Generated_Source\PSoC4/cyfitter_cfg.c ****     #error Unsupported toolchain
  57:Generated_Source\PSoC4/cyfitter_cfg.c **** #endif
  58:Generated_Source\PSoC4/cyfitter_cfg.c **** 
  59:Generated_Source\PSoC4/cyfitter_cfg.c **** #ifndef CYCODE
  60:Generated_Source\PSoC4/cyfitter_cfg.c ****     #define CYCODE
  61:Generated_Source\PSoC4/cyfitter_cfg.c **** #endif
  62:Generated_Source\PSoC4/cyfitter_cfg.c **** #ifndef CYDATA
  63:Generated_Source\PSoC4/cyfitter_cfg.c ****     #define CYDATA
  64:Generated_Source\PSoC4/cyfitter_cfg.c **** #endif
  65:Generated_Source\PSoC4/cyfitter_cfg.c **** #ifndef CYFAR
  66:Generated_Source\PSoC4/cyfitter_cfg.c ****     #define CYFAR
  67:Generated_Source\PSoC4/cyfitter_cfg.c **** #endif
  68:Generated_Source\PSoC4/cyfitter_cfg.c **** #ifndef CYXDATA
  69:Generated_Source\PSoC4/cyfitter_cfg.c ****     #define CYXDATA
  70:Generated_Source\PSoC4/cyfitter_cfg.c **** #endif
  71:Generated_Source\PSoC4/cyfitter_cfg.c **** 
  72:Generated_Source\PSoC4/cyfitter_cfg.c **** 
  73:Generated_Source\PSoC4/cyfitter_cfg.c **** CY_CFG_UNUSED
  74:Generated_Source\PSoC4/cyfitter_cfg.c **** static void CYMEMZERO(void *s, size_t n);
  75:Generated_Source\PSoC4/cyfitter_cfg.c **** CY_CFG_UNUSED
  76:Generated_Source\PSoC4/cyfitter_cfg.c **** static void CYMEMZERO(void *s, size_t n)
  77:Generated_Source\PSoC4/cyfitter_cfg.c **** {
  78:Generated_Source\PSoC4/cyfitter_cfg.c **** 	(void)memset(s, 0, n);
  79:Generated_Source\PSoC4/cyfitter_cfg.c **** }
  80:Generated_Source\PSoC4/cyfitter_cfg.c **** CY_CFG_UNUSED
  81:Generated_Source\PSoC4/cyfitter_cfg.c **** static void CYCONFIGCPY(void *dest, const void *src, size_t n);
  82:Generated_Source\PSoC4/cyfitter_cfg.c **** CY_CFG_UNUSED
  83:Generated_Source\PSoC4/cyfitter_cfg.c **** static void CYCONFIGCPY(void *dest, const void *src, size_t n)
  84:Generated_Source\PSoC4/cyfitter_cfg.c **** {
  85:Generated_Source\PSoC4/cyfitter_cfg.c **** 	(void)memcpy(dest, src, n);
  86:Generated_Source\PSoC4/cyfitter_cfg.c **** }
  87:Generated_Source\PSoC4/cyfitter_cfg.c **** CY_CFG_UNUSED
  88:Generated_Source\PSoC4/cyfitter_cfg.c **** static void CYCONFIGCPYCODE(void *dest, const void *src, size_t n);
ARM GAS  C:\Users\HP1\AppData\Local\Temp\ccaOZQRE.s 			page 3


  89:Generated_Source\PSoC4/cyfitter_cfg.c **** CY_CFG_UNUSED
  90:Generated_Source\PSoC4/cyfitter_cfg.c **** static void CYCONFIGCPYCODE(void *dest, const void *src, size_t n)
  91:Generated_Source\PSoC4/cyfitter_cfg.c **** {
  92:Generated_Source\PSoC4/cyfitter_cfg.c **** 	(void)memcpy(dest, src, n);
  93:Generated_Source\PSoC4/cyfitter_cfg.c **** }
  94:Generated_Source\PSoC4/cyfitter_cfg.c **** 
  95:Generated_Source\PSoC4/cyfitter_cfg.c **** 
  96:Generated_Source\PSoC4/cyfitter_cfg.c **** 
  97:Generated_Source\PSoC4/cyfitter_cfg.c **** 
  98:Generated_Source\PSoC4/cyfitter_cfg.c **** /* Clock startup error codes                                                   */
  99:Generated_Source\PSoC4/cyfitter_cfg.c **** #define CYCLOCKSTART_NO_ERROR    0u
 100:Generated_Source\PSoC4/cyfitter_cfg.c **** #define CYCLOCKSTART_XTAL_ERROR  1u
 101:Generated_Source\PSoC4/cyfitter_cfg.c **** #define CYCLOCKSTART_32KHZ_ERROR 2u
 102:Generated_Source\PSoC4/cyfitter_cfg.c **** #define CYCLOCKSTART_PLL_ERROR   3u
 103:Generated_Source\PSoC4/cyfitter_cfg.c **** #define CYCLOCKSTART_FLL_ERROR   4u
 104:Generated_Source\PSoC4/cyfitter_cfg.c **** #define CYCLOCKSTART_WCO_ERROR   5u
 105:Generated_Source\PSoC4/cyfitter_cfg.c **** 
 106:Generated_Source\PSoC4/cyfitter_cfg.c **** 
 107:Generated_Source\PSoC4/cyfitter_cfg.c **** #ifdef CY_NEED_CYCLOCKSTARTUPERROR
 108:Generated_Source\PSoC4/cyfitter_cfg.c **** /*******************************************************************************
 109:Generated_Source\PSoC4/cyfitter_cfg.c **** * Function Name: CyClockStartupError
 110:Generated_Source\PSoC4/cyfitter_cfg.c **** ********************************************************************************
 111:Generated_Source\PSoC4/cyfitter_cfg.c **** * Summary:
 112:Generated_Source\PSoC4/cyfitter_cfg.c **** *  If an error is encountered during clock configuration (crystal startup error,
 113:Generated_Source\PSoC4/cyfitter_cfg.c **** *  PLL lock error, etc.), the system will end up here.  Unless reimplemented by
 114:Generated_Source\PSoC4/cyfitter_cfg.c **** *  the customer, this function will stop in an infinite loop.
 115:Generated_Source\PSoC4/cyfitter_cfg.c **** *
 116:Generated_Source\PSoC4/cyfitter_cfg.c **** * Parameters:
 117:Generated_Source\PSoC4/cyfitter_cfg.c **** *   void
 118:Generated_Source\PSoC4/cyfitter_cfg.c **** *
 119:Generated_Source\PSoC4/cyfitter_cfg.c **** * Return:
 120:Generated_Source\PSoC4/cyfitter_cfg.c **** *   void
 121:Generated_Source\PSoC4/cyfitter_cfg.c **** *
 122:Generated_Source\PSoC4/cyfitter_cfg.c **** *******************************************************************************/
 123:Generated_Source\PSoC4/cyfitter_cfg.c **** CY_CFG_UNUSED
 124:Generated_Source\PSoC4/cyfitter_cfg.c **** static void CyClockStartupError(uint8 errorCode);
 125:Generated_Source\PSoC4/cyfitter_cfg.c **** CY_CFG_UNUSED
 126:Generated_Source\PSoC4/cyfitter_cfg.c **** static void CyClockStartupError(uint8 errorCode)
 127:Generated_Source\PSoC4/cyfitter_cfg.c **** {
 128:Generated_Source\PSoC4/cyfitter_cfg.c ****     /* To remove the compiler warning if errorCode not used.                */
 129:Generated_Source\PSoC4/cyfitter_cfg.c ****     errorCode = errorCode;
 130:Generated_Source\PSoC4/cyfitter_cfg.c **** 
 131:Generated_Source\PSoC4/cyfitter_cfg.c ****     /* If we have a clock startup error (bad MHz crystal, PLL lock, etc.),  */
 132:Generated_Source\PSoC4/cyfitter_cfg.c ****     /* we will end up here to allow the customer to implement something to  */
 133:Generated_Source\PSoC4/cyfitter_cfg.c ****     /* deal with the clock condition.                                       */
 134:Generated_Source\PSoC4/cyfitter_cfg.c **** 
 135:Generated_Source\PSoC4/cyfitter_cfg.c **** #ifdef CY_CFG_CLOCK_STARTUP_ERROR_CALLBACK
 136:Generated_Source\PSoC4/cyfitter_cfg.c ****     CY_CFG_Clock_Startup_ErrorCallback();
 137:Generated_Source\PSoC4/cyfitter_cfg.c **** #else
 138:Generated_Source\PSoC4/cyfitter_cfg.c ****     /*  If not using CY_CFG_CLOCK_STARTUP_ERROR_CALLBACK, place your clock startup code here. */
 139:Generated_Source\PSoC4/cyfitter_cfg.c ****     /* `#START CyClockStartupError` */
 140:Generated_Source\PSoC4/cyfitter_cfg.c **** 
 141:Generated_Source\PSoC4/cyfitter_cfg.c **** 
 142:Generated_Source\PSoC4/cyfitter_cfg.c **** 
 143:Generated_Source\PSoC4/cyfitter_cfg.c ****     /* `#END` */
 144:Generated_Source\PSoC4/cyfitter_cfg.c **** 
 145:Generated_Source\PSoC4/cyfitter_cfg.c ****     while(1) {}
ARM GAS  C:\Users\HP1\AppData\Local\Temp\ccaOZQRE.s 			page 4


 146:Generated_Source\PSoC4/cyfitter_cfg.c **** #endif /* CY_CFG_CLOCK_STARTUP_ERROR_CALLBACK */
 147:Generated_Source\PSoC4/cyfitter_cfg.c **** }
 148:Generated_Source\PSoC4/cyfitter_cfg.c **** #endif
 149:Generated_Source\PSoC4/cyfitter_cfg.c **** 
 150:Generated_Source\PSoC4/cyfitter_cfg.c **** #define CY_CFG_BASE_ADDR_COUNT 6u
 151:Generated_Source\PSoC4/cyfitter_cfg.c **** CYPACKED typedef struct
 152:Generated_Source\PSoC4/cyfitter_cfg.c **** {
 153:Generated_Source\PSoC4/cyfitter_cfg.c **** 	uint8 offset;
 154:Generated_Source\PSoC4/cyfitter_cfg.c **** 	uint8 value;
 155:Generated_Source\PSoC4/cyfitter_cfg.c **** } CYPACKED_ATTR cy_cfg_addrvalue_t;
 156:Generated_Source\PSoC4/cyfitter_cfg.c **** 
 157:Generated_Source\PSoC4/cyfitter_cfg.c **** 
 158:Generated_Source\PSoC4/cyfitter_cfg.c **** 
 159:Generated_Source\PSoC4/cyfitter_cfg.c **** /*******************************************************************************
 160:Generated_Source\PSoC4/cyfitter_cfg.c **** * Function Name: cfg_write_bytes32
 161:Generated_Source\PSoC4/cyfitter_cfg.c **** ********************************************************************************
 162:Generated_Source\PSoC4/cyfitter_cfg.c **** * Summary:
 163:Generated_Source\PSoC4/cyfitter_cfg.c **** *  This function is used for setting up the chip configuration areas that
 164:Generated_Source\PSoC4/cyfitter_cfg.c **** *  contain relatively sparse data.
 165:Generated_Source\PSoC4/cyfitter_cfg.c **** *
 166:Generated_Source\PSoC4/cyfitter_cfg.c **** * Parameters:
 167:Generated_Source\PSoC4/cyfitter_cfg.c **** *   void
 168:Generated_Source\PSoC4/cyfitter_cfg.c **** *
 169:Generated_Source\PSoC4/cyfitter_cfg.c **** * Return:
 170:Generated_Source\PSoC4/cyfitter_cfg.c **** *   void
 171:Generated_Source\PSoC4/cyfitter_cfg.c **** *
 172:Generated_Source\PSoC4/cyfitter_cfg.c **** *******************************************************************************/
 173:Generated_Source\PSoC4/cyfitter_cfg.c **** static void cfg_write_bytes32(const uint32 addr_table[], const cy_cfg_addrvalue_t data_table[]);
 174:Generated_Source\PSoC4/cyfitter_cfg.c **** static void cfg_write_bytes32(const uint32 addr_table[], const cy_cfg_addrvalue_t data_table[])
 175:Generated_Source\PSoC4/cyfitter_cfg.c **** {
  27              		.loc 1 175 0
  28              		.cfi_startproc
  29              		@ args = 0, pretend = 0, frame = 0
  30              		@ frame_needed = 0, uses_anonymous_args = 0
  31              	.LVL0:
  32 0000 F0B5     		push	{r4, r5, r6, r7, lr}
  33              		.cfi_def_cfa_offset 20
  34              		.cfi_offset 4, -20
  35              		.cfi_offset 5, -16
  36              		.cfi_offset 6, -12
  37              		.cfi_offset 7, -8
  38              		.cfi_offset 14, -4
  39              	.LVL1:
 176:Generated_Source\PSoC4/cyfitter_cfg.c **** 	/* For 32-bit little-endian architectures */
 177:Generated_Source\PSoC4/cyfitter_cfg.c **** 	uint32 i, j = 0u;
  40              		.loc 1 177 0
  41 0002 0025     		movs	r5, #0
 178:Generated_Source\PSoC4/cyfitter_cfg.c **** 	for (i = 0u; i < CY_CFG_BASE_ADDR_COUNT; i++)
  42              		.loc 1 178 0
  43 0004 0027     		movs	r7, #0
  44 0006 11E0     		b	.L2
  45              	.LVL2:
  46              	.L5:
  47              	.LBB2:
 179:Generated_Source\PSoC4/cyfitter_cfg.c **** 	{
 180:Generated_Source\PSoC4/cyfitter_cfg.c **** 		uint32 baseAddr = addr_table[i];
  48              		.loc 1 180 0
ARM GAS  C:\Users\HP1\AppData\Local\Temp\ccaOZQRE.s 			page 5


  49 0008 BB00     		lsls	r3, r7, #2
  50 000a C658     		ldr	r6, [r0, r3]
  51              	.LVL3:
 181:Generated_Source\PSoC4/cyfitter_cfg.c **** 		uint8 count = (uint8)baseAddr;
  52              		.loc 1 181 0
  53 000c F3B2     		uxtb	r3, r6
  54              	.LVL4:
 182:Generated_Source\PSoC4/cyfitter_cfg.c **** 		baseAddr &= 0xFFFFFF00u;
  55              		.loc 1 182 0
  56 000e FF22     		movs	r2, #255
  57 0010 9643     		bics	r6, r2
  58              	.LVL5:
 183:Generated_Source\PSoC4/cyfitter_cfg.c **** 		while (count != 0u)
  59              		.loc 1 183 0
  60 0012 08E0     		b	.L3
  61              	.L4:
 184:Generated_Source\PSoC4/cyfitter_cfg.c **** 		{
 185:Generated_Source\PSoC4/cyfitter_cfg.c **** 			CY_SET_REG8((void *)(baseAddr + data_table[j].offset), data_table[j].value);
  62              		.loc 1 185 0
  63 0014 6A00     		lsls	r2, r5, #1
  64 0016 8A18     		adds	r2, r1, r2
  65 0018 1478     		ldrb	r4, [r2]
  66 001a A419     		adds	r4, r4, r6
  67 001c 5278     		ldrb	r2, [r2, #1]
  68 001e 2270     		strb	r2, [r4]
 186:Generated_Source\PSoC4/cyfitter_cfg.c **** 			j++;
  69              		.loc 1 186 0
  70 0020 0135     		adds	r5, r5, #1
  71              	.LVL6:
 187:Generated_Source\PSoC4/cyfitter_cfg.c **** 			count--;
  72              		.loc 1 187 0
  73 0022 013B     		subs	r3, r3, #1
  74              	.LVL7:
  75 0024 DBB2     		uxtb	r3, r3
  76              	.LVL8:
  77              	.L3:
 183:Generated_Source\PSoC4/cyfitter_cfg.c **** 		{
  78              		.loc 1 183 0
  79 0026 002B     		cmp	r3, #0
  80 0028 F4D1     		bne	.L4
  81              	.LBE2:
 178:Generated_Source\PSoC4/cyfitter_cfg.c **** 	{
  82              		.loc 1 178 0 discriminator 2
  83 002a 0137     		adds	r7, r7, #1
  84              	.LVL9:
  85              	.L2:
 178:Generated_Source\PSoC4/cyfitter_cfg.c **** 	{
  86              		.loc 1 178 0 is_stmt 0 discriminator 1
  87 002c 052F     		cmp	r7, #5
  88 002e EBD9     		bls	.L5
 188:Generated_Source\PSoC4/cyfitter_cfg.c **** 		}
 189:Generated_Source\PSoC4/cyfitter_cfg.c **** 	}
 190:Generated_Source\PSoC4/cyfitter_cfg.c **** }
  89              		.loc 1 190 0 is_stmt 1
  90              		@ sp needed
  91              	.LVL10:
  92              	.LVL11:
ARM GAS  C:\Users\HP1\AppData\Local\Temp\ccaOZQRE.s 			page 6


  93 0030 F0BD     		pop	{r4, r5, r6, r7, pc}
  94              		.cfi_endproc
  95              	.LFE4:
  96              		.size	cfg_write_bytes32, .-cfg_write_bytes32
  97 0032 C046     		.section	.text.AnalogSetDefault,"ax",%progbits
  98              		.align	2
  99              		.code	16
 100              		.thumb_func
 101              		.type	AnalogSetDefault, %function
 102              	AnalogSetDefault:
 103              	.LFB6:
 191:Generated_Source\PSoC4/cyfitter_cfg.c **** 
 192:Generated_Source\PSoC4/cyfitter_cfg.c **** 
 193:Generated_Source\PSoC4/cyfitter_cfg.c **** /*******************************************************************************
 194:Generated_Source\PSoC4/cyfitter_cfg.c **** * Function Name: ClockSetup
 195:Generated_Source\PSoC4/cyfitter_cfg.c **** ********************************************************************************
 196:Generated_Source\PSoC4/cyfitter_cfg.c **** *
 197:Generated_Source\PSoC4/cyfitter_cfg.c **** * Summary:
 198:Generated_Source\PSoC4/cyfitter_cfg.c **** *   Performs the initialization of all of the clocks in the device based on the
 199:Generated_Source\PSoC4/cyfitter_cfg.c **** *   settings in the Clock tab of the DWR.  This includes enabling the requested
 200:Generated_Source\PSoC4/cyfitter_cfg.c **** *   clocks and setting the necessary dividers to produce the desired frequency. 
 201:Generated_Source\PSoC4/cyfitter_cfg.c **** *
 202:Generated_Source\PSoC4/cyfitter_cfg.c **** * Parameters:
 203:Generated_Source\PSoC4/cyfitter_cfg.c **** *   void
 204:Generated_Source\PSoC4/cyfitter_cfg.c **** *
 205:Generated_Source\PSoC4/cyfitter_cfg.c **** * Return:
 206:Generated_Source\PSoC4/cyfitter_cfg.c **** *   void
 207:Generated_Source\PSoC4/cyfitter_cfg.c **** *
 208:Generated_Source\PSoC4/cyfitter_cfg.c **** *******************************************************************************/
 209:Generated_Source\PSoC4/cyfitter_cfg.c **** static void ClockSetup(void);
 210:Generated_Source\PSoC4/cyfitter_cfg.c **** CY_CFG_SECTION
 211:Generated_Source\PSoC4/cyfitter_cfg.c **** static void ClockSetup(void)
 212:Generated_Source\PSoC4/cyfitter_cfg.c **** {
 213:Generated_Source\PSoC4/cyfitter_cfg.c **** 
 214:Generated_Source\PSoC4/cyfitter_cfg.c **** 	/* Set Flash Cycles based on max possible frequency in case a glitch occurs during ClockSetup(). *
 215:Generated_Source\PSoC4/cyfitter_cfg.c **** 	CY_SET_REG32((void CYXDATA *)(CYREG_CPUSS_FLASH_CTL), (0x0012u));
 216:Generated_Source\PSoC4/cyfitter_cfg.c **** 	/* Setup and trim IMO based on desired frequency. */
 217:Generated_Source\PSoC4/cyfitter_cfg.c **** 	CySysClkWriteImoFreq(48u);
 218:Generated_Source\PSoC4/cyfitter_cfg.c **** 	/* CYDEV_CLK_ILO_CONFIG Starting address: CYDEV_CLK_ILO_CONFIG */
 219:Generated_Source\PSoC4/cyfitter_cfg.c **** 	CY_SET_REG32((void *)(CYREG_CLK_ILO_CONFIG), 0x80000006u);
 220:Generated_Source\PSoC4/cyfitter_cfg.c **** 
 221:Generated_Source\PSoC4/cyfitter_cfg.c **** 
 222:Generated_Source\PSoC4/cyfitter_cfg.c **** 	/* Setup phase aligned clocks */
 223:Generated_Source\PSoC4/cyfitter_cfg.c **** 	CY_SET_REG32((void *)CYREG_PERI_DIV_16_CTL0, 0x00BB7F00u);
 224:Generated_Source\PSoC4/cyfitter_cfg.c **** 	CY_SET_REG32((void *)CYREG_PERI_DIV_CMD, 0x8000FF40u);
 225:Generated_Source\PSoC4/cyfitter_cfg.c **** 
 226:Generated_Source\PSoC4/cyfitter_cfg.c **** 	/* CYDEV_CLK_IMO_CONFIG Starting address: CYDEV_CLK_IMO_CONFIG */
 227:Generated_Source\PSoC4/cyfitter_cfg.c **** 	CY_SET_REG32((void *)(CYREG_CLK_IMO_CONFIG), 0x80000000u);
 228:Generated_Source\PSoC4/cyfitter_cfg.c **** 
 229:Generated_Source\PSoC4/cyfitter_cfg.c **** 	/* CYDEV_CLK_SELECT Starting address: CYDEV_CLK_SELECT */
 230:Generated_Source\PSoC4/cyfitter_cfg.c **** 	CY_SET_REG32((void *)(CYREG_CLK_SELECT), 0x00040000u);
 231:Generated_Source\PSoC4/cyfitter_cfg.c **** 
 232:Generated_Source\PSoC4/cyfitter_cfg.c **** 	/* CYDEV_PERI_PCLK_CTL19 Starting address: CYDEV_PERI_PCLK_CTL19 */
 233:Generated_Source\PSoC4/cyfitter_cfg.c **** 	CY_SET_REG32((void *)(CYREG_PERI_PCLK_CTL19), 0x00000040u);
 234:Generated_Source\PSoC4/cyfitter_cfg.c **** 
 235:Generated_Source\PSoC4/cyfitter_cfg.c **** 	(void)CyIntSetVector(7u, &CySysWdtIsr);
 236:Generated_Source\PSoC4/cyfitter_cfg.c **** 	CyIntEnable(7u);
ARM GAS  C:\Users\HP1\AppData\Local\Temp\ccaOZQRE.s 			page 7


 237:Generated_Source\PSoC4/cyfitter_cfg.c **** 	CY_SET_REG32((void *)(CYREG_WDT_CONFIG), 0x00000000u);
 238:Generated_Source\PSoC4/cyfitter_cfg.c **** }
 239:Generated_Source\PSoC4/cyfitter_cfg.c **** 
 240:Generated_Source\PSoC4/cyfitter_cfg.c **** 
 241:Generated_Source\PSoC4/cyfitter_cfg.c **** /* Analog API Functions */
 242:Generated_Source\PSoC4/cyfitter_cfg.c **** 
 243:Generated_Source\PSoC4/cyfitter_cfg.c **** 
 244:Generated_Source\PSoC4/cyfitter_cfg.c **** /*******************************************************************************
 245:Generated_Source\PSoC4/cyfitter_cfg.c **** * Function Name: AnalogSetDefault
 246:Generated_Source\PSoC4/cyfitter_cfg.c **** ********************************************************************************
 247:Generated_Source\PSoC4/cyfitter_cfg.c **** *
 248:Generated_Source\PSoC4/cyfitter_cfg.c **** * Summary:
 249:Generated_Source\PSoC4/cyfitter_cfg.c **** *  Sets up the analog portions of the chip to default values based on chip
 250:Generated_Source\PSoC4/cyfitter_cfg.c **** *  configuration options from the project.
 251:Generated_Source\PSoC4/cyfitter_cfg.c **** *
 252:Generated_Source\PSoC4/cyfitter_cfg.c **** * Parameters:
 253:Generated_Source\PSoC4/cyfitter_cfg.c **** *  void
 254:Generated_Source\PSoC4/cyfitter_cfg.c **** *
 255:Generated_Source\PSoC4/cyfitter_cfg.c **** * Return:
 256:Generated_Source\PSoC4/cyfitter_cfg.c **** *  void
 257:Generated_Source\PSoC4/cyfitter_cfg.c **** *
 258:Generated_Source\PSoC4/cyfitter_cfg.c **** *******************************************************************************/
 259:Generated_Source\PSoC4/cyfitter_cfg.c **** static void AnalogSetDefault(void);
 260:Generated_Source\PSoC4/cyfitter_cfg.c **** static void AnalogSetDefault(void)
 261:Generated_Source\PSoC4/cyfitter_cfg.c **** {
 104              		.loc 1 261 0
 105              		.cfi_startproc
 106              		@ args = 0, pretend = 0, frame = 0
 107              		@ frame_needed = 0, uses_anonymous_args = 0
 108              		@ link register save eliminated.
 262:Generated_Source\PSoC4/cyfitter_cfg.c **** 	CY_SET_XTND_REG32((void CYFAR *)CYREG_CTBM0_DFT_CTRL, 0x00000003u);
 109              		.loc 1 262 0
 110 0000 0323     		movs	r3, #3
 111 0002 044A     		ldr	r2, .L7
 112 0004 1360     		str	r3, [r2]
 263:Generated_Source\PSoC4/cyfitter_cfg.c **** 	CY_SET_XTND_REG32((void CYFAR *)CYREG_CTBM1_DFT_CTRL, 0x00000003u);
 113              		.loc 1 263 0
 114 0006 044A     		ldr	r2, .L7+4
 115 0008 1360     		str	r3, [r2]
 264:Generated_Source\PSoC4/cyfitter_cfg.c **** 	CY_SET_XTND_REG32((void CYFAR *)CYREG_PASS_DSAB_DSAB_CTRL, 0x00000000u);
 116              		.loc 1 264 0
 117 000a 0022     		movs	r2, #0
 118 000c 034B     		ldr	r3, .L7+8
 119 000e 1A60     		str	r2, [r3]
 265:Generated_Source\PSoC4/cyfitter_cfg.c **** }
 120              		.loc 1 265 0
 121              		@ sp needed
 122 0010 7047     		bx	lr
 123              	.L8:
 124 0012 C046     		.align	2
 125              	.L7:
 126 0014 30003040 		.word	1076887600
 127 0018 30003140 		.word	1076953136
 128 001c 000E3F40 		.word	1077874176
 129              		.cfi_endproc
 130              	.LFE6:
 131              		.size	AnalogSetDefault, .-AnalogSetDefault
ARM GAS  C:\Users\HP1\AppData\Local\Temp\ccaOZQRE.s 			page 8


 132              		.section	.text.CYMEMZERO,"ax",%progbits
 133              		.align	2
 134              		.code	16
 135              		.thumb_func
 136              		.type	CYMEMZERO, %function
 137              	CYMEMZERO:
 138              	.LFB1:
  77:Generated_Source\PSoC4/cyfitter_cfg.c **** 	(void)memset(s, 0, n);
 139              		.loc 1 77 0
 140              		.cfi_startproc
 141              		@ args = 0, pretend = 0, frame = 0
 142              		@ frame_needed = 0, uses_anonymous_args = 0
 143              	.LVL12:
 144 0000 10B5     		push	{r4, lr}
 145              		.cfi_def_cfa_offset 8
 146              		.cfi_offset 4, -8
 147              		.cfi_offset 14, -4
 148 0002 0A00     		movs	r2, r1
  78:Generated_Source\PSoC4/cyfitter_cfg.c **** }
 149              		.loc 1 78 0
 150 0004 0021     		movs	r1, #0
 151              	.LVL13:
 152 0006 FFF7FEFF 		bl	memset
 153              	.LVL14:
  79:Generated_Source\PSoC4/cyfitter_cfg.c **** CY_CFG_UNUSED
 154              		.loc 1 79 0
 155              		@ sp needed
 156 000a 10BD     		pop	{r4, pc}
 157              		.cfi_endproc
 158              	.LFE1:
 159              		.size	CYMEMZERO, .-CYMEMZERO
 160              		.section	.psocinit,"ax",%progbits
 161              		.align	2
 162              		.code	16
 163              		.thumb_func
 164              		.type	ClockSetup, %function
 165              	ClockSetup:
 166              	.LFB5:
 212:Generated_Source\PSoC4/cyfitter_cfg.c **** 
 167              		.loc 1 212 0
 168              		.cfi_startproc
 169              		@ args = 0, pretend = 0, frame = 0
 170              		@ frame_needed = 0, uses_anonymous_args = 0
 171 0000 10B5     		push	{r4, lr}
 172              		.cfi_def_cfa_offset 8
 173              		.cfi_offset 4, -8
 174              		.cfi_offset 14, -4
 215:Generated_Source\PSoC4/cyfitter_cfg.c **** 	/* Setup and trim IMO based on desired frequency. */
 175              		.loc 1 215 0
 176 0002 1222     		movs	r2, #18
 177 0004 114B     		ldr	r3, .L11
 178 0006 1A60     		str	r2, [r3]
 217:Generated_Source\PSoC4/cyfitter_cfg.c **** 	/* CYDEV_CLK_ILO_CONFIG Starting address: CYDEV_CLK_ILO_CONFIG */
 179              		.loc 1 217 0
 180 0008 3020     		movs	r0, #48
 181 000a FFF7FEFF 		bl	CySysClkWriteImoFreq
 182              	.LVL15:
ARM GAS  C:\Users\HP1\AppData\Local\Temp\ccaOZQRE.s 			page 9


 219:Generated_Source\PSoC4/cyfitter_cfg.c **** 
 183              		.loc 1 219 0
 184 000e 104A     		ldr	r2, .L11+4
 185 0010 104B     		ldr	r3, .L11+8
 186 0012 1A60     		str	r2, [r3]
 223:Generated_Source\PSoC4/cyfitter_cfg.c **** 	CY_SET_REG32((void *)CYREG_PERI_DIV_CMD, 0x8000FF40u);
 187              		.loc 1 223 0
 188 0014 104A     		ldr	r2, .L11+12
 189 0016 114B     		ldr	r3, .L11+16
 190 0018 1A60     		str	r2, [r3]
 224:Generated_Source\PSoC4/cyfitter_cfg.c **** 
 191              		.loc 1 224 0
 192 001a 114A     		ldr	r2, .L11+20
 193 001c 114B     		ldr	r3, .L11+24
 194 001e 1A60     		str	r2, [r3]
 227:Generated_Source\PSoC4/cyfitter_cfg.c **** 
 195              		.loc 1 227 0
 196 0020 8022     		movs	r2, #128
 197 0022 1206     		lsls	r2, r2, #24
 198 0024 104B     		ldr	r3, .L11+28
 199 0026 1A60     		str	r2, [r3]
 230:Generated_Source\PSoC4/cyfitter_cfg.c **** 
 200              		.loc 1 230 0
 201 0028 8022     		movs	r2, #128
 202 002a D202     		lsls	r2, r2, #11
 203 002c 0F4B     		ldr	r3, .L11+32
 204 002e 1A60     		str	r2, [r3]
 233:Generated_Source\PSoC4/cyfitter_cfg.c **** 
 205              		.loc 1 233 0
 206 0030 4022     		movs	r2, #64
 207 0032 0F4B     		ldr	r3, .L11+36
 208 0034 1A60     		str	r2, [r3]
 235:Generated_Source\PSoC4/cyfitter_cfg.c **** 	CyIntEnable(7u);
 209              		.loc 1 235 0
 210 0036 0F49     		ldr	r1, .L11+40
 211 0038 0720     		movs	r0, #7
 212 003a FFF7FEFF 		bl	CyIntSetVector
 213              	.LVL16:
 236:Generated_Source\PSoC4/cyfitter_cfg.c **** 	CY_SET_REG32((void *)(CYREG_WDT_CONFIG), 0x00000000u);
 214              		.loc 1 236 0
 215 003e 0720     		movs	r0, #7
 216 0040 FFF7FEFF 		bl	CyIntEnable
 217              	.LVL17:
 237:Generated_Source\PSoC4/cyfitter_cfg.c **** }
 218              		.loc 1 237 0
 219 0044 0022     		movs	r2, #0
 220 0046 0C4B     		ldr	r3, .L11+44
 221 0048 1A60     		str	r2, [r3]
 238:Generated_Source\PSoC4/cyfitter_cfg.c **** 
 222              		.loc 1 238 0
 223              		@ sp needed
 224 004a 10BD     		pop	{r4, pc}
 225              	.L12:
 226              		.align	2
 227              	.L11:
 228 004c 30001040 		.word	1074790448
 229 0050 06000080 		.word	-2147483642
ARM GAS  C:\Users\HP1\AppData\Local\Temp\ccaOZQRE.s 			page 10


 230 0054 04010B40 		.word	1074462980
 231 0058 007FBB00 		.word	12287744
 232 005c 00030140 		.word	1073808128
 233 0060 40FF0080 		.word	-2147418304
 234 0064 00000140 		.word	1073807360
 235 0068 08010B40 		.word	1074462984
 236 006c 00010B40 		.word	1074462976
 237 0070 4C010140 		.word	1073807692
 238 0074 00000000 		.word	CySysWdtIsr
 239 0078 0C020B40 		.word	1074463244
 240              		.cfi_endproc
 241              	.LFE5:
 242              		.size	ClockSetup, .-ClockSetup
 243              		.align	2
 244              		.global	cyfitter_cfg
 245              		.code	16
 246              		.thumb_func
 247              		.type	cyfitter_cfg, %function
 248              	cyfitter_cfg:
 249              	.LFB7:
 266:Generated_Source\PSoC4/cyfitter_cfg.c **** 
 267:Generated_Source\PSoC4/cyfitter_cfg.c **** 
 268:Generated_Source\PSoC4/cyfitter_cfg.c **** 
 269:Generated_Source\PSoC4/cyfitter_cfg.c **** 
 270:Generated_Source\PSoC4/cyfitter_cfg.c **** /*******************************************************************************
 271:Generated_Source\PSoC4/cyfitter_cfg.c **** * Function Name: cyfitter_cfg
 272:Generated_Source\PSoC4/cyfitter_cfg.c **** ********************************************************************************
 273:Generated_Source\PSoC4/cyfitter_cfg.c **** * Summary:
 274:Generated_Source\PSoC4/cyfitter_cfg.c **** *  This function is called by the start-up code for the selected device. It
 275:Generated_Source\PSoC4/cyfitter_cfg.c **** *  performs all of the necessary device configuration based on the design
 276:Generated_Source\PSoC4/cyfitter_cfg.c **** *  settings.  This includes settings from the Design Wide Resources (DWR) such
 277:Generated_Source\PSoC4/cyfitter_cfg.c **** *  as Clocks and Pins as well as any component configuration that is necessary.
 278:Generated_Source\PSoC4/cyfitter_cfg.c **** *
 279:Generated_Source\PSoC4/cyfitter_cfg.c **** * Parameters:
 280:Generated_Source\PSoC4/cyfitter_cfg.c **** *   void
 281:Generated_Source\PSoC4/cyfitter_cfg.c **** *
 282:Generated_Source\PSoC4/cyfitter_cfg.c **** * Return:
 283:Generated_Source\PSoC4/cyfitter_cfg.c **** *   void
 284:Generated_Source\PSoC4/cyfitter_cfg.c **** *
 285:Generated_Source\PSoC4/cyfitter_cfg.c **** *******************************************************************************/
 286:Generated_Source\PSoC4/cyfitter_cfg.c **** CY_CFG_SECTION
 287:Generated_Source\PSoC4/cyfitter_cfg.c **** void cyfitter_cfg(void)
 288:Generated_Source\PSoC4/cyfitter_cfg.c **** {
 250              		.loc 1 288 0
 251              		.cfi_startproc
 252              		@ args = 0, pretend = 0, frame = 0
 253              		@ frame_needed = 0, uses_anonymous_args = 0
 254 007c 10B5     		push	{r4, lr}
 255              		.cfi_def_cfa_offset 8
 256              		.cfi_offset 4, -8
 257              		.cfi_offset 14, -4
 289:Generated_Source\PSoC4/cyfitter_cfg.c **** 	/* Disable interrupts by default. Let user enable if/when they want. */
 290:Generated_Source\PSoC4/cyfitter_cfg.c **** 	CyGlobalIntDisable;
 258              		.loc 1 290 0
 259              		.syntax divided
 260              	@ 290 "Generated_Source\PSoC4\cyfitter_cfg.c" 1
 261 007e 72B6     		CPSID   i
ARM GAS  C:\Users\HP1\AppData\Local\Temp\ccaOZQRE.s 			page 11


 262              	@ 0 "" 2
 263              	.LVL18:
 264              		.thumb
 265              		.syntax unified
 266              	.LBB3:
 291:Generated_Source\PSoC4/cyfitter_cfg.c **** 
 292:Generated_Source\PSoC4/cyfitter_cfg.c **** 	{
 293:Generated_Source\PSoC4/cyfitter_cfg.c **** 		static const uint32 CYCODE cy_cfg_addr_table[] = {
 294:Generated_Source\PSoC4/cyfitter_cfg.c **** 			0x400F3015u, /* Base address: 0x400F3000 Count: 21 */
 295:Generated_Source\PSoC4/cyfitter_cfg.c **** 			0x400F3110u, /* Base address: 0x400F3100 Count: 16 */
 296:Generated_Source\PSoC4/cyfitter_cfg.c **** 			0x400F3305u, /* Base address: 0x400F3300 Count: 5 */
 297:Generated_Source\PSoC4/cyfitter_cfg.c **** 			0x400F400Eu, /* Base address: 0x400F4000 Count: 14 */
 298:Generated_Source\PSoC4/cyfitter_cfg.c **** 			0x400F4104u, /* Base address: 0x400F4100 Count: 4 */
 299:Generated_Source\PSoC4/cyfitter_cfg.c **** 			0x400F6002u, /* Base address: 0x400F6000 Count: 2 */
 300:Generated_Source\PSoC4/cyfitter_cfg.c **** 		};
 301:Generated_Source\PSoC4/cyfitter_cfg.c **** 
 302:Generated_Source\PSoC4/cyfitter_cfg.c **** 		static const cy_cfg_addrvalue_t CYCODE cy_cfg_data_table[] = {
 303:Generated_Source\PSoC4/cyfitter_cfg.c **** 			{0x90u, 0x24u},
 304:Generated_Source\PSoC4/cyfitter_cfg.c **** 			{0x92u, 0x08u},
 305:Generated_Source\PSoC4/cyfitter_cfg.c **** 			{0x9Bu, 0x03u},
 306:Generated_Source\PSoC4/cyfitter_cfg.c **** 			{0x9Cu, 0x11u},
 307:Generated_Source\PSoC4/cyfitter_cfg.c **** 			{0x9Du, 0x01u},
 308:Generated_Source\PSoC4/cyfitter_cfg.c **** 			{0x9Eu, 0x02u},
 309:Generated_Source\PSoC4/cyfitter_cfg.c **** 			{0xA4u, 0x09u},
 310:Generated_Source\PSoC4/cyfitter_cfg.c **** 			{0xA6u, 0x06u},
 311:Generated_Source\PSoC4/cyfitter_cfg.c **** 			{0xB0u, 0x03u},
 312:Generated_Source\PSoC4/cyfitter_cfg.c **** 			{0xB1u, 0x02u},
 313:Generated_Source\PSoC4/cyfitter_cfg.c **** 			{0xB2u, 0x20u},
 314:Generated_Source\PSoC4/cyfitter_cfg.c **** 			{0xB4u, 0x10u},
 315:Generated_Source\PSoC4/cyfitter_cfg.c **** 			{0xB5u, 0x01u},
 316:Generated_Source\PSoC4/cyfitter_cfg.c **** 			{0xB6u, 0x0Cu},
 317:Generated_Source\PSoC4/cyfitter_cfg.c **** 			{0xB9u, 0x28u},
 318:Generated_Source\PSoC4/cyfitter_cfg.c **** 			{0xBBu, 0x02u},
 319:Generated_Source\PSoC4/cyfitter_cfg.c **** 			{0xBCu, 0x82u},
 320:Generated_Source\PSoC4/cyfitter_cfg.c **** 			{0xBEu, 0x14u},
 321:Generated_Source\PSoC4/cyfitter_cfg.c **** 			{0xD8u, 0x0Au},
 322:Generated_Source\PSoC4/cyfitter_cfg.c **** 			{0xD9u, 0x04u},
 323:Generated_Source\PSoC4/cyfitter_cfg.c **** 			{0xDFu, 0x01u},
 324:Generated_Source\PSoC4/cyfitter_cfg.c **** 			{0x0Eu, 0x82u},
 325:Generated_Source\PSoC4/cyfitter_cfg.c **** 			{0x14u, 0x10u},
 326:Generated_Source\PSoC4/cyfitter_cfg.c **** 			{0x1Du, 0x20u},
 327:Generated_Source\PSoC4/cyfitter_cfg.c **** 			{0x1Eu, 0xA2u},
 328:Generated_Source\PSoC4/cyfitter_cfg.c **** 			{0x26u, 0x20u},
 329:Generated_Source\PSoC4/cyfitter_cfg.c **** 			{0x27u, 0x60u},
 330:Generated_Source\PSoC4/cyfitter_cfg.c **** 			{0x37u, 0x60u},
 331:Generated_Source\PSoC4/cyfitter_cfg.c **** 			{0x7Eu, 0xA0u},
 332:Generated_Source\PSoC4/cyfitter_cfg.c **** 			{0x81u, 0x20u},
 333:Generated_Source\PSoC4/cyfitter_cfg.c **** 			{0x86u, 0x80u},
 334:Generated_Source\PSoC4/cyfitter_cfg.c **** 			{0x8Au, 0x10u},
 335:Generated_Source\PSoC4/cyfitter_cfg.c **** 			{0xC2u, 0x90u},
 336:Generated_Source\PSoC4/cyfitter_cfg.c **** 			{0xC4u, 0x20u},
 337:Generated_Source\PSoC4/cyfitter_cfg.c **** 			{0xCCu, 0x30u},
 338:Generated_Source\PSoC4/cyfitter_cfg.c **** 			{0xDEu, 0xC0u},
 339:Generated_Source\PSoC4/cyfitter_cfg.c **** 			{0xE2u, 0x80u},
 340:Generated_Source\PSoC4/cyfitter_cfg.c **** 			{0xAEu, 0x40u},
 341:Generated_Source\PSoC4/cyfitter_cfg.c **** 			{0xB0u, 0x10u},
 342:Generated_Source\PSoC4/cyfitter_cfg.c **** 			{0xB6u, 0x01u},
ARM GAS  C:\Users\HP1\AppData\Local\Temp\ccaOZQRE.s 			page 12


 343:Generated_Source\PSoC4/cyfitter_cfg.c **** 			{0xE8u, 0x20u},
 344:Generated_Source\PSoC4/cyfitter_cfg.c **** 			{0xEAu, 0x10u},
 345:Generated_Source\PSoC4/cyfitter_cfg.c **** 			{0x0Bu, 0x08u},
 346:Generated_Source\PSoC4/cyfitter_cfg.c **** 			{0x0Eu, 0x80u},
 347:Generated_Source\PSoC4/cyfitter_cfg.c **** 			{0x52u, 0x80u},
 348:Generated_Source\PSoC4/cyfitter_cfg.c **** 			{0x55u, 0x01u},
 349:Generated_Source\PSoC4/cyfitter_cfg.c **** 			{0x56u, 0x20u},
 350:Generated_Source\PSoC4/cyfitter_cfg.c **** 			{0x58u, 0x10u},
 351:Generated_Source\PSoC4/cyfitter_cfg.c **** 			{0x82u, 0x20u},
 352:Generated_Source\PSoC4/cyfitter_cfg.c **** 			{0x87u, 0x04u},
 353:Generated_Source\PSoC4/cyfitter_cfg.c **** 			{0x8Au, 0x80u},
 354:Generated_Source\PSoC4/cyfitter_cfg.c **** 			{0xC2u, 0x60u},
 355:Generated_Source\PSoC4/cyfitter_cfg.c **** 			{0xD4u, 0xE0u},
 356:Generated_Source\PSoC4/cyfitter_cfg.c **** 			{0xD6u, 0x20u},
 357:Generated_Source\PSoC4/cyfitter_cfg.c **** 			{0xE2u, 0x20u},
 358:Generated_Source\PSoC4/cyfitter_cfg.c **** 			{0xE4u, 0x10u},
 359:Generated_Source\PSoC4/cyfitter_cfg.c **** 			{0xACu, 0x10u},
 360:Generated_Source\PSoC4/cyfitter_cfg.c **** 			{0xB2u, 0x40u},
 361:Generated_Source\PSoC4/cyfitter_cfg.c **** 			{0xB5u, 0x01u},
 362:Generated_Source\PSoC4/cyfitter_cfg.c **** 			{0xEEu, 0x40u},
 363:Generated_Source\PSoC4/cyfitter_cfg.c **** 			{0x01u, 0x01u},
 364:Generated_Source\PSoC4/cyfitter_cfg.c **** 			{0x10u, 0x01u},
 365:Generated_Source\PSoC4/cyfitter_cfg.c **** 		};
 366:Generated_Source\PSoC4/cyfitter_cfg.c **** 
 367:Generated_Source\PSoC4/cyfitter_cfg.c **** 
 368:Generated_Source\PSoC4/cyfitter_cfg.c **** 
 369:Generated_Source\PSoC4/cyfitter_cfg.c **** 		CYPACKED typedef struct {
 370:Generated_Source\PSoC4/cyfitter_cfg.c **** 			void CYFAR *address;
 371:Generated_Source\PSoC4/cyfitter_cfg.c **** 			uint16 size;
 372:Generated_Source\PSoC4/cyfitter_cfg.c **** 		} CYPACKED_ATTR cfg_memset_t;
 373:Generated_Source\PSoC4/cyfitter_cfg.c **** 
 374:Generated_Source\PSoC4/cyfitter_cfg.c **** 		static const cfg_memset_t CYCODE cfg_memset_list[] = {
 375:Generated_Source\PSoC4/cyfitter_cfg.c **** 			/* address, size */
 376:Generated_Source\PSoC4/cyfitter_cfg.c **** 			{(void CYFAR *)(CYDEV_UDB_P0_U0_BASE), 1024u},
 377:Generated_Source\PSoC4/cyfitter_cfg.c **** 			{(void CYFAR *)(CYDEV_UDB_DSI0_BASE), 1024u},
 378:Generated_Source\PSoC4/cyfitter_cfg.c **** 		};
 379:Generated_Source\PSoC4/cyfitter_cfg.c **** 
 380:Generated_Source\PSoC4/cyfitter_cfg.c **** 		uint8 CYDATA i;
 381:Generated_Source\PSoC4/cyfitter_cfg.c **** 
 382:Generated_Source\PSoC4/cyfitter_cfg.c **** 		/* Zero out critical memory blocks before beginning configuration */
 383:Generated_Source\PSoC4/cyfitter_cfg.c **** 		for (i = 0u; i < (sizeof(cfg_memset_list)/sizeof(cfg_memset_list[0])); i++)
 267              		.loc 1 383 0
 268 0080 0024     		movs	r4, #0
 269 0082 0FE0     		b	.L14
 270              	.LVL19:
 271              	.L15:
 272              	.LBB4:
 384:Generated_Source\PSoC4/cyfitter_cfg.c **** 		{
 385:Generated_Source\PSoC4/cyfitter_cfg.c **** 			const cfg_memset_t CYCODE * CYDATA ms = &cfg_memset_list[i];
 386:Generated_Source\PSoC4/cyfitter_cfg.c **** 			CYMEMZERO(ms->address, (size_t)(uint32)(ms->size));
 273              		.loc 1 386 0 discriminator 3
 274 0084 2448     		ldr	r0, .L16
 275 0086 6200     		lsls	r2, r4, #1
 276 0088 1319     		adds	r3, r2, r4
 277 008a 5900     		lsls	r1, r3, #1
 278 008c 0B00     		movs	r3, r1
 279 008e 4118     		adds	r1, r0, r1
ARM GAS  C:\Users\HP1\AppData\Local\Temp\ccaOZQRE.s 			page 13


 280 0090 8988     		ldrh	r1, [r1, #4]
 281 0092 1A5A     		ldrh	r2, [r3, r0]
 282 0094 C318     		adds	r3, r0, r3
 283 0096 5888     		ldrh	r0, [r3, #2]
 284 0098 0004     		lsls	r0, r0, #16
 285 009a 1043     		orrs	r0, r2
 286 009c FFF7FEFF 		bl	CYMEMZERO
 287              	.LVL20:
 288              	.LBE4:
 383:Generated_Source\PSoC4/cyfitter_cfg.c **** 		{
 289              		.loc 1 383 0 discriminator 3
 290 00a0 0134     		adds	r4, r4, #1
 291              	.LVL21:
 292 00a2 E4B2     		uxtb	r4, r4
 293              	.LVL22:
 294              	.L14:
 383:Generated_Source\PSoC4/cyfitter_cfg.c **** 		{
 295              		.loc 1 383 0 is_stmt 0 discriminator 1
 296 00a4 012C     		cmp	r4, #1
 297 00a6 EDD9     		bls	.L15
 387:Generated_Source\PSoC4/cyfitter_cfg.c **** 		}
 388:Generated_Source\PSoC4/cyfitter_cfg.c **** 
 389:Generated_Source\PSoC4/cyfitter_cfg.c **** 		cfg_write_bytes32(cy_cfg_addr_table, cy_cfg_data_table);
 298              		.loc 1 389 0 is_stmt 1
 299 00a8 1B49     		ldr	r1, .L16
 300 00aa 0C31     		adds	r1, r1, #12
 301 00ac 1B48     		ldr	r0, .L16+4
 302 00ae 0830     		adds	r0, r0, #8
 303 00b0 FFF7FEFF 		bl	cfg_write_bytes32
 304              	.LVL23:
 390:Generated_Source\PSoC4/cyfitter_cfg.c **** 
 391:Generated_Source\PSoC4/cyfitter_cfg.c **** 		/* HSIOM Starting address: CYDEV_HSIOM_BASE */
 392:Generated_Source\PSoC4/cyfitter_cfg.c **** 		CY_SET_REG32((void *)(CYDEV_HSIOM_BASE), 0x00003333u);
 305              		.loc 1 392 0
 306 00b4 1A4A     		ldr	r2, .L16+8
 307 00b6 1B4B     		ldr	r3, .L16+12
 308 00b8 1A60     		str	r2, [r3]
 393:Generated_Source\PSoC4/cyfitter_cfg.c **** 		CY_SET_REG32((void *)(CYREG_HSIOM_PORT_SEL3), 0x0000EE00u);
 309              		.loc 1 393 0
 310 00ba EE22     		movs	r2, #238
 311 00bc 1202     		lsls	r2, r2, #8
 312 00be 1A4B     		ldr	r3, .L16+16
 313 00c0 1A60     		str	r2, [r3]
 394:Generated_Source\PSoC4/cyfitter_cfg.c **** 
 395:Generated_Source\PSoC4/cyfitter_cfg.c **** 		/* UDB_PA_0 Starting address: CYDEV_UDB_PA0_BASE */
 396:Generated_Source\PSoC4/cyfitter_cfg.c **** 		CY_SET_REG32((void *)(CYDEV_UDB_PA0_BASE), 0x00990000u);
 314              		.loc 1 396 0
 315 00c2 9923     		movs	r3, #153
 316 00c4 1B04     		lsls	r3, r3, #16
 317 00c6 194A     		ldr	r2, .L16+20
 318 00c8 1360     		str	r3, [r2]
 397:Generated_Source\PSoC4/cyfitter_cfg.c **** 		CY_SET_REG32((void *)(CYREG_UDB_PA0_CFG8), 0x00E10000u);
 319              		.loc 1 397 0
 320 00ca E121     		movs	r1, #225
 321 00cc 0904     		lsls	r1, r1, #16
 322 00ce 184A     		ldr	r2, .L16+24
 323 00d0 1160     		str	r1, [r2]
ARM GAS  C:\Users\HP1\AppData\Local\Temp\ccaOZQRE.s 			page 14


 398:Generated_Source\PSoC4/cyfitter_cfg.c **** 
 399:Generated_Source\PSoC4/cyfitter_cfg.c **** 		/* UDB_PA_3 Starting address: CYDEV_UDB_PA3_BASE */
 400:Generated_Source\PSoC4/cyfitter_cfg.c **** 		CY_SET_REG32((void *)(CYDEV_UDB_PA3_BASE), 0x00990000u);
 324              		.loc 1 400 0
 325 00d2 184A     		ldr	r2, .L16+28
 326 00d4 1360     		str	r3, [r2]
 401:Generated_Source\PSoC4/cyfitter_cfg.c **** 
 402:Generated_Source\PSoC4/cyfitter_cfg.c **** 		/* UDB_P0_U1_CFG24 Starting address: CYDEV_UDB_P0_U1_CFG24 */
 403:Generated_Source\PSoC4/cyfitter_cfg.c **** 		CY_SET_REG32((void *)(CYREG_UDB_P0_U1_CFG24), 0x0000C4CAu);
 327              		.loc 1 403 0
 328 00d6 184A     		ldr	r2, .L16+32
 329 00d8 184B     		ldr	r3, .L16+36
 330 00da 1A60     		str	r2, [r3]
 404:Generated_Source\PSoC4/cyfitter_cfg.c **** 
 405:Generated_Source\PSoC4/cyfitter_cfg.c **** 		/* Enable UDB array and digital routing */
 406:Generated_Source\PSoC4/cyfitter_cfg.c **** 		CY_SET_XTND_REG8((void *)CYREG_UDB_UDBIF_WAIT_CFG, (uint8)((CY_GET_XTND_REG8((void *)CYREG_UDB_UD
 331              		.loc 1 406 0
 332 00dc 1849     		ldr	r1, .L16+40
 333 00de 0B78     		ldrb	r3, [r1]
 334 00e0 3C22     		movs	r2, #60
 335 00e2 9343     		bics	r3, r2
 336 00e4 1422     		movs	r2, #20
 337 00e6 1343     		orrs	r3, r2
 338 00e8 DBB2     		uxtb	r3, r3
 339 00ea 0B70     		strb	r3, [r1]
 407:Generated_Source\PSoC4/cyfitter_cfg.c **** 		CY_SET_XTND_REG8((void *)CYREG_UDB_UDBIF_BANK_CTL, (uint8)(CY_GET_XTND_REG8((void *)CYREG_UDB_UDB
 340              		.loc 1 407 0
 341 00ec 154A     		ldr	r2, .L16+44
 342 00ee 1178     		ldrb	r1, [r2]
 343 00f0 1623     		movs	r3, #22
 344 00f2 0B43     		orrs	r3, r1
 345 00f4 DBB2     		uxtb	r3, r3
 346 00f6 1370     		strb	r3, [r2]
 347              	.LBE3:
 408:Generated_Source\PSoC4/cyfitter_cfg.c **** 	}
 409:Generated_Source\PSoC4/cyfitter_cfg.c **** 
 410:Generated_Source\PSoC4/cyfitter_cfg.c **** 	/* Perform second pass device configuration. These items must be configured in specific order afte
 411:Generated_Source\PSoC4/cyfitter_cfg.c **** 	/* IOPINS0_0 Starting address: CYDEV_GPIO_PRT0_BASE */
 412:Generated_Source\PSoC4/cyfitter_cfg.c **** 	CY_SET_REG32((void *)(CYDEV_GPIO_PRT0_BASE), 0x0000000Fu);
 348              		.loc 1 412 0
 349 00f8 0F22     		movs	r2, #15
 350 00fa 134B     		ldr	r3, .L16+48
 351 00fc 1A60     		str	r2, [r3]
 413:Generated_Source\PSoC4/cyfitter_cfg.c **** 	CY_SET_REG32((void *)(CYREG_GPIO_PRT0_PC), 0x00048DB6u);
 352              		.loc 1 413 0
 353 00fe 134A     		ldr	r2, .L16+52
 354 0100 134B     		ldr	r3, .L16+56
 355 0102 1A60     		str	r2, [r3]
 414:Generated_Source\PSoC4/cyfitter_cfg.c **** 
 415:Generated_Source\PSoC4/cyfitter_cfg.c **** 	/* IOPINS0_3 Starting address: CYDEV_GPIO_PRT3_BASE */
 416:Generated_Source\PSoC4/cyfitter_cfg.c **** 	CY_SET_REG32((void *)(CYREG_GPIO_PRT3_PC), 0x00000D80u);
 356              		.loc 1 416 0
 357 0104 D822     		movs	r2, #216
 358 0106 1201     		lsls	r2, r2, #4
 359 0108 124B     		ldr	r3, .L16+60
 360 010a 1A60     		str	r2, [r3]
 417:Generated_Source\PSoC4/cyfitter_cfg.c **** 
ARM GAS  C:\Users\HP1\AppData\Local\Temp\ccaOZQRE.s 			page 15


 418:Generated_Source\PSoC4/cyfitter_cfg.c **** 
 419:Generated_Source\PSoC4/cyfitter_cfg.c **** 	/* Setup clocks based on selections from Clock DWR */
 420:Generated_Source\PSoC4/cyfitter_cfg.c **** 	ClockSetup();
 361              		.loc 1 420 0
 362 010c FFF778FF 		bl	ClockSetup
 363              	.LVL24:
 421:Generated_Source\PSoC4/cyfitter_cfg.c **** 
 422:Generated_Source\PSoC4/cyfitter_cfg.c **** 	/* Perform basic analog initialization to defaults */
 423:Generated_Source\PSoC4/cyfitter_cfg.c **** 	AnalogSetDefault();
 364              		.loc 1 423 0
 365 0110 FFF7FEFF 		bl	AnalogSetDefault
 366              	.LVL25:
 424:Generated_Source\PSoC4/cyfitter_cfg.c **** 
 425:Generated_Source\PSoC4/cyfitter_cfg.c **** }
 367              		.loc 1 425 0
 368              		@ sp needed
 369              	.LVL26:
 370 0114 10BD     		pop	{r4, pc}
 371              	.L17:
 372 0116 C046     		.align	2
 373              	.L16:
 374 0118 00000000 		.word	.LANCHOR0
 375 011c 80000000 		.word	.LANCHOR1
 376 0120 33330000 		.word	13107
 377 0124 00000240 		.word	1073872896
 378 0128 00030240 		.word	1073873664
 379 012c 00500F40 		.word	1074745344
 380 0130 08500F40 		.word	1074745352
 381 0134 30500F40 		.word	1074745392
 382 0138 CAC40000 		.word	50378
 383 013c D8300F40 		.word	1074737368
 384 0140 01700F40 		.word	1074753537
 385 0144 00700F40 		.word	1074753536
 386 0148 00000440 		.word	1074003968
 387 014c B68D0400 		.word	298422
 388 0150 08000440 		.word	1074003976
 389 0154 08030440 		.word	1074004744
 390              		.cfi_endproc
 391              	.LFE7:
 392              		.size	cyfitter_cfg, .-cyfitter_cfg
 393              		.section	.rodata
 394              		.align	2
 395              		.set	.LANCHOR0,. + 0
 396              		.set	.LANCHOR1,. + 128
 397              		.type	cfg_memset_list.4911, %object
 398              		.size	cfg_memset_list.4911, 12
 399              	cfg_memset_list.4911:
 400 0000 00300F40 		.word	1074737152
 401 0004 0004     		.short	1024
 402 0006 00400F40 		.4byte	1074741248
 403 000a 0004     		.short	1024
 404              		.type	cy_cfg_data_table.4906, %object
 405              		.size	cy_cfg_data_table.4906, 124
 406              	cy_cfg_data_table.4906:
 407 000c 90       		.byte	-112
 408 000d 24       		.byte	36
 409 000e 92       		.byte	-110
ARM GAS  C:\Users\HP1\AppData\Local\Temp\ccaOZQRE.s 			page 16


 410 000f 08       		.byte	8
 411 0010 9B       		.byte	-101
 412 0011 03       		.byte	3
 413 0012 9C       		.byte	-100
 414 0013 11       		.byte	17
 415 0014 9D       		.byte	-99
 416 0015 01       		.byte	1
 417 0016 9E       		.byte	-98
 418 0017 02       		.byte	2
 419 0018 A4       		.byte	-92
 420 0019 09       		.byte	9
 421 001a A6       		.byte	-90
 422 001b 06       		.byte	6
 423 001c B0       		.byte	-80
 424 001d 03       		.byte	3
 425 001e B1       		.byte	-79
 426 001f 02       		.byte	2
 427 0020 B2       		.byte	-78
 428 0021 20       		.byte	32
 429 0022 B4       		.byte	-76
 430 0023 10       		.byte	16
 431 0024 B5       		.byte	-75
 432 0025 01       		.byte	1
 433 0026 B6       		.byte	-74
 434 0027 0C       		.byte	12
 435 0028 B9       		.byte	-71
 436 0029 28       		.byte	40
 437 002a BB       		.byte	-69
 438 002b 02       		.byte	2
 439 002c BC       		.byte	-68
 440 002d 82       		.byte	-126
 441 002e BE       		.byte	-66
 442 002f 14       		.byte	20
 443 0030 D8       		.byte	-40
 444 0031 0A       		.byte	10
 445 0032 D9       		.byte	-39
 446 0033 04       		.byte	4
 447 0034 DF       		.byte	-33
 448 0035 01       		.byte	1
 449 0036 0E       		.byte	14
 450 0037 82       		.byte	-126
 451 0038 14       		.byte	20
 452 0039 10       		.byte	16
 453 003a 1D       		.byte	29
 454 003b 20       		.byte	32
 455 003c 1E       		.byte	30
 456 003d A2       		.byte	-94
 457 003e 26       		.byte	38
 458 003f 20       		.byte	32
 459 0040 27       		.byte	39
 460 0041 60       		.byte	96
 461 0042 37       		.byte	55
 462 0043 60       		.byte	96
 463 0044 7E       		.byte	126
 464 0045 A0       		.byte	-96
 465 0046 81       		.byte	-127
 466 0047 20       		.byte	32
ARM GAS  C:\Users\HP1\AppData\Local\Temp\ccaOZQRE.s 			page 17


 467 0048 86       		.byte	-122
 468 0049 80       		.byte	-128
 469 004a 8A       		.byte	-118
 470 004b 10       		.byte	16
 471 004c C2       		.byte	-62
 472 004d 90       		.byte	-112
 473 004e C4       		.byte	-60
 474 004f 20       		.byte	32
 475 0050 CC       		.byte	-52
 476 0051 30       		.byte	48
 477 0052 DE       		.byte	-34
 478 0053 C0       		.byte	-64
 479 0054 E2       		.byte	-30
 480 0055 80       		.byte	-128
 481 0056 AE       		.byte	-82
 482 0057 40       		.byte	64
 483 0058 B0       		.byte	-80
 484 0059 10       		.byte	16
 485 005a B6       		.byte	-74
 486 005b 01       		.byte	1
 487 005c E8       		.byte	-24
 488 005d 20       		.byte	32
 489 005e EA       		.byte	-22
 490 005f 10       		.byte	16
 491 0060 0B       		.byte	11
 492 0061 08       		.byte	8
 493 0062 0E       		.byte	14
 494 0063 80       		.byte	-128
 495 0064 52       		.byte	82
 496 0065 80       		.byte	-128
 497 0066 55       		.byte	85
 498 0067 01       		.byte	1
 499 0068 56       		.byte	86
 500 0069 20       		.byte	32
 501 006a 58       		.byte	88
 502 006b 10       		.byte	16
 503 006c 82       		.byte	-126
 504 006d 20       		.byte	32
 505 006e 87       		.byte	-121
 506 006f 04       		.byte	4
 507 0070 8A       		.byte	-118
 508 0071 80       		.byte	-128
 509 0072 C2       		.byte	-62
 510 0073 60       		.byte	96
 511 0074 D4       		.byte	-44
 512 0075 E0       		.byte	-32
 513 0076 D6       		.byte	-42
 514 0077 20       		.byte	32
 515 0078 E2       		.byte	-30
 516 0079 20       		.byte	32
 517 007a E4       		.byte	-28
 518 007b 10       		.byte	16
 519 007c AC       		.byte	-84
 520 007d 10       		.byte	16
 521 007e B2       		.byte	-78
 522 007f 40       		.byte	64
 523 0080 B5       		.byte	-75
ARM GAS  C:\Users\HP1\AppData\Local\Temp\ccaOZQRE.s 			page 18


 524 0081 01       		.byte	1
 525 0082 EE       		.byte	-18
 526 0083 40       		.byte	64
 527 0084 01       		.byte	1
 528 0085 01       		.byte	1
 529 0086 10       		.byte	16
 530 0087 01       		.byte	1
 531              		.type	cy_cfg_addr_table.4905, %object
 532              		.size	cy_cfg_addr_table.4905, 24
 533              	cy_cfg_addr_table.4905:
 534 0088 15300F40 		.word	1074737173
 535 008c 10310F40 		.word	1074737424
 536 0090 05330F40 		.word	1074737925
 537 0094 0E400F40 		.word	1074741262
 538 0098 04410F40 		.word	1074741508
 539 009c 02600F40 		.word	1074749442
 540              		.text
 541              	.Letext0:
 542              		.file 2 "d:\\psoc\\psoc creator\\4.4\\psoc creator\\import\\gnu\\arm\\5.4.1\\lib\\gcc\\arm-none-ea
 543              		.file 3 "Generated_Source\\PSoC4\\cytypes.h"
 544              		.file 4 "Generated_Source\\PSoC4\\CyLib.h"
 545              		.section	.debug_info,"",%progbits
 546              	.Ldebug_info0:
 547 0000 B8030000 		.4byte	0x3b8
 548 0004 0400     		.2byte	0x4
 549 0006 00000000 		.4byte	.Ldebug_abbrev0
 550 000a 04       		.byte	0x4
 551 000b 01       		.uleb128 0x1
 552 000c 6E010000 		.4byte	.LASF39
 553 0010 0C       		.byte	0xc
 554 0011 9B020000 		.4byte	.LASF40
 555 0015 41010000 		.4byte	.LASF41
 556 0019 00000000 		.4byte	.Ldebug_ranges0+0
 557 001d 00000000 		.4byte	0
 558 0021 00000000 		.4byte	.Ldebug_line0
 559 0025 02       		.uleb128 0x2
 560 0026 04       		.byte	0x4
 561 0027 05       		.byte	0x5
 562 0028 696E7400 		.ascii	"int\000"
 563 002c 03       		.uleb128 0x3
 564 002d 06000000 		.4byte	.LASF12
 565 0031 02       		.byte	0x2
 566 0032 D8       		.byte	0xd8
 567 0033 37000000 		.4byte	0x37
 568 0037 04       		.uleb128 0x4
 569 0038 04       		.byte	0x4
 570 0039 07       		.byte	0x7
 571 003a 08010000 		.4byte	.LASF0
 572 003e 04       		.uleb128 0x4
 573 003f 08       		.byte	0x8
 574 0040 05       		.byte	0x5
 575 0041 2E020000 		.4byte	.LASF1
 576 0045 04       		.uleb128 0x4
 577 0046 08       		.byte	0x8
 578 0047 04       		.byte	0x4
 579 0048 83020000 		.4byte	.LASF2
 580 004c 04       		.uleb128 0x4
ARM GAS  C:\Users\HP1\AppData\Local\Temp\ccaOZQRE.s 			page 19


 581 004d 01       		.byte	0x1
 582 004e 06       		.byte	0x6
 583 004f 8F020000 		.4byte	.LASF3
 584 0053 04       		.uleb128 0x4
 585 0054 01       		.byte	0x1
 586 0055 08       		.byte	0x8
 587 0056 AA000000 		.4byte	.LASF4
 588 005a 04       		.uleb128 0x4
 589 005b 02       		.byte	0x2
 590 005c 05       		.byte	0x5
 591 005d 5B020000 		.4byte	.LASF5
 592 0061 04       		.uleb128 0x4
 593 0062 02       		.byte	0x2
 594 0063 07       		.byte	0x7
 595 0064 1B020000 		.4byte	.LASF6
 596 0068 04       		.uleb128 0x4
 597 0069 04       		.byte	0x4
 598 006a 05       		.byte	0x5
 599 006b 7A020000 		.4byte	.LASF7
 600 006f 04       		.uleb128 0x4
 601 0070 04       		.byte	0x4
 602 0071 07       		.byte	0x7
 603 0072 88000000 		.4byte	.LASF8
 604 0076 04       		.uleb128 0x4
 605 0077 08       		.byte	0x8
 606 0078 07       		.byte	0x7
 607 0079 2A010000 		.4byte	.LASF9
 608 007d 04       		.uleb128 0x4
 609 007e 04       		.byte	0x4
 610 007f 07       		.byte	0x7
 611 0080 12020000 		.4byte	.LASF10
 612 0084 05       		.uleb128 0x5
 613 0085 04       		.byte	0x4
 614 0086 04       		.uleb128 0x4
 615 0087 01       		.byte	0x1
 616 0088 08       		.byte	0x8
 617 0089 3C020000 		.4byte	.LASF11
 618 008d 06       		.uleb128 0x6
 619 008e 9A000000 		.4byte	.LASF13
 620 0092 03       		.byte	0x3
 621 0093 FB01     		.2byte	0x1fb
 622 0095 53000000 		.4byte	0x53
 623 0099 06       		.uleb128 0x6
 624 009a EF000000 		.4byte	.LASF14
 625 009e 03       		.byte	0x3
 626 009f FC01     		.2byte	0x1fc
 627 00a1 61000000 		.4byte	0x61
 628 00a5 06       		.uleb128 0x6
 629 00a6 01010000 		.4byte	.LASF15
 630 00aa 03       		.byte	0x3
 631 00ab FD01     		.2byte	0x1fd
 632 00ad 6F000000 		.4byte	0x6f
 633 00b1 04       		.uleb128 0x4
 634 00b2 04       		.byte	0x4
 635 00b3 04       		.byte	0x4
 636 00b4 68000000 		.4byte	.LASF16
 637 00b8 04       		.uleb128 0x4
ARM GAS  C:\Users\HP1\AppData\Local\Temp\ccaOZQRE.s 			page 20


 638 00b9 08       		.byte	0x8
 639 00ba 04       		.byte	0x4
 640 00bb BF000000 		.4byte	.LASF17
 641 00bf 06       		.uleb128 0x6
 642 00c0 83000000 		.4byte	.LASF18
 643 00c4 03       		.byte	0x3
 644 00c5 A502     		.2byte	0x2a5
 645 00c7 CB000000 		.4byte	0xcb
 646 00cb 07       		.uleb128 0x7
 647 00cc 8D000000 		.4byte	0x8d
 648 00d0 06       		.uleb128 0x6
 649 00d1 00000000 		.4byte	.LASF19
 650 00d5 03       		.byte	0x3
 651 00d6 A702     		.2byte	0x2a7
 652 00d8 DC000000 		.4byte	0xdc
 653 00dc 07       		.uleb128 0x7
 654 00dd A5000000 		.4byte	0xa5
 655 00e1 08       		.uleb128 0x8
 656 00e2 02       		.byte	0x2
 657 00e3 01       		.byte	0x1
 658 00e4 97       		.byte	0x97
 659 00e5 02010000 		.4byte	0x102
 660 00e9 09       		.uleb128 0x9
 661 00ea 54020000 		.4byte	.LASF20
 662 00ee 01       		.byte	0x1
 663 00ef 99       		.byte	0x99
 664 00f0 8D000000 		.4byte	0x8d
 665 00f4 00       		.byte	0
 666 00f5 09       		.uleb128 0x9
 667 00f6 2D000000 		.4byte	.LASF21
 668 00fa 01       		.byte	0x1
 669 00fb 9A       		.byte	0x9a
 670 00fc 8D000000 		.4byte	0x8d
 671 0100 01       		.byte	0x1
 672 0101 00       		.byte	0
 673 0102 03       		.uleb128 0x3
 674 0103 41020000 		.4byte	.LASF22
 675 0107 01       		.byte	0x1
 676 0108 9B       		.byte	0x9b
 677 0109 E1000000 		.4byte	0xe1
 678 010d 0A       		.uleb128 0xa
 679 010e C6000000 		.4byte	.LASF27
 680 0112 01       		.byte	0x1
 681 0113 AE       		.byte	0xae
 682 0114 00000000 		.4byte	.LFB4
 683 0118 32000000 		.4byte	.LFE4-.LFB4
 684 011c 01       		.uleb128 0x1
 685 011d 9C       		.byte	0x9c
 686 011e 7F010000 		.4byte	0x17f
 687 0122 0B       		.uleb128 0xb
 688 0123 E4000000 		.4byte	.LASF23
 689 0127 01       		.byte	0x1
 690 0128 AE       		.byte	0xae
 691 0129 7F010000 		.4byte	0x17f
 692 012d 01       		.uleb128 0x1
 693 012e 50       		.byte	0x50
 694 012f 0B       		.uleb128 0xb
ARM GAS  C:\Users\HP1\AppData\Local\Temp\ccaOZQRE.s 			page 21


 695 0130 F6000000 		.4byte	.LASF24
 696 0134 01       		.byte	0x1
 697 0135 AE       		.byte	0xae
 698 0136 8A010000 		.4byte	0x18a
 699 013a 01       		.uleb128 0x1
 700 013b 51       		.byte	0x51
 701 013c 0C       		.uleb128 0xc
 702 013d 6900     		.ascii	"i\000"
 703 013f 01       		.byte	0x1
 704 0140 B1       		.byte	0xb1
 705 0141 A5000000 		.4byte	0xa5
 706 0145 00000000 		.4byte	.LLST0
 707 0149 0C       		.uleb128 0xc
 708 014a 6A00     		.ascii	"j\000"
 709 014c 01       		.byte	0x1
 710 014d B1       		.byte	0xb1
 711 014e A5000000 		.4byte	0xa5
 712 0152 1F000000 		.4byte	.LLST1
 713 0156 0D       		.uleb128 0xd
 714 0157 08000000 		.4byte	.LBB2
 715 015b 22000000 		.4byte	.LBE2-.LBB2
 716 015f 0E       		.uleb128 0xe
 717 0160 09020000 		.4byte	.LASF25
 718 0164 01       		.byte	0x1
 719 0165 B4       		.byte	0xb4
 720 0166 A5000000 		.4byte	0xa5
 721 016a 3E000000 		.4byte	.LLST2
 722 016e 0E       		.uleb128 0xe
 723 016f 33000000 		.4byte	.LASF26
 724 0173 01       		.byte	0x1
 725 0174 B5       		.byte	0xb5
 726 0175 8D000000 		.4byte	0x8d
 727 0179 51000000 		.4byte	.LLST3
 728 017d 00       		.byte	0
 729 017e 00       		.byte	0
 730 017f 0F       		.uleb128 0xf
 731 0180 04       		.byte	0x4
 732 0181 85010000 		.4byte	0x185
 733 0185 10       		.uleb128 0x10
 734 0186 A5000000 		.4byte	0xa5
 735 018a 0F       		.uleb128 0xf
 736 018b 04       		.byte	0x4
 737 018c 90010000 		.4byte	0x190
 738 0190 10       		.uleb128 0x10
 739 0191 02010000 		.4byte	0x102
 740 0195 11       		.uleb128 0x11
 741 0196 0D000000 		.4byte	.LASF42
 742 019a 01       		.byte	0x1
 743 019b 0401     		.2byte	0x104
 744 019d 00000000 		.4byte	.LFB6
 745 01a1 20000000 		.4byte	.LFE6-.LFB6
 746 01a5 01       		.uleb128 0x1
 747 01a6 9C       		.byte	0x9c
 748 01a7 0A       		.uleb128 0xa
 749 01a8 A0000000 		.4byte	.LASF28
 750 01ac 01       		.byte	0x1
 751 01ad 4C       		.byte	0x4c
ARM GAS  C:\Users\HP1\AppData\Local\Temp\ccaOZQRE.s 			page 22


 752 01ae 00000000 		.4byte	.LFB1
 753 01b2 0C000000 		.4byte	.LFE1-.LFB1
 754 01b6 01       		.uleb128 0x1
 755 01b7 9C       		.byte	0x9c
 756 01b8 F4010000 		.4byte	0x1f4
 757 01bc 12       		.uleb128 0x12
 758 01bd 7300     		.ascii	"s\000"
 759 01bf 01       		.byte	0x1
 760 01c0 4C       		.byte	0x4c
 761 01c1 84000000 		.4byte	0x84
 762 01c5 6F000000 		.4byte	.LLST4
 763 01c9 12       		.uleb128 0x12
 764 01ca 6E00     		.ascii	"n\000"
 765 01cc 01       		.byte	0x1
 766 01cd 4C       		.byte	0x4c
 767 01ce 2C000000 		.4byte	0x2c
 768 01d2 90000000 		.4byte	.LLST5
 769 01d6 13       		.uleb128 0x13
 770 01d7 0A000000 		.4byte	.LVL14
 771 01db 91030000 		.4byte	0x391
 772 01df 14       		.uleb128 0x14
 773 01e0 01       		.uleb128 0x1
 774 01e1 50       		.byte	0x50
 775 01e2 03       		.uleb128 0x3
 776 01e3 F3       		.byte	0xf3
 777 01e4 01       		.uleb128 0x1
 778 01e5 50       		.byte	0x50
 779 01e6 14       		.uleb128 0x14
 780 01e7 01       		.uleb128 0x1
 781 01e8 51       		.byte	0x51
 782 01e9 01       		.uleb128 0x1
 783 01ea 30       		.byte	0x30
 784 01eb 14       		.uleb128 0x14
 785 01ec 01       		.uleb128 0x1
 786 01ed 52       		.byte	0x52
 787 01ee 03       		.uleb128 0x3
 788 01ef F3       		.byte	0xf3
 789 01f0 01       		.uleb128 0x1
 790 01f1 51       		.byte	0x51
 791 01f2 00       		.byte	0
 792 01f3 00       		.byte	0
 793 01f4 0A       		.uleb128 0xa
 794 01f5 39000000 		.4byte	.LASF29
 795 01f9 01       		.byte	0x1
 796 01fa D3       		.byte	0xd3
 797 01fb 00000000 		.4byte	.LFB5
 798 01ff 7C000000 		.4byte	.LFE5-.LFB5
 799 0203 01       		.uleb128 0x1
 800 0204 9C       		.byte	0x9c
 801 0205 40020000 		.4byte	0x240
 802 0209 15       		.uleb128 0x15
 803 020a 0E000000 		.4byte	.LVL15
 804 020e 9A030000 		.4byte	0x39a
 805 0212 1D020000 		.4byte	0x21d
 806 0216 14       		.uleb128 0x14
 807 0217 01       		.uleb128 0x1
 808 0218 50       		.byte	0x50
ARM GAS  C:\Users\HP1\AppData\Local\Temp\ccaOZQRE.s 			page 23


 809 0219 02       		.uleb128 0x2
 810 021a 08       		.byte	0x8
 811 021b 30       		.byte	0x30
 812 021c 00       		.byte	0
 813 021d 15       		.uleb128 0x15
 814 021e 3E000000 		.4byte	.LVL16
 815 0222 A5030000 		.4byte	0x3a5
 816 0226 30020000 		.4byte	0x230
 817 022a 14       		.uleb128 0x14
 818 022b 01       		.uleb128 0x1
 819 022c 50       		.byte	0x50
 820 022d 01       		.uleb128 0x1
 821 022e 37       		.byte	0x37
 822 022f 00       		.byte	0
 823 0230 13       		.uleb128 0x13
 824 0231 44000000 		.4byte	.LVL17
 825 0235 B0030000 		.4byte	0x3b0
 826 0239 14       		.uleb128 0x14
 827 023a 01       		.uleb128 0x1
 828 023b 50       		.byte	0x50
 829 023c 01       		.uleb128 0x1
 830 023d 37       		.byte	0x37
 831 023e 00       		.byte	0
 832 023f 00       		.byte	0
 833 0240 16       		.uleb128 0x16
 834 0241 15010000 		.4byte	.LASF43
 835 0245 01       		.byte	0x1
 836 0246 1F01     		.2byte	0x11f
 837 0248 7C000000 		.4byte	.LFB7
 838 024c DC000000 		.4byte	.LFE7-.LFB7
 839 0250 01       		.uleb128 0x1
 840 0251 9C       		.byte	0x9c
 841 0252 67030000 		.4byte	0x367
 842 0256 17       		.uleb128 0x17
 843 0257 80000000 		.4byte	.LBB3
 844 025b 78000000 		.4byte	.LBE3-.LBB3
 845 025f 54030000 		.4byte	0x354
 846 0263 18       		.uleb128 0x18
 847 0264 44000000 		.4byte	.LASF30
 848 0268 01       		.byte	0x1
 849 0269 2501     		.2byte	0x125
 850 026b 77030000 		.4byte	0x377
 851 026f 05       		.uleb128 0x5
 852 0270 03       		.byte	0x3
 853 0271 88000000 		.4byte	cy_cfg_addr_table.4905
 854 0275 18       		.uleb128 0x18
 855 0276 56000000 		.4byte	.LASF31
 856 027a 01       		.byte	0x1
 857 027b 2E01     		.2byte	0x12e
 858 027d 8C030000 		.4byte	0x38c
 859 0281 05       		.uleb128 0x5
 860 0282 03       		.byte	0x3
 861 0283 0C000000 		.4byte	cy_cfg_data_table.4906
 862 0287 19       		.uleb128 0x19
 863 0288 06       		.byte	0x6
 864 0289 01       		.byte	0x1
 865 028a 7101     		.2byte	0x171
ARM GAS  C:\Users\HP1\AppData\Local\Temp\ccaOZQRE.s 			page 24


 866 028c AB020000 		.4byte	0x2ab
 867 0290 1A       		.uleb128 0x1a
 868 0291 22010000 		.4byte	.LASF32
 869 0295 01       		.byte	0x1
 870 0296 7201     		.2byte	0x172
 871 0298 84000000 		.4byte	0x84
 872 029c 00       		.byte	0
 873 029d 1A       		.uleb128 0x1a
 874 029e 7E000000 		.4byte	.LASF33
 875 02a2 01       		.byte	0x1
 876 02a3 7301     		.2byte	0x173
 877 02a5 99000000 		.4byte	0x99
 878 02a9 04       		.byte	0x4
 879 02aa 00       		.byte	0
 880 02ab 06       		.uleb128 0x6
 881 02ac FC010000 		.4byte	.LASF34
 882 02b0 01       		.byte	0x1
 883 02b1 7401     		.2byte	0x174
 884 02b3 87020000 		.4byte	0x287
 885 02b7 1B       		.uleb128 0x1b
 886 02b8 C7020000 		.4byte	0x2c7
 887 02bc C7020000 		.4byte	0x2c7
 888 02c0 1C       		.uleb128 0x1c
 889 02c1 7D000000 		.4byte	0x7d
 890 02c5 01       		.byte	0x1
 891 02c6 00       		.byte	0
 892 02c7 10       		.uleb128 0x10
 893 02c8 AB020000 		.4byte	0x2ab
 894 02cc 18       		.uleb128 0x18
 895 02cd 6E000000 		.4byte	.LASF35
 896 02d1 01       		.byte	0x1
 897 02d2 7601     		.2byte	0x176
 898 02d4 DE020000 		.4byte	0x2de
 899 02d8 05       		.uleb128 0x5
 900 02d9 03       		.byte	0x3
 901 02da 00000000 		.4byte	cfg_memset_list.4911
 902 02de 10       		.uleb128 0x10
 903 02df B7020000 		.4byte	0x2b7
 904 02e3 1D       		.uleb128 0x1d
 905 02e4 6900     		.ascii	"i\000"
 906 02e6 01       		.byte	0x1
 907 02e7 7C01     		.2byte	0x17c
 908 02e9 8D000000 		.4byte	0x8d
 909 02ed BC000000 		.4byte	.LLST6
 910 02f1 17       		.uleb128 0x17
 911 02f2 84000000 		.4byte	.LBB4
 912 02f6 1C000000 		.4byte	.LBE4-.LBB4
 913 02fa 37030000 		.4byte	0x337
 914 02fe 1D       		.uleb128 0x1d
 915 02ff 6D7300   		.ascii	"ms\000"
 916 0302 01       		.byte	0x1
 917 0303 8101     		.2byte	0x181
 918 0305 0D030000 		.4byte	0x30d
 919 0309 E6000000 		.4byte	.LLST7
 920 030d 0F       		.uleb128 0xf
 921 030e 04       		.byte	0x4
 922 030f C7020000 		.4byte	0x2c7
ARM GAS  C:\Users\HP1\AppData\Local\Temp\ccaOZQRE.s 			page 25


 923 0313 13       		.uleb128 0x13
 924 0314 A0000000 		.4byte	.LVL20
 925 0318 A7010000 		.4byte	0x1a7
 926 031c 14       		.uleb128 0x14
 927 031d 01       		.uleb128 0x1
 928 031e 51       		.byte	0x51
 929 031f 15       		.uleb128 0x15
 930 0320 74       		.byte	0x74
 931 0321 00       		.sleb128 0
 932 0322 31       		.byte	0x31
 933 0323 24       		.byte	0x24
 934 0324 74       		.byte	0x74
 935 0325 00       		.sleb128 0
 936 0326 22       		.byte	0x22
 937 0327 31       		.byte	0x31
 938 0328 24       		.byte	0x24
 939 0329 03       		.byte	0x3
 940 032a 04000000 		.4byte	.LANCHOR0+4
 941 032e 22       		.byte	0x22
 942 032f 94       		.byte	0x94
 943 0330 02       		.byte	0x2
 944 0331 0A       		.byte	0xa
 945 0332 FFFF     		.2byte	0xffff
 946 0334 1A       		.byte	0x1a
 947 0335 00       		.byte	0
 948 0336 00       		.byte	0
 949 0337 13       		.uleb128 0x13
 950 0338 B4000000 		.4byte	.LVL23
 951 033c 0D010000 		.4byte	0x10d
 952 0340 14       		.uleb128 0x14
 953 0341 01       		.uleb128 0x1
 954 0342 50       		.byte	0x50
 955 0343 05       		.uleb128 0x5
 956 0344 03       		.byte	0x3
 957 0345 88000000 		.4byte	.LANCHOR1+8
 958 0349 14       		.uleb128 0x14
 959 034a 01       		.uleb128 0x1
 960 034b 51       		.byte	0x51
 961 034c 05       		.uleb128 0x5
 962 034d 03       		.byte	0x3
 963 034e 0C000000 		.4byte	.LANCHOR0+12
 964 0352 00       		.byte	0
 965 0353 00       		.byte	0
 966 0354 1E       		.uleb128 0x1e
 967 0355 10010000 		.4byte	.LVL24
 968 0359 F4010000 		.4byte	0x1f4
 969 035d 1E       		.uleb128 0x1e
 970 035e 14010000 		.4byte	.LVL25
 971 0362 95010000 		.4byte	0x195
 972 0366 00       		.byte	0
 973 0367 1B       		.uleb128 0x1b
 974 0368 85010000 		.4byte	0x185
 975 036c 77030000 		.4byte	0x377
 976 0370 1C       		.uleb128 0x1c
 977 0371 7D000000 		.4byte	0x7d
 978 0375 05       		.byte	0x5
 979 0376 00       		.byte	0
ARM GAS  C:\Users\HP1\AppData\Local\Temp\ccaOZQRE.s 			page 26


 980 0377 10       		.uleb128 0x10
 981 0378 67030000 		.4byte	0x367
 982 037c 1B       		.uleb128 0x1b
 983 037d 90010000 		.4byte	0x190
 984 0381 8C030000 		.4byte	0x38c
 985 0385 1C       		.uleb128 0x1c
 986 0386 7D000000 		.4byte	0x7d
 987 038a 3D       		.byte	0x3d
 988 038b 00       		.byte	0
 989 038c 10       		.uleb128 0x10
 990 038d 7C030000 		.4byte	0x37c
 991 0391 1F       		.uleb128 0x1f
 992 0392 B8000000 		.4byte	.LASF44
 993 0396 B8000000 		.4byte	.LASF44
 994 039a 20       		.uleb128 0x20
 995 039b 65020000 		.4byte	.LASF36
 996 039f 65020000 		.4byte	.LASF36
 997 03a3 04       		.byte	0x4
 998 03a4 6C       		.byte	0x6c
 999 03a5 20       		.uleb128 0x20
 1000 03a6 1E000000 		.4byte	.LASF37
 1001 03aa 1E000000 		.4byte	.LASF37
 1002 03ae 04       		.byte	0x4
 1003 03af D0       		.byte	0xd0
 1004 03b0 20       		.uleb128 0x20
 1005 03b1 D8000000 		.4byte	.LASF38
 1006 03b5 D8000000 		.4byte	.LASF38
 1007 03b9 04       		.byte	0x4
 1008 03ba D6       		.byte	0xd6
 1009 03bb 00       		.byte	0
 1010              		.section	.debug_abbrev,"",%progbits
 1011              	.Ldebug_abbrev0:
 1012 0000 01       		.uleb128 0x1
 1013 0001 11       		.uleb128 0x11
 1014 0002 01       		.byte	0x1
 1015 0003 25       		.uleb128 0x25
 1016 0004 0E       		.uleb128 0xe
 1017 0005 13       		.uleb128 0x13
 1018 0006 0B       		.uleb128 0xb
 1019 0007 03       		.uleb128 0x3
 1020 0008 0E       		.uleb128 0xe
 1021 0009 1B       		.uleb128 0x1b
 1022 000a 0E       		.uleb128 0xe
 1023 000b 55       		.uleb128 0x55
 1024 000c 17       		.uleb128 0x17
 1025 000d 11       		.uleb128 0x11
 1026 000e 01       		.uleb128 0x1
 1027 000f 10       		.uleb128 0x10
 1028 0010 17       		.uleb128 0x17
 1029 0011 00       		.byte	0
 1030 0012 00       		.byte	0
 1031 0013 02       		.uleb128 0x2
 1032 0014 24       		.uleb128 0x24
 1033 0015 00       		.byte	0
 1034 0016 0B       		.uleb128 0xb
 1035 0017 0B       		.uleb128 0xb
 1036 0018 3E       		.uleb128 0x3e
ARM GAS  C:\Users\HP1\AppData\Local\Temp\ccaOZQRE.s 			page 27


 1037 0019 0B       		.uleb128 0xb
 1038 001a 03       		.uleb128 0x3
 1039 001b 08       		.uleb128 0x8
 1040 001c 00       		.byte	0
 1041 001d 00       		.byte	0
 1042 001e 03       		.uleb128 0x3
 1043 001f 16       		.uleb128 0x16
 1044 0020 00       		.byte	0
 1045 0021 03       		.uleb128 0x3
 1046 0022 0E       		.uleb128 0xe
 1047 0023 3A       		.uleb128 0x3a
 1048 0024 0B       		.uleb128 0xb
 1049 0025 3B       		.uleb128 0x3b
 1050 0026 0B       		.uleb128 0xb
 1051 0027 49       		.uleb128 0x49
 1052 0028 13       		.uleb128 0x13
 1053 0029 00       		.byte	0
 1054 002a 00       		.byte	0
 1055 002b 04       		.uleb128 0x4
 1056 002c 24       		.uleb128 0x24
 1057 002d 00       		.byte	0
 1058 002e 0B       		.uleb128 0xb
 1059 002f 0B       		.uleb128 0xb
 1060 0030 3E       		.uleb128 0x3e
 1061 0031 0B       		.uleb128 0xb
 1062 0032 03       		.uleb128 0x3
 1063 0033 0E       		.uleb128 0xe
 1064 0034 00       		.byte	0
 1065 0035 00       		.byte	0
 1066 0036 05       		.uleb128 0x5
 1067 0037 0F       		.uleb128 0xf
 1068 0038 00       		.byte	0
 1069 0039 0B       		.uleb128 0xb
 1070 003a 0B       		.uleb128 0xb
 1071 003b 00       		.byte	0
 1072 003c 00       		.byte	0
 1073 003d 06       		.uleb128 0x6
 1074 003e 16       		.uleb128 0x16
 1075 003f 00       		.byte	0
 1076 0040 03       		.uleb128 0x3
 1077 0041 0E       		.uleb128 0xe
 1078 0042 3A       		.uleb128 0x3a
 1079 0043 0B       		.uleb128 0xb
 1080 0044 3B       		.uleb128 0x3b
 1081 0045 05       		.uleb128 0x5
 1082 0046 49       		.uleb128 0x49
 1083 0047 13       		.uleb128 0x13
 1084 0048 00       		.byte	0
 1085 0049 00       		.byte	0
 1086 004a 07       		.uleb128 0x7
 1087 004b 35       		.uleb128 0x35
 1088 004c 00       		.byte	0
 1089 004d 49       		.uleb128 0x49
 1090 004e 13       		.uleb128 0x13
 1091 004f 00       		.byte	0
 1092 0050 00       		.byte	0
 1093 0051 08       		.uleb128 0x8
ARM GAS  C:\Users\HP1\AppData\Local\Temp\ccaOZQRE.s 			page 28


 1094 0052 13       		.uleb128 0x13
 1095 0053 01       		.byte	0x1
 1096 0054 0B       		.uleb128 0xb
 1097 0055 0B       		.uleb128 0xb
 1098 0056 3A       		.uleb128 0x3a
 1099 0057 0B       		.uleb128 0xb
 1100 0058 3B       		.uleb128 0x3b
 1101 0059 0B       		.uleb128 0xb
 1102 005a 01       		.uleb128 0x1
 1103 005b 13       		.uleb128 0x13
 1104 005c 00       		.byte	0
 1105 005d 00       		.byte	0
 1106 005e 09       		.uleb128 0x9
 1107 005f 0D       		.uleb128 0xd
 1108 0060 00       		.byte	0
 1109 0061 03       		.uleb128 0x3
 1110 0062 0E       		.uleb128 0xe
 1111 0063 3A       		.uleb128 0x3a
 1112 0064 0B       		.uleb128 0xb
 1113 0065 3B       		.uleb128 0x3b
 1114 0066 0B       		.uleb128 0xb
 1115 0067 49       		.uleb128 0x49
 1116 0068 13       		.uleb128 0x13
 1117 0069 38       		.uleb128 0x38
 1118 006a 0B       		.uleb128 0xb
 1119 006b 00       		.byte	0
 1120 006c 00       		.byte	0
 1121 006d 0A       		.uleb128 0xa
 1122 006e 2E       		.uleb128 0x2e
 1123 006f 01       		.byte	0x1
 1124 0070 03       		.uleb128 0x3
 1125 0071 0E       		.uleb128 0xe
 1126 0072 3A       		.uleb128 0x3a
 1127 0073 0B       		.uleb128 0xb
 1128 0074 3B       		.uleb128 0x3b
 1129 0075 0B       		.uleb128 0xb
 1130 0076 27       		.uleb128 0x27
 1131 0077 19       		.uleb128 0x19
 1132 0078 11       		.uleb128 0x11
 1133 0079 01       		.uleb128 0x1
 1134 007a 12       		.uleb128 0x12
 1135 007b 06       		.uleb128 0x6
 1136 007c 40       		.uleb128 0x40
 1137 007d 18       		.uleb128 0x18
 1138 007e 9742     		.uleb128 0x2117
 1139 0080 19       		.uleb128 0x19
 1140 0081 01       		.uleb128 0x1
 1141 0082 13       		.uleb128 0x13
 1142 0083 00       		.byte	0
 1143 0084 00       		.byte	0
 1144 0085 0B       		.uleb128 0xb
 1145 0086 05       		.uleb128 0x5
 1146 0087 00       		.byte	0
 1147 0088 03       		.uleb128 0x3
 1148 0089 0E       		.uleb128 0xe
 1149 008a 3A       		.uleb128 0x3a
 1150 008b 0B       		.uleb128 0xb
ARM GAS  C:\Users\HP1\AppData\Local\Temp\ccaOZQRE.s 			page 29


 1151 008c 3B       		.uleb128 0x3b
 1152 008d 0B       		.uleb128 0xb
 1153 008e 49       		.uleb128 0x49
 1154 008f 13       		.uleb128 0x13
 1155 0090 02       		.uleb128 0x2
 1156 0091 18       		.uleb128 0x18
 1157 0092 00       		.byte	0
 1158 0093 00       		.byte	0
 1159 0094 0C       		.uleb128 0xc
 1160 0095 34       		.uleb128 0x34
 1161 0096 00       		.byte	0
 1162 0097 03       		.uleb128 0x3
 1163 0098 08       		.uleb128 0x8
 1164 0099 3A       		.uleb128 0x3a
 1165 009a 0B       		.uleb128 0xb
 1166 009b 3B       		.uleb128 0x3b
 1167 009c 0B       		.uleb128 0xb
 1168 009d 49       		.uleb128 0x49
 1169 009e 13       		.uleb128 0x13
 1170 009f 02       		.uleb128 0x2
 1171 00a0 17       		.uleb128 0x17
 1172 00a1 00       		.byte	0
 1173 00a2 00       		.byte	0
 1174 00a3 0D       		.uleb128 0xd
 1175 00a4 0B       		.uleb128 0xb
 1176 00a5 01       		.byte	0x1
 1177 00a6 11       		.uleb128 0x11
 1178 00a7 01       		.uleb128 0x1
 1179 00a8 12       		.uleb128 0x12
 1180 00a9 06       		.uleb128 0x6
 1181 00aa 00       		.byte	0
 1182 00ab 00       		.byte	0
 1183 00ac 0E       		.uleb128 0xe
 1184 00ad 34       		.uleb128 0x34
 1185 00ae 00       		.byte	0
 1186 00af 03       		.uleb128 0x3
 1187 00b0 0E       		.uleb128 0xe
 1188 00b1 3A       		.uleb128 0x3a
 1189 00b2 0B       		.uleb128 0xb
 1190 00b3 3B       		.uleb128 0x3b
 1191 00b4 0B       		.uleb128 0xb
 1192 00b5 49       		.uleb128 0x49
 1193 00b6 13       		.uleb128 0x13
 1194 00b7 02       		.uleb128 0x2
 1195 00b8 17       		.uleb128 0x17
 1196 00b9 00       		.byte	0
 1197 00ba 00       		.byte	0
 1198 00bb 0F       		.uleb128 0xf
 1199 00bc 0F       		.uleb128 0xf
 1200 00bd 00       		.byte	0
 1201 00be 0B       		.uleb128 0xb
 1202 00bf 0B       		.uleb128 0xb
 1203 00c0 49       		.uleb128 0x49
 1204 00c1 13       		.uleb128 0x13
 1205 00c2 00       		.byte	0
 1206 00c3 00       		.byte	0
 1207 00c4 10       		.uleb128 0x10
ARM GAS  C:\Users\HP1\AppData\Local\Temp\ccaOZQRE.s 			page 30


 1208 00c5 26       		.uleb128 0x26
 1209 00c6 00       		.byte	0
 1210 00c7 49       		.uleb128 0x49
 1211 00c8 13       		.uleb128 0x13
 1212 00c9 00       		.byte	0
 1213 00ca 00       		.byte	0
 1214 00cb 11       		.uleb128 0x11
 1215 00cc 2E       		.uleb128 0x2e
 1216 00cd 00       		.byte	0
 1217 00ce 03       		.uleb128 0x3
 1218 00cf 0E       		.uleb128 0xe
 1219 00d0 3A       		.uleb128 0x3a
 1220 00d1 0B       		.uleb128 0xb
 1221 00d2 3B       		.uleb128 0x3b
 1222 00d3 05       		.uleb128 0x5
 1223 00d4 27       		.uleb128 0x27
 1224 00d5 19       		.uleb128 0x19
 1225 00d6 11       		.uleb128 0x11
 1226 00d7 01       		.uleb128 0x1
 1227 00d8 12       		.uleb128 0x12
 1228 00d9 06       		.uleb128 0x6
 1229 00da 40       		.uleb128 0x40
 1230 00db 18       		.uleb128 0x18
 1231 00dc 9742     		.uleb128 0x2117
 1232 00de 19       		.uleb128 0x19
 1233 00df 00       		.byte	0
 1234 00e0 00       		.byte	0
 1235 00e1 12       		.uleb128 0x12
 1236 00e2 05       		.uleb128 0x5
 1237 00e3 00       		.byte	0
 1238 00e4 03       		.uleb128 0x3
 1239 00e5 08       		.uleb128 0x8
 1240 00e6 3A       		.uleb128 0x3a
 1241 00e7 0B       		.uleb128 0xb
 1242 00e8 3B       		.uleb128 0x3b
 1243 00e9 0B       		.uleb128 0xb
 1244 00ea 49       		.uleb128 0x49
 1245 00eb 13       		.uleb128 0x13
 1246 00ec 02       		.uleb128 0x2
 1247 00ed 17       		.uleb128 0x17
 1248 00ee 00       		.byte	0
 1249 00ef 00       		.byte	0
 1250 00f0 13       		.uleb128 0x13
 1251 00f1 898201   		.uleb128 0x4109
 1252 00f4 01       		.byte	0x1
 1253 00f5 11       		.uleb128 0x11
 1254 00f6 01       		.uleb128 0x1
 1255 00f7 31       		.uleb128 0x31
 1256 00f8 13       		.uleb128 0x13
 1257 00f9 00       		.byte	0
 1258 00fa 00       		.byte	0
 1259 00fb 14       		.uleb128 0x14
 1260 00fc 8A8201   		.uleb128 0x410a
 1261 00ff 00       		.byte	0
 1262 0100 02       		.uleb128 0x2
 1263 0101 18       		.uleb128 0x18
 1264 0102 9142     		.uleb128 0x2111
ARM GAS  C:\Users\HP1\AppData\Local\Temp\ccaOZQRE.s 			page 31


 1265 0104 18       		.uleb128 0x18
 1266 0105 00       		.byte	0
 1267 0106 00       		.byte	0
 1268 0107 15       		.uleb128 0x15
 1269 0108 898201   		.uleb128 0x4109
 1270 010b 01       		.byte	0x1
 1271 010c 11       		.uleb128 0x11
 1272 010d 01       		.uleb128 0x1
 1273 010e 31       		.uleb128 0x31
 1274 010f 13       		.uleb128 0x13
 1275 0110 01       		.uleb128 0x1
 1276 0111 13       		.uleb128 0x13
 1277 0112 00       		.byte	0
 1278 0113 00       		.byte	0
 1279 0114 16       		.uleb128 0x16
 1280 0115 2E       		.uleb128 0x2e
 1281 0116 01       		.byte	0x1
 1282 0117 3F       		.uleb128 0x3f
 1283 0118 19       		.uleb128 0x19
 1284 0119 03       		.uleb128 0x3
 1285 011a 0E       		.uleb128 0xe
 1286 011b 3A       		.uleb128 0x3a
 1287 011c 0B       		.uleb128 0xb
 1288 011d 3B       		.uleb128 0x3b
 1289 011e 05       		.uleb128 0x5
 1290 011f 27       		.uleb128 0x27
 1291 0120 19       		.uleb128 0x19
 1292 0121 11       		.uleb128 0x11
 1293 0122 01       		.uleb128 0x1
 1294 0123 12       		.uleb128 0x12
 1295 0124 06       		.uleb128 0x6
 1296 0125 40       		.uleb128 0x40
 1297 0126 18       		.uleb128 0x18
 1298 0127 9742     		.uleb128 0x2117
 1299 0129 19       		.uleb128 0x19
 1300 012a 01       		.uleb128 0x1
 1301 012b 13       		.uleb128 0x13
 1302 012c 00       		.byte	0
 1303 012d 00       		.byte	0
 1304 012e 17       		.uleb128 0x17
 1305 012f 0B       		.uleb128 0xb
 1306 0130 01       		.byte	0x1
 1307 0131 11       		.uleb128 0x11
 1308 0132 01       		.uleb128 0x1
 1309 0133 12       		.uleb128 0x12
 1310 0134 06       		.uleb128 0x6
 1311 0135 01       		.uleb128 0x1
 1312 0136 13       		.uleb128 0x13
 1313 0137 00       		.byte	0
 1314 0138 00       		.byte	0
 1315 0139 18       		.uleb128 0x18
 1316 013a 34       		.uleb128 0x34
 1317 013b 00       		.byte	0
 1318 013c 03       		.uleb128 0x3
 1319 013d 0E       		.uleb128 0xe
 1320 013e 3A       		.uleb128 0x3a
 1321 013f 0B       		.uleb128 0xb
ARM GAS  C:\Users\HP1\AppData\Local\Temp\ccaOZQRE.s 			page 32


 1322 0140 3B       		.uleb128 0x3b
 1323 0141 05       		.uleb128 0x5
 1324 0142 49       		.uleb128 0x49
 1325 0143 13       		.uleb128 0x13
 1326 0144 02       		.uleb128 0x2
 1327 0145 18       		.uleb128 0x18
 1328 0146 00       		.byte	0
 1329 0147 00       		.byte	0
 1330 0148 19       		.uleb128 0x19
 1331 0149 13       		.uleb128 0x13
 1332 014a 01       		.byte	0x1
 1333 014b 0B       		.uleb128 0xb
 1334 014c 0B       		.uleb128 0xb
 1335 014d 3A       		.uleb128 0x3a
 1336 014e 0B       		.uleb128 0xb
 1337 014f 3B       		.uleb128 0x3b
 1338 0150 05       		.uleb128 0x5
 1339 0151 01       		.uleb128 0x1
 1340 0152 13       		.uleb128 0x13
 1341 0153 00       		.byte	0
 1342 0154 00       		.byte	0
 1343 0155 1A       		.uleb128 0x1a
 1344 0156 0D       		.uleb128 0xd
 1345 0157 00       		.byte	0
 1346 0158 03       		.uleb128 0x3
 1347 0159 0E       		.uleb128 0xe
 1348 015a 3A       		.uleb128 0x3a
 1349 015b 0B       		.uleb128 0xb
 1350 015c 3B       		.uleb128 0x3b
 1351 015d 05       		.uleb128 0x5
 1352 015e 49       		.uleb128 0x49
 1353 015f 13       		.uleb128 0x13
 1354 0160 38       		.uleb128 0x38
 1355 0161 0B       		.uleb128 0xb
 1356 0162 00       		.byte	0
 1357 0163 00       		.byte	0
 1358 0164 1B       		.uleb128 0x1b
 1359 0165 01       		.uleb128 0x1
 1360 0166 01       		.byte	0x1
 1361 0167 49       		.uleb128 0x49
 1362 0168 13       		.uleb128 0x13
 1363 0169 01       		.uleb128 0x1
 1364 016a 13       		.uleb128 0x13
 1365 016b 00       		.byte	0
 1366 016c 00       		.byte	0
 1367 016d 1C       		.uleb128 0x1c
 1368 016e 21       		.uleb128 0x21
 1369 016f 00       		.byte	0
 1370 0170 49       		.uleb128 0x49
 1371 0171 13       		.uleb128 0x13
 1372 0172 2F       		.uleb128 0x2f
 1373 0173 0B       		.uleb128 0xb
 1374 0174 00       		.byte	0
 1375 0175 00       		.byte	0
 1376 0176 1D       		.uleb128 0x1d
 1377 0177 34       		.uleb128 0x34
 1378 0178 00       		.byte	0
ARM GAS  C:\Users\HP1\AppData\Local\Temp\ccaOZQRE.s 			page 33


 1379 0179 03       		.uleb128 0x3
 1380 017a 08       		.uleb128 0x8
 1381 017b 3A       		.uleb128 0x3a
 1382 017c 0B       		.uleb128 0xb
 1383 017d 3B       		.uleb128 0x3b
 1384 017e 05       		.uleb128 0x5
 1385 017f 49       		.uleb128 0x49
 1386 0180 13       		.uleb128 0x13
 1387 0181 02       		.uleb128 0x2
 1388 0182 17       		.uleb128 0x17
 1389 0183 00       		.byte	0
 1390 0184 00       		.byte	0
 1391 0185 1E       		.uleb128 0x1e
 1392 0186 898201   		.uleb128 0x4109
 1393 0189 00       		.byte	0
 1394 018a 11       		.uleb128 0x11
 1395 018b 01       		.uleb128 0x1
 1396 018c 31       		.uleb128 0x31
 1397 018d 13       		.uleb128 0x13
 1398 018e 00       		.byte	0
 1399 018f 00       		.byte	0
 1400 0190 1F       		.uleb128 0x1f
 1401 0191 2E       		.uleb128 0x2e
 1402 0192 00       		.byte	0
 1403 0193 3F       		.uleb128 0x3f
 1404 0194 19       		.uleb128 0x19
 1405 0195 3C       		.uleb128 0x3c
 1406 0196 19       		.uleb128 0x19
 1407 0197 6E       		.uleb128 0x6e
 1408 0198 0E       		.uleb128 0xe
 1409 0199 03       		.uleb128 0x3
 1410 019a 0E       		.uleb128 0xe
 1411 019b 00       		.byte	0
 1412 019c 00       		.byte	0
 1413 019d 20       		.uleb128 0x20
 1414 019e 2E       		.uleb128 0x2e
 1415 019f 00       		.byte	0
 1416 01a0 3F       		.uleb128 0x3f
 1417 01a1 19       		.uleb128 0x19
 1418 01a2 3C       		.uleb128 0x3c
 1419 01a3 19       		.uleb128 0x19
 1420 01a4 6E       		.uleb128 0x6e
 1421 01a5 0E       		.uleb128 0xe
 1422 01a6 03       		.uleb128 0x3
 1423 01a7 0E       		.uleb128 0xe
 1424 01a8 3A       		.uleb128 0x3a
 1425 01a9 0B       		.uleb128 0xb
 1426 01aa 3B       		.uleb128 0x3b
 1427 01ab 0B       		.uleb128 0xb
 1428 01ac 00       		.byte	0
 1429 01ad 00       		.byte	0
 1430 01ae 00       		.byte	0
 1431              		.section	.debug_loc,"",%progbits
 1432              	.Ldebug_loc0:
 1433              	.LLST0:
 1434 0000 02000000 		.4byte	.LVL1
 1435 0004 08000000 		.4byte	.LVL2
ARM GAS  C:\Users\HP1\AppData\Local\Temp\ccaOZQRE.s 			page 34


 1436 0008 0200     		.2byte	0x2
 1437 000a 30       		.byte	0x30
 1438 000b 9F       		.byte	0x9f
 1439 000c 08000000 		.4byte	.LVL2
 1440 0010 30000000 		.4byte	.LVL11
 1441 0014 0100     		.2byte	0x1
 1442 0016 57       		.byte	0x57
 1443 0017 00000000 		.4byte	0
 1444 001b 00000000 		.4byte	0
 1445              	.LLST1:
 1446 001f 02000000 		.4byte	.LVL1
 1447 0023 08000000 		.4byte	.LVL2
 1448 0027 0200     		.2byte	0x2
 1449 0029 30       		.byte	0x30
 1450 002a 9F       		.byte	0x9f
 1451 002b 08000000 		.4byte	.LVL2
 1452 002f 30000000 		.4byte	.LVL10
 1453 0033 0100     		.2byte	0x1
 1454 0035 55       		.byte	0x55
 1455 0036 00000000 		.4byte	0
 1456 003a 00000000 		.4byte	0
 1457              	.LLST2:
 1458 003e 0C000000 		.4byte	.LVL3
 1459 0042 2C000000 		.4byte	.LVL9
 1460 0046 0100     		.2byte	0x1
 1461 0048 56       		.byte	0x56
 1462 0049 00000000 		.4byte	0
 1463 004d 00000000 		.4byte	0
 1464              	.LLST3:
 1465 0051 0E000000 		.4byte	.LVL4
 1466 0055 24000000 		.4byte	.LVL7
 1467 0059 0100     		.2byte	0x1
 1468 005b 53       		.byte	0x53
 1469 005c 26000000 		.4byte	.LVL8
 1470 0060 2C000000 		.4byte	.LVL9
 1471 0064 0100     		.2byte	0x1
 1472 0066 53       		.byte	0x53
 1473 0067 00000000 		.4byte	0
 1474 006b 00000000 		.4byte	0
 1475              	.LLST4:
 1476 006f 00000000 		.4byte	.LVL12
 1477 0073 09000000 		.4byte	.LVL14-1
 1478 0077 0100     		.2byte	0x1
 1479 0079 50       		.byte	0x50
 1480 007a 09000000 		.4byte	.LVL14-1
 1481 007e 0C000000 		.4byte	.LFE1
 1482 0082 0400     		.2byte	0x4
 1483 0084 F3       		.byte	0xf3
 1484 0085 01       		.uleb128 0x1
 1485 0086 50       		.byte	0x50
 1486 0087 9F       		.byte	0x9f
 1487 0088 00000000 		.4byte	0
 1488 008c 00000000 		.4byte	0
 1489              	.LLST5:
 1490 0090 00000000 		.4byte	.LVL12
 1491 0094 06000000 		.4byte	.LVL13
 1492 0098 0100     		.2byte	0x1
ARM GAS  C:\Users\HP1\AppData\Local\Temp\ccaOZQRE.s 			page 35


 1493 009a 51       		.byte	0x51
 1494 009b 06000000 		.4byte	.LVL13
 1495 009f 09000000 		.4byte	.LVL14-1
 1496 00a3 0100     		.2byte	0x1
 1497 00a5 52       		.byte	0x52
 1498 00a6 09000000 		.4byte	.LVL14-1
 1499 00aa 0C000000 		.4byte	.LFE1
 1500 00ae 0400     		.2byte	0x4
 1501 00b0 F3       		.byte	0xf3
 1502 00b1 01       		.uleb128 0x1
 1503 00b2 51       		.byte	0x51
 1504 00b3 9F       		.byte	0x9f
 1505 00b4 00000000 		.4byte	0
 1506 00b8 00000000 		.4byte	0
 1507              	.LLST6:
 1508 00bc 80000000 		.4byte	.LVL18
 1509 00c0 84000000 		.4byte	.LVL19
 1510 00c4 0200     		.2byte	0x2
 1511 00c6 30       		.byte	0x30
 1512 00c7 9F       		.byte	0x9f
 1513 00c8 84000000 		.4byte	.LVL19
 1514 00cc A2000000 		.4byte	.LVL21
 1515 00d0 0100     		.2byte	0x1
 1516 00d2 54       		.byte	0x54
 1517 00d3 A4000000 		.4byte	.LVL22
 1518 00d7 14010000 		.4byte	.LVL26
 1519 00db 0100     		.2byte	0x1
 1520 00dd 54       		.byte	0x54
 1521 00de 00000000 		.4byte	0
 1522 00e2 00000000 		.4byte	0
 1523              	.LLST7:
 1524 00e6 84000000 		.4byte	.LVL19
 1525 00ea A2000000 		.4byte	.LVL21
 1526 00ee 0B00     		.2byte	0xb
 1527 00f0 74       		.byte	0x74
 1528 00f1 00       		.sleb128 0
 1529 00f2 36       		.byte	0x36
 1530 00f3 1E       		.byte	0x1e
 1531 00f4 03       		.byte	0x3
 1532 00f5 00000000 		.4byte	cfg_memset_list.4911
 1533 00f9 22       		.byte	0x22
 1534 00fa 9F       		.byte	0x9f
 1535 00fb A2000000 		.4byte	.LVL21
 1536 00ff A4000000 		.4byte	.LVL22
 1537 0103 0B00     		.2byte	0xb
 1538 0105 74       		.byte	0x74
 1539 0106 7F       		.sleb128 -1
 1540 0107 36       		.byte	0x36
 1541 0108 1E       		.byte	0x1e
 1542 0109 03       		.byte	0x3
 1543 010a 00000000 		.4byte	cfg_memset_list.4911
 1544 010e 22       		.byte	0x22
 1545 010f 9F       		.byte	0x9f
 1546 0110 00000000 		.4byte	0
 1547 0114 00000000 		.4byte	0
 1548              		.section	.debug_aranges,"",%progbits
 1549 0000 3C000000 		.4byte	0x3c
ARM GAS  C:\Users\HP1\AppData\Local\Temp\ccaOZQRE.s 			page 36


 1550 0004 0200     		.2byte	0x2
 1551 0006 00000000 		.4byte	.Ldebug_info0
 1552 000a 04       		.byte	0x4
 1553 000b 00       		.byte	0
 1554 000c 0000     		.2byte	0
 1555 000e 0000     		.2byte	0
 1556 0010 00000000 		.4byte	.LFB4
 1557 0014 32000000 		.4byte	.LFE4-.LFB4
 1558 0018 00000000 		.4byte	.LFB6
 1559 001c 20000000 		.4byte	.LFE6-.LFB6
 1560 0020 00000000 		.4byte	.LFB1
 1561 0024 0C000000 		.4byte	.LFE1-.LFB1
 1562 0028 00000000 		.4byte	.LFB5
 1563 002c 7C000000 		.4byte	.LFE5-.LFB5
 1564 0030 7C000000 		.4byte	.LFB7
 1565 0034 DC000000 		.4byte	.LFE7-.LFB7
 1566 0038 00000000 		.4byte	0
 1567 003c 00000000 		.4byte	0
 1568              		.section	.debug_ranges,"",%progbits
 1569              	.Ldebug_ranges0:
 1570 0000 00000000 		.4byte	.LFB4
 1571 0004 32000000 		.4byte	.LFE4
 1572 0008 00000000 		.4byte	.LFB6
 1573 000c 20000000 		.4byte	.LFE6
 1574 0010 00000000 		.4byte	.LFB1
 1575 0014 0C000000 		.4byte	.LFE1
 1576 0018 00000000 		.4byte	.LFB5
 1577 001c 7C000000 		.4byte	.LFE5
 1578 0020 7C000000 		.4byte	.LFB7
 1579 0024 58010000 		.4byte	.LFE7
 1580 0028 00000000 		.4byte	0
 1581 002c 00000000 		.4byte	0
 1582              		.section	.debug_line,"",%progbits
 1583              	.Ldebug_line0:
 1584 0000 59010000 		.section	.debug_str,"MS",%progbits,1
 1584      0200BF00 
 1584      00000201 
 1584      FB0E0D00 
 1584      01010101 
 1585              	.LASF19:
 1586 0000 72656733 		.ascii	"reg32\000"
 1586      3200
 1587              	.LASF12:
 1588 0006 73697A65 		.ascii	"size_t\000"
 1588      5F7400
 1589              	.LASF42:
 1590 000d 416E616C 		.ascii	"AnalogSetDefault\000"
 1590      6F675365 
 1590      74446566 
 1590      61756C74 
 1590      00
 1591              	.LASF37:
 1592 001e 4379496E 		.ascii	"CyIntSetVector\000"
 1592      74536574 
 1592      56656374 
 1592      6F7200
 1593              	.LASF21:
ARM GAS  C:\Users\HP1\AppData\Local\Temp\ccaOZQRE.s 			page 37


 1594 002d 76616C75 		.ascii	"value\000"
 1594      6500
 1595              	.LASF26:
 1596 0033 636F756E 		.ascii	"count\000"
 1596      7400
 1597              	.LASF29:
 1598 0039 436C6F63 		.ascii	"ClockSetup\000"
 1598      6B536574 
 1598      757000
 1599              	.LASF30:
 1600 0044 63795F63 		.ascii	"cy_cfg_addr_table\000"
 1600      66675F61 
 1600      6464725F 
 1600      7461626C 
 1600      6500
 1601              	.LASF31:
 1602 0056 63795F63 		.ascii	"cy_cfg_data_table\000"
 1602      66675F64 
 1602      6174615F 
 1602      7461626C 
 1602      6500
 1603              	.LASF16:
 1604 0068 666C6F61 		.ascii	"float\000"
 1604      7400
 1605              	.LASF35:
 1606 006e 6366675F 		.ascii	"cfg_memset_list\000"
 1606      6D656D73 
 1606      65745F6C 
 1606      69737400 
 1607              	.LASF33:
 1608 007e 73697A65 		.ascii	"size\000"
 1608      00
 1609              	.LASF18:
 1610 0083 72656738 		.ascii	"reg8\000"
 1610      00
 1611              	.LASF8:
 1612 0088 6C6F6E67 		.ascii	"long unsigned int\000"
 1612      20756E73 
 1612      69676E65 
 1612      6420696E 
 1612      7400
 1613              	.LASF13:
 1614 009a 75696E74 		.ascii	"uint8\000"
 1614      3800
 1615              	.LASF28:
 1616 00a0 43594D45 		.ascii	"CYMEMZERO\000"
 1616      4D5A4552 
 1616      4F00
 1617              	.LASF4:
 1618 00aa 756E7369 		.ascii	"unsigned char\000"
 1618      676E6564 
 1618      20636861 
 1618      7200
 1619              	.LASF44:
 1620 00b8 6D656D73 		.ascii	"memset\000"
 1620      657400
 1621              	.LASF17:
ARM GAS  C:\Users\HP1\AppData\Local\Temp\ccaOZQRE.s 			page 38


 1622 00bf 646F7562 		.ascii	"double\000"
 1622      6C6500
 1623              	.LASF27:
 1624 00c6 6366675F 		.ascii	"cfg_write_bytes32\000"
 1624      77726974 
 1624      655F6279 
 1624      74657333 
 1624      3200
 1625              	.LASF38:
 1626 00d8 4379496E 		.ascii	"CyIntEnable\000"
 1626      74456E61 
 1626      626C6500 
 1627              	.LASF23:
 1628 00e4 61646472 		.ascii	"addr_table\000"
 1628      5F746162 
 1628      6C6500
 1629              	.LASF14:
 1630 00ef 75696E74 		.ascii	"uint16\000"
 1630      313600
 1631              	.LASF24:
 1632 00f6 64617461 		.ascii	"data_table\000"
 1632      5F746162 
 1632      6C6500
 1633              	.LASF15:
 1634 0101 75696E74 		.ascii	"uint32\000"
 1634      333200
 1635              	.LASF0:
 1636 0108 756E7369 		.ascii	"unsigned int\000"
 1636      676E6564 
 1636      20696E74 
 1636      00
 1637              	.LASF43:
 1638 0115 63796669 		.ascii	"cyfitter_cfg\000"
 1638      74746572 
 1638      5F636667 
 1638      00
 1639              	.LASF32:
 1640 0122 61646472 		.ascii	"address\000"
 1640      65737300 
 1641              	.LASF9:
 1642 012a 6C6F6E67 		.ascii	"long long unsigned int\000"
 1642      206C6F6E 
 1642      6720756E 
 1642      7369676E 
 1642      65642069 
 1643              	.LASF41:
 1644 0141 443A5C50 		.ascii	"D:\\PSoC\\Projects\\Stepper_Ctrl\\Design01.cydsn\000"
 1644      536F435C 
 1644      50726F6A 
 1644      65637473 
 1644      5C537465 
 1645              	.LASF39:
 1646 016e 474E5520 		.ascii	"GNU C11 5.4.1 20160609 (release) [ARM/embedded-5-br"
 1646      43313120 
 1646      352E342E 
 1646      31203230 
 1646      31363036 
ARM GAS  C:\Users\HP1\AppData\Local\Temp\ccaOZQRE.s 			page 39


 1647 01a1 616E6368 		.ascii	"anch revision 237715] -mcpu=cortex-m0 -mthumb -g -O"
 1647      20726576 
 1647      6973696F 
 1647      6E203233 
 1647      37373135 
 1648 01d4 67202D66 		.ascii	"g -ffunction-sections -ffat-lto-objects\000"
 1648      66756E63 
 1648      74696F6E 
 1648      2D736563 
 1648      74696F6E 
 1649              	.LASF34:
 1650 01fc 6366675F 		.ascii	"cfg_memset_t\000"
 1650      6D656D73 
 1650      65745F74 
 1650      00
 1651              	.LASF25:
 1652 0209 62617365 		.ascii	"baseAddr\000"
 1652      41646472 
 1652      00
 1653              	.LASF10:
 1654 0212 73697A65 		.ascii	"sizetype\000"
 1654      74797065 
 1654      00
 1655              	.LASF6:
 1656 021b 73686F72 		.ascii	"short unsigned int\000"
 1656      7420756E 
 1656      7369676E 
 1656      65642069 
 1656      6E7400
 1657              	.LASF1:
 1658 022e 6C6F6E67 		.ascii	"long long int\000"
 1658      206C6F6E 
 1658      6720696E 
 1658      7400
 1659              	.LASF11:
 1660 023c 63686172 		.ascii	"char\000"
 1660      00
 1661              	.LASF22:
 1662 0241 63795F63 		.ascii	"cy_cfg_addrvalue_t\000"
 1662      66675F61 
 1662      64647276 
 1662      616C7565 
 1662      5F7400
 1663              	.LASF20:
 1664 0254 6F666673 		.ascii	"offset\000"
 1664      657400
 1665              	.LASF5:
 1666 025b 73686F72 		.ascii	"short int\000"
 1666      7420696E 
 1666      7400
 1667              	.LASF36:
 1668 0265 43795379 		.ascii	"CySysClkWriteImoFreq\000"
 1668      73436C6B 
 1668      57726974 
 1668      65496D6F 
 1668      46726571 
 1669              	.LASF7:
ARM GAS  C:\Users\HP1\AppData\Local\Temp\ccaOZQRE.s 			page 40


 1670 027a 6C6F6E67 		.ascii	"long int\000"
 1670      20696E74 
 1670      00
 1671              	.LASF2:
 1672 0283 6C6F6E67 		.ascii	"long double\000"
 1672      20646F75 
 1672      626C6500 
 1673              	.LASF3:
 1674 028f 7369676E 		.ascii	"signed char\000"
 1674      65642063 
 1674      68617200 
 1675              	.LASF40:
 1676 029b 47656E65 		.ascii	"Generated_Source\\PSoC4\\cyfitter_cfg.c\000"
 1676      72617465 
 1676      645F536F 
 1676      75726365 
 1676      5C50536F 
 1677              		.ident	"GCC: (GNU Tools for ARM Embedded Processors) 5.4.1 20160609 (release) [ARM/embedded-5-bran
