--------------- Clean Started: 03/21/2021 11:15:45 Project: Design02, Configuration: ARM GCC 5.4-2016-q2-update Debug ---------------
Deleting file ".\CortexM0\ARM_GCC_541\Debug\main.o"
Deleting file ".\CortexM0\ARM_GCC_541\Debug\cyfitter_cfg.o"
Deleting file ".\CortexM0\ARM_GCC_541\Debug\cymetadata.o"
Deleting file ".\CortexM0\ARM_GCC_541\Debug\A.o"
Deleting file ".\CortexM0\ARM_GCC_541\Debug\A_PM.o"
Deleting file ".\CortexM0\ARM_GCC_541\Debug\A1.o"
Deleting file ".\CortexM0\ARM_GCC_541\Debug\A1_PM.o"
Deleting file ".\CortexM0\ARM_GCC_541\Debug\B.o"
Deleting file ".\CortexM0\ARM_GCC_541\Debug\B_PM.o"
Deleting file ".\CortexM0\ARM_GCC_541\Debug\B1.o"
Deleting file ".\CortexM0\ARM_GCC_541\Debug\B1_PM.o"
Deleting file ".\CortexM0\ARM_GCC_541\Debug\Clock_1.o"
Deleting file ".\CortexM0\ARM_GCC_541\Debug\Cm0Start.o"
Deleting file ".\CortexM0\ARM_GCC_541\Debug\CyFlash.o"
Deleting file ".\CortexM0\ARM_GCC_541\Debug\CyLib.o"
Deleting file ".\CortexM0\ARM_GCC_541\Debug\cyPm.o"
Deleting file ".\CortexM0\ARM_GCC_541\Debug\cyutils.o"
Deleting file ".\CortexM0\ARM_GCC_541\Debug\CyBootAsmGnu.o"
Deleting file ".\CortexM0\ARM_GCC_541\Debug\CyDMA.o"
Deleting file ".\CortexM0\ARM_GCC_541\Debug\CyLFClk.o"
Deleting file ".\CortexM0\ARM_GCC_541\Debug\cy_em_eeprom.o"
Deleting file ".\CortexM0\ARM_GCC_541\Debug\Design02.hex"
Deleting file ".\CortexM0\ARM_GCC_541\Debug\Design02.elf"
Deleting file ".\CortexM0\ARM_GCC_541\Debug\Design02.map"
Deleting file ".\Design02.cycdx"
Deleting file ".\Design02.rpt"
Deleting file ".\Design02_timing.html"
Deleting file ".\CortexM0\ARM_GCC_541\Debug\.deps\SOURCE_C__ARM_GCC_GENERIC.P"
Deleting file ".\CortexM0\ARM_GCC_541\Debug\.deps\SOURCE_ASM__ARM_GCC_GENERIC.P"
--------------- Clean Succeeded: 03/21/2021 11:15:45 ---------------
