ARM GAS  C:\Users\HP1\AppData\Local\Temp\ccmL88ev.s 			page 1


   1              		.syntax unified
   2              		.cpu cortex-m0
   3              		.fpu softvfp
   4              		.eabi_attribute 20, 1
   5              		.eabi_attribute 21, 1
   6              		.eabi_attribute 23, 3
   7              		.eabi_attribute 24, 1
   8              		.eabi_attribute 25, 1
   9              		.eabi_attribute 26, 1
  10              		.eabi_attribute 30, 1
  11              		.eabi_attribute 34, 0
  12              		.eabi_attribute 18, 4
  13              		.thumb
  14              		.syntax unified
  15              		.file	"cyfitter_cfg.c"
  16              		.text
  17              	.Ltext0:
  18              		.cfi_sections	.debug_frame
  19              		.section	.text.cfg_write_bytes32,"ax",%progbits
  20              		.align	2
  21              		.code	16
  22              		.thumb_func
  23              		.type	cfg_write_bytes32, %function
  24              	cfg_write_bytes32:
  25              	.LFB4:
  26              		.file 1 "Generated_Source\\PSoC4\\cyfitter_cfg.c"
   1:Generated_Source\PSoC4/cyfitter_cfg.c **** 
   2:Generated_Source\PSoC4/cyfitter_cfg.c **** /*******************************************************************************
   3:Generated_Source\PSoC4/cyfitter_cfg.c **** * File Name: cyfitter_cfg.c
   4:Generated_Source\PSoC4/cyfitter_cfg.c **** * 
   5:Generated_Source\PSoC4/cyfitter_cfg.c **** * PSoC Creator  4.4
   6:Generated_Source\PSoC4/cyfitter_cfg.c **** *
   7:Generated_Source\PSoC4/cyfitter_cfg.c **** * Description:
   8:Generated_Source\PSoC4/cyfitter_cfg.c **** * This file contains device initialization code.
   9:Generated_Source\PSoC4/cyfitter_cfg.c **** * Except for the user defined sections in CyClockStartupError(), this file should not be modified.
  10:Generated_Source\PSoC4/cyfitter_cfg.c **** * This file is automatically generated by PSoC Creator.
  11:Generated_Source\PSoC4/cyfitter_cfg.c **** *
  12:Generated_Source\PSoC4/cyfitter_cfg.c **** ********************************************************************************
  13:Generated_Source\PSoC4/cyfitter_cfg.c **** * Copyright (c) 2007-2020 Cypress Semiconductor.  All rights reserved.
  14:Generated_Source\PSoC4/cyfitter_cfg.c **** * You may use this file only in accordance with the license, terms, conditions, 
  15:Generated_Source\PSoC4/cyfitter_cfg.c **** * disclaimers, and limitations in the end user license agreement accompanying 
  16:Generated_Source\PSoC4/cyfitter_cfg.c **** * the software package with which this file was provided.
  17:Generated_Source\PSoC4/cyfitter_cfg.c **** ********************************************************************************/
  18:Generated_Source\PSoC4/cyfitter_cfg.c **** 
  19:Generated_Source\PSoC4/cyfitter_cfg.c **** #include <string.h>
  20:Generated_Source\PSoC4/cyfitter_cfg.c **** #include "cytypes.h"
  21:Generated_Source\PSoC4/cyfitter_cfg.c **** #include "cydevice_trm.h"
  22:Generated_Source\PSoC4/cyfitter_cfg.c **** #include "cyfitter.h"
  23:Generated_Source\PSoC4/cyfitter_cfg.c **** #include "CyLib.h"
  24:Generated_Source\PSoC4/cyfitter_cfg.c **** #include "CyLFClk.h"
  25:Generated_Source\PSoC4/cyfitter_cfg.c **** #include "cyfitter_cfg.h"
  26:Generated_Source\PSoC4/cyfitter_cfg.c **** #include "cyapicallbacks.h"
  27:Generated_Source\PSoC4/cyfitter_cfg.c **** 
  28:Generated_Source\PSoC4/cyfitter_cfg.c **** 
  29:Generated_Source\PSoC4/cyfitter_cfg.c **** #if defined(__GNUC__) || defined(__ARMCC_VERSION)
  30:Generated_Source\PSoC4/cyfitter_cfg.c ****     #define CYPACKED 
  31:Generated_Source\PSoC4/cyfitter_cfg.c ****     #define CYPACKED_ATTR __attribute__ ((packed))
ARM GAS  C:\Users\HP1\AppData\Local\Temp\ccmL88ev.s 			page 2


  32:Generated_Source\PSoC4/cyfitter_cfg.c ****     #define CYALIGNED __attribute__ ((aligned))
  33:Generated_Source\PSoC4/cyfitter_cfg.c ****     #define CY_CFG_UNUSED __attribute__ ((unused))
  34:Generated_Source\PSoC4/cyfitter_cfg.c ****     #ifndef CY_CFG_SECTION
  35:Generated_Source\PSoC4/cyfitter_cfg.c ****         #define CY_CFG_SECTION __attribute__ ((section(".psocinit")))
  36:Generated_Source\PSoC4/cyfitter_cfg.c ****     #endif
  37:Generated_Source\PSoC4/cyfitter_cfg.c ****     
  38:Generated_Source\PSoC4/cyfitter_cfg.c ****     #if defined(__ARMCC_VERSION)
  39:Generated_Source\PSoC4/cyfitter_cfg.c ****         #define CY_CFG_MEMORY_BARRIER() __memory_changed()
  40:Generated_Source\PSoC4/cyfitter_cfg.c ****     #else
  41:Generated_Source\PSoC4/cyfitter_cfg.c ****         #define CY_CFG_MEMORY_BARRIER() __sync_synchronize()
  42:Generated_Source\PSoC4/cyfitter_cfg.c ****     #endif
  43:Generated_Source\PSoC4/cyfitter_cfg.c ****     
  44:Generated_Source\PSoC4/cyfitter_cfg.c **** #elif defined(__ICCARM__)
  45:Generated_Source\PSoC4/cyfitter_cfg.c ****     #include <intrinsics.h>
  46:Generated_Source\PSoC4/cyfitter_cfg.c **** 
  47:Generated_Source\PSoC4/cyfitter_cfg.c ****     #define CYPACKED __packed
  48:Generated_Source\PSoC4/cyfitter_cfg.c ****     #define CYPACKED_ATTR 
  49:Generated_Source\PSoC4/cyfitter_cfg.c ****     #define CYALIGNED _Pragma("data_alignment=4")
  50:Generated_Source\PSoC4/cyfitter_cfg.c ****     #define CY_CFG_UNUSED _Pragma("diag_suppress=Pe177")
  51:Generated_Source\PSoC4/cyfitter_cfg.c ****     #define CY_CFG_SECTION _Pragma("location=\".psocinit\"")
  52:Generated_Source\PSoC4/cyfitter_cfg.c ****     
  53:Generated_Source\PSoC4/cyfitter_cfg.c ****     #define CY_CFG_MEMORY_BARRIER() __DMB()
  54:Generated_Source\PSoC4/cyfitter_cfg.c ****     
  55:Generated_Source\PSoC4/cyfitter_cfg.c **** #else
  56:Generated_Source\PSoC4/cyfitter_cfg.c ****     #error Unsupported toolchain
  57:Generated_Source\PSoC4/cyfitter_cfg.c **** #endif
  58:Generated_Source\PSoC4/cyfitter_cfg.c **** 
  59:Generated_Source\PSoC4/cyfitter_cfg.c **** #ifndef CYCODE
  60:Generated_Source\PSoC4/cyfitter_cfg.c ****     #define CYCODE
  61:Generated_Source\PSoC4/cyfitter_cfg.c **** #endif
  62:Generated_Source\PSoC4/cyfitter_cfg.c **** #ifndef CYDATA
  63:Generated_Source\PSoC4/cyfitter_cfg.c ****     #define CYDATA
  64:Generated_Source\PSoC4/cyfitter_cfg.c **** #endif
  65:Generated_Source\PSoC4/cyfitter_cfg.c **** #ifndef CYFAR
  66:Generated_Source\PSoC4/cyfitter_cfg.c ****     #define CYFAR
  67:Generated_Source\PSoC4/cyfitter_cfg.c **** #endif
  68:Generated_Source\PSoC4/cyfitter_cfg.c **** #ifndef CYXDATA
  69:Generated_Source\PSoC4/cyfitter_cfg.c ****     #define CYXDATA
  70:Generated_Source\PSoC4/cyfitter_cfg.c **** #endif
  71:Generated_Source\PSoC4/cyfitter_cfg.c **** 
  72:Generated_Source\PSoC4/cyfitter_cfg.c **** 
  73:Generated_Source\PSoC4/cyfitter_cfg.c **** CY_CFG_UNUSED
  74:Generated_Source\PSoC4/cyfitter_cfg.c **** static void CYMEMZERO(void *s, size_t n);
  75:Generated_Source\PSoC4/cyfitter_cfg.c **** CY_CFG_UNUSED
  76:Generated_Source\PSoC4/cyfitter_cfg.c **** static void CYMEMZERO(void *s, size_t n)
  77:Generated_Source\PSoC4/cyfitter_cfg.c **** {
  78:Generated_Source\PSoC4/cyfitter_cfg.c **** 	(void)memset(s, 0, n);
  79:Generated_Source\PSoC4/cyfitter_cfg.c **** }
  80:Generated_Source\PSoC4/cyfitter_cfg.c **** CY_CFG_UNUSED
  81:Generated_Source\PSoC4/cyfitter_cfg.c **** static void CYCONFIGCPY(void *dest, const void *src, size_t n);
  82:Generated_Source\PSoC4/cyfitter_cfg.c **** CY_CFG_UNUSED
  83:Generated_Source\PSoC4/cyfitter_cfg.c **** static void CYCONFIGCPY(void *dest, const void *src, size_t n)
  84:Generated_Source\PSoC4/cyfitter_cfg.c **** {
  85:Generated_Source\PSoC4/cyfitter_cfg.c **** 	(void)memcpy(dest, src, n);
  86:Generated_Source\PSoC4/cyfitter_cfg.c **** }
  87:Generated_Source\PSoC4/cyfitter_cfg.c **** CY_CFG_UNUSED
  88:Generated_Source\PSoC4/cyfitter_cfg.c **** static void CYCONFIGCPYCODE(void *dest, const void *src, size_t n);
ARM GAS  C:\Users\HP1\AppData\Local\Temp\ccmL88ev.s 			page 3


  89:Generated_Source\PSoC4/cyfitter_cfg.c **** CY_CFG_UNUSED
  90:Generated_Source\PSoC4/cyfitter_cfg.c **** static void CYCONFIGCPYCODE(void *dest, const void *src, size_t n)
  91:Generated_Source\PSoC4/cyfitter_cfg.c **** {
  92:Generated_Source\PSoC4/cyfitter_cfg.c **** 	(void)memcpy(dest, src, n);
  93:Generated_Source\PSoC4/cyfitter_cfg.c **** }
  94:Generated_Source\PSoC4/cyfitter_cfg.c **** 
  95:Generated_Source\PSoC4/cyfitter_cfg.c **** 
  96:Generated_Source\PSoC4/cyfitter_cfg.c **** 
  97:Generated_Source\PSoC4/cyfitter_cfg.c **** 
  98:Generated_Source\PSoC4/cyfitter_cfg.c **** /* Clock startup error codes                                                   */
  99:Generated_Source\PSoC4/cyfitter_cfg.c **** #define CYCLOCKSTART_NO_ERROR    0u
 100:Generated_Source\PSoC4/cyfitter_cfg.c **** #define CYCLOCKSTART_XTAL_ERROR  1u
 101:Generated_Source\PSoC4/cyfitter_cfg.c **** #define CYCLOCKSTART_32KHZ_ERROR 2u
 102:Generated_Source\PSoC4/cyfitter_cfg.c **** #define CYCLOCKSTART_PLL_ERROR   3u
 103:Generated_Source\PSoC4/cyfitter_cfg.c **** #define CYCLOCKSTART_FLL_ERROR   4u
 104:Generated_Source\PSoC4/cyfitter_cfg.c **** #define CYCLOCKSTART_WCO_ERROR   5u
 105:Generated_Source\PSoC4/cyfitter_cfg.c **** 
 106:Generated_Source\PSoC4/cyfitter_cfg.c **** 
 107:Generated_Source\PSoC4/cyfitter_cfg.c **** #ifdef CY_NEED_CYCLOCKSTARTUPERROR
 108:Generated_Source\PSoC4/cyfitter_cfg.c **** /*******************************************************************************
 109:Generated_Source\PSoC4/cyfitter_cfg.c **** * Function Name: CyClockStartupError
 110:Generated_Source\PSoC4/cyfitter_cfg.c **** ********************************************************************************
 111:Generated_Source\PSoC4/cyfitter_cfg.c **** * Summary:
 112:Generated_Source\PSoC4/cyfitter_cfg.c **** *  If an error is encountered during clock configuration (crystal startup error,
 113:Generated_Source\PSoC4/cyfitter_cfg.c **** *  PLL lock error, etc.), the system will end up here.  Unless reimplemented by
 114:Generated_Source\PSoC4/cyfitter_cfg.c **** *  the customer, this function will stop in an infinite loop.
 115:Generated_Source\PSoC4/cyfitter_cfg.c **** *
 116:Generated_Source\PSoC4/cyfitter_cfg.c **** * Parameters:
 117:Generated_Source\PSoC4/cyfitter_cfg.c **** *   void
 118:Generated_Source\PSoC4/cyfitter_cfg.c **** *
 119:Generated_Source\PSoC4/cyfitter_cfg.c **** * Return:
 120:Generated_Source\PSoC4/cyfitter_cfg.c **** *   void
 121:Generated_Source\PSoC4/cyfitter_cfg.c **** *
 122:Generated_Source\PSoC4/cyfitter_cfg.c **** *******************************************************************************/
 123:Generated_Source\PSoC4/cyfitter_cfg.c **** CY_CFG_UNUSED
 124:Generated_Source\PSoC4/cyfitter_cfg.c **** static void CyClockStartupError(uint8 errorCode);
 125:Generated_Source\PSoC4/cyfitter_cfg.c **** CY_CFG_UNUSED
 126:Generated_Source\PSoC4/cyfitter_cfg.c **** static void CyClockStartupError(uint8 errorCode)
 127:Generated_Source\PSoC4/cyfitter_cfg.c **** {
 128:Generated_Source\PSoC4/cyfitter_cfg.c ****     /* To remove the compiler warning if errorCode not used.                */
 129:Generated_Source\PSoC4/cyfitter_cfg.c ****     errorCode = errorCode;
 130:Generated_Source\PSoC4/cyfitter_cfg.c **** 
 131:Generated_Source\PSoC4/cyfitter_cfg.c ****     /* If we have a clock startup error (bad MHz crystal, PLL lock, etc.),  */
 132:Generated_Source\PSoC4/cyfitter_cfg.c ****     /* we will end up here to allow the customer to implement something to  */
 133:Generated_Source\PSoC4/cyfitter_cfg.c ****     /* deal with the clock condition.                                       */
 134:Generated_Source\PSoC4/cyfitter_cfg.c **** 
 135:Generated_Source\PSoC4/cyfitter_cfg.c **** #ifdef CY_CFG_CLOCK_STARTUP_ERROR_CALLBACK
 136:Generated_Source\PSoC4/cyfitter_cfg.c ****     CY_CFG_Clock_Startup_ErrorCallback();
 137:Generated_Source\PSoC4/cyfitter_cfg.c **** #else
 138:Generated_Source\PSoC4/cyfitter_cfg.c ****     /*  If not using CY_CFG_CLOCK_STARTUP_ERROR_CALLBACK, place your clock startup code here. */
 139:Generated_Source\PSoC4/cyfitter_cfg.c ****     /* `#START CyClockStartupError` */
 140:Generated_Source\PSoC4/cyfitter_cfg.c **** 
 141:Generated_Source\PSoC4/cyfitter_cfg.c **** 
 142:Generated_Source\PSoC4/cyfitter_cfg.c **** 
 143:Generated_Source\PSoC4/cyfitter_cfg.c ****     /* `#END` */
 144:Generated_Source\PSoC4/cyfitter_cfg.c **** 
 145:Generated_Source\PSoC4/cyfitter_cfg.c ****     while(1) {}
ARM GAS  C:\Users\HP1\AppData\Local\Temp\ccmL88ev.s 			page 4


 146:Generated_Source\PSoC4/cyfitter_cfg.c **** #endif /* CY_CFG_CLOCK_STARTUP_ERROR_CALLBACK */
 147:Generated_Source\PSoC4/cyfitter_cfg.c **** }
 148:Generated_Source\PSoC4/cyfitter_cfg.c **** #endif
 149:Generated_Source\PSoC4/cyfitter_cfg.c **** 
 150:Generated_Source\PSoC4/cyfitter_cfg.c **** #define CY_CFG_BASE_ADDR_COUNT 5u
 151:Generated_Source\PSoC4/cyfitter_cfg.c **** CYPACKED typedef struct
 152:Generated_Source\PSoC4/cyfitter_cfg.c **** {
 153:Generated_Source\PSoC4/cyfitter_cfg.c **** 	uint8 offset;
 154:Generated_Source\PSoC4/cyfitter_cfg.c **** 	uint8 value;
 155:Generated_Source\PSoC4/cyfitter_cfg.c **** } CYPACKED_ATTR cy_cfg_addrvalue_t;
 156:Generated_Source\PSoC4/cyfitter_cfg.c **** 
 157:Generated_Source\PSoC4/cyfitter_cfg.c **** 
 158:Generated_Source\PSoC4/cyfitter_cfg.c **** 
 159:Generated_Source\PSoC4/cyfitter_cfg.c **** /*******************************************************************************
 160:Generated_Source\PSoC4/cyfitter_cfg.c **** * Function Name: cfg_write_bytes32
 161:Generated_Source\PSoC4/cyfitter_cfg.c **** ********************************************************************************
 162:Generated_Source\PSoC4/cyfitter_cfg.c **** * Summary:
 163:Generated_Source\PSoC4/cyfitter_cfg.c **** *  This function is used for setting up the chip configuration areas that
 164:Generated_Source\PSoC4/cyfitter_cfg.c **** *  contain relatively sparse data.
 165:Generated_Source\PSoC4/cyfitter_cfg.c **** *
 166:Generated_Source\PSoC4/cyfitter_cfg.c **** * Parameters:
 167:Generated_Source\PSoC4/cyfitter_cfg.c **** *   void
 168:Generated_Source\PSoC4/cyfitter_cfg.c **** *
 169:Generated_Source\PSoC4/cyfitter_cfg.c **** * Return:
 170:Generated_Source\PSoC4/cyfitter_cfg.c **** *   void
 171:Generated_Source\PSoC4/cyfitter_cfg.c **** *
 172:Generated_Source\PSoC4/cyfitter_cfg.c **** *******************************************************************************/
 173:Generated_Source\PSoC4/cyfitter_cfg.c **** static void cfg_write_bytes32(const uint32 addr_table[], const cy_cfg_addrvalue_t data_table[]);
 174:Generated_Source\PSoC4/cyfitter_cfg.c **** static void cfg_write_bytes32(const uint32 addr_table[], const cy_cfg_addrvalue_t data_table[])
 175:Generated_Source\PSoC4/cyfitter_cfg.c **** {
  27              		.loc 1 175 0
  28              		.cfi_startproc
  29              		@ args = 0, pretend = 0, frame = 0
  30              		@ frame_needed = 0, uses_anonymous_args = 0
  31              	.LVL0:
  32 0000 F0B5     		push	{r4, r5, r6, r7, lr}
  33              		.cfi_def_cfa_offset 20
  34              		.cfi_offset 4, -20
  35              		.cfi_offset 5, -16
  36              		.cfi_offset 6, -12
  37              		.cfi_offset 7, -8
  38              		.cfi_offset 14, -4
  39              	.LVL1:
 176:Generated_Source\PSoC4/cyfitter_cfg.c **** 	/* For 32-bit little-endian architectures */
 177:Generated_Source\PSoC4/cyfitter_cfg.c **** 	uint32 i, j = 0u;
  40              		.loc 1 177 0
  41 0002 0025     		movs	r5, #0
 178:Generated_Source\PSoC4/cyfitter_cfg.c **** 	for (i = 0u; i < CY_CFG_BASE_ADDR_COUNT; i++)
  42              		.loc 1 178 0
  43 0004 0027     		movs	r7, #0
  44 0006 11E0     		b	.L2
  45              	.LVL2:
  46              	.L5:
  47              	.LBB2:
 179:Generated_Source\PSoC4/cyfitter_cfg.c **** 	{
 180:Generated_Source\PSoC4/cyfitter_cfg.c **** 		uint32 baseAddr = addr_table[i];
  48              		.loc 1 180 0
ARM GAS  C:\Users\HP1\AppData\Local\Temp\ccmL88ev.s 			page 5


  49 0008 BB00     		lsls	r3, r7, #2
  50 000a C658     		ldr	r6, [r0, r3]
  51              	.LVL3:
 181:Generated_Source\PSoC4/cyfitter_cfg.c **** 		uint8 count = (uint8)baseAddr;
  52              		.loc 1 181 0
  53 000c F3B2     		uxtb	r3, r6
  54              	.LVL4:
 182:Generated_Source\PSoC4/cyfitter_cfg.c **** 		baseAddr &= 0xFFFFFF00u;
  55              		.loc 1 182 0
  56 000e FF22     		movs	r2, #255
  57 0010 9643     		bics	r6, r2
  58              	.LVL5:
 183:Generated_Source\PSoC4/cyfitter_cfg.c **** 		while (count != 0u)
  59              		.loc 1 183 0
  60 0012 08E0     		b	.L3
  61              	.L4:
 184:Generated_Source\PSoC4/cyfitter_cfg.c **** 		{
 185:Generated_Source\PSoC4/cyfitter_cfg.c **** 			CY_SET_REG8((void *)(baseAddr + data_table[j].offset), data_table[j].value);
  62              		.loc 1 185 0
  63 0014 6A00     		lsls	r2, r5, #1
  64 0016 8A18     		adds	r2, r1, r2
  65 0018 1478     		ldrb	r4, [r2]
  66 001a A419     		adds	r4, r4, r6
  67 001c 5278     		ldrb	r2, [r2, #1]
  68 001e 2270     		strb	r2, [r4]
 186:Generated_Source\PSoC4/cyfitter_cfg.c **** 			j++;
  69              		.loc 1 186 0
  70 0020 0135     		adds	r5, r5, #1
  71              	.LVL6:
 187:Generated_Source\PSoC4/cyfitter_cfg.c **** 			count--;
  72              		.loc 1 187 0
  73 0022 013B     		subs	r3, r3, #1
  74              	.LVL7:
  75 0024 DBB2     		uxtb	r3, r3
  76              	.LVL8:
  77              	.L3:
 183:Generated_Source\PSoC4/cyfitter_cfg.c **** 		{
  78              		.loc 1 183 0
  79 0026 002B     		cmp	r3, #0
  80 0028 F4D1     		bne	.L4
  81              	.LBE2:
 178:Generated_Source\PSoC4/cyfitter_cfg.c **** 	{
  82              		.loc 1 178 0 discriminator 2
  83 002a 0137     		adds	r7, r7, #1
  84              	.LVL9:
  85              	.L2:
 178:Generated_Source\PSoC4/cyfitter_cfg.c **** 	{
  86              		.loc 1 178 0 is_stmt 0 discriminator 1
  87 002c 042F     		cmp	r7, #4
  88 002e EBD9     		bls	.L5
 188:Generated_Source\PSoC4/cyfitter_cfg.c **** 		}
 189:Generated_Source\PSoC4/cyfitter_cfg.c **** 	}
 190:Generated_Source\PSoC4/cyfitter_cfg.c **** }
  89              		.loc 1 190 0 is_stmt 1
  90              		@ sp needed
  91              	.LVL10:
  92              	.LVL11:
ARM GAS  C:\Users\HP1\AppData\Local\Temp\ccmL88ev.s 			page 6


  93 0030 F0BD     		pop	{r4, r5, r6, r7, pc}
  94              		.cfi_endproc
  95              	.LFE4:
  96              		.size	cfg_write_bytes32, .-cfg_write_bytes32
  97 0032 C046     		.section	.text.AnalogSetDefault,"ax",%progbits
  98              		.align	2
  99              		.code	16
 100              		.thumb_func
 101              		.type	AnalogSetDefault, %function
 102              	AnalogSetDefault:
 103              	.LFB6:
 191:Generated_Source\PSoC4/cyfitter_cfg.c **** 
 192:Generated_Source\PSoC4/cyfitter_cfg.c **** 
 193:Generated_Source\PSoC4/cyfitter_cfg.c **** /*******************************************************************************
 194:Generated_Source\PSoC4/cyfitter_cfg.c **** * Function Name: ClockSetup
 195:Generated_Source\PSoC4/cyfitter_cfg.c **** ********************************************************************************
 196:Generated_Source\PSoC4/cyfitter_cfg.c **** *
 197:Generated_Source\PSoC4/cyfitter_cfg.c **** * Summary:
 198:Generated_Source\PSoC4/cyfitter_cfg.c **** *   Performs the initialization of all of the clocks in the device based on the
 199:Generated_Source\PSoC4/cyfitter_cfg.c **** *   settings in the Clock tab of the DWR.  This includes enabling the requested
 200:Generated_Source\PSoC4/cyfitter_cfg.c **** *   clocks and setting the necessary dividers to produce the desired frequency. 
 201:Generated_Source\PSoC4/cyfitter_cfg.c **** *
 202:Generated_Source\PSoC4/cyfitter_cfg.c **** * Parameters:
 203:Generated_Source\PSoC4/cyfitter_cfg.c **** *   void
 204:Generated_Source\PSoC4/cyfitter_cfg.c **** *
 205:Generated_Source\PSoC4/cyfitter_cfg.c **** * Return:
 206:Generated_Source\PSoC4/cyfitter_cfg.c **** *   void
 207:Generated_Source\PSoC4/cyfitter_cfg.c **** *
 208:Generated_Source\PSoC4/cyfitter_cfg.c **** *******************************************************************************/
 209:Generated_Source\PSoC4/cyfitter_cfg.c **** static void ClockSetup(void);
 210:Generated_Source\PSoC4/cyfitter_cfg.c **** CY_CFG_SECTION
 211:Generated_Source\PSoC4/cyfitter_cfg.c **** static void ClockSetup(void)
 212:Generated_Source\PSoC4/cyfitter_cfg.c **** {
 213:Generated_Source\PSoC4/cyfitter_cfg.c **** 
 214:Generated_Source\PSoC4/cyfitter_cfg.c **** 	/* Set Flash Cycles based on max possible frequency in case a glitch occurs during ClockSetup(). *
 215:Generated_Source\PSoC4/cyfitter_cfg.c **** 	CY_SET_REG32((void CYXDATA *)(CYREG_CPUSS_FLASH_CTL), (0x0012u));
 216:Generated_Source\PSoC4/cyfitter_cfg.c **** 	/* Setup and trim IMO based on desired frequency. */
 217:Generated_Source\PSoC4/cyfitter_cfg.c **** 	CySysClkWriteImoFreq(48u);
 218:Generated_Source\PSoC4/cyfitter_cfg.c **** 	/* CYDEV_CLK_ILO_CONFIG Starting address: CYDEV_CLK_ILO_CONFIG */
 219:Generated_Source\PSoC4/cyfitter_cfg.c **** 	CY_SET_REG32((void *)(CYREG_CLK_ILO_CONFIG), 0x80000006u);
 220:Generated_Source\PSoC4/cyfitter_cfg.c **** 
 221:Generated_Source\PSoC4/cyfitter_cfg.c **** 
 222:Generated_Source\PSoC4/cyfitter_cfg.c **** 	/* Setup phase aligned clocks */
 223:Generated_Source\PSoC4/cyfitter_cfg.c **** 	CY_SET_REG32((void *)CYREG_PERI_DIV_16_CTL0, 0x00BB7F00u);
 224:Generated_Source\PSoC4/cyfitter_cfg.c **** 	CY_SET_REG32((void *)CYREG_PERI_DIV_CMD, 0x8000FF40u);
 225:Generated_Source\PSoC4/cyfitter_cfg.c **** 
 226:Generated_Source\PSoC4/cyfitter_cfg.c **** 	/* CYDEV_CLK_IMO_CONFIG Starting address: CYDEV_CLK_IMO_CONFIG */
 227:Generated_Source\PSoC4/cyfitter_cfg.c **** 	CY_SET_REG32((void *)(CYREG_CLK_IMO_CONFIG), 0x80000000u);
 228:Generated_Source\PSoC4/cyfitter_cfg.c **** 
 229:Generated_Source\PSoC4/cyfitter_cfg.c **** 	/* CYDEV_CLK_SELECT Starting address: CYDEV_CLK_SELECT */
 230:Generated_Source\PSoC4/cyfitter_cfg.c **** 	CY_SET_REG32((void *)(CYREG_CLK_SELECT), 0x00040000u);
 231:Generated_Source\PSoC4/cyfitter_cfg.c **** 
 232:Generated_Source\PSoC4/cyfitter_cfg.c **** 	/* CYDEV_PERI_PCLK_CTL19 Starting address: CYDEV_PERI_PCLK_CTL19 */
 233:Generated_Source\PSoC4/cyfitter_cfg.c **** 	CY_SET_REG32((void *)(CYREG_PERI_PCLK_CTL19), 0x00000040u);
 234:Generated_Source\PSoC4/cyfitter_cfg.c **** 
 235:Generated_Source\PSoC4/cyfitter_cfg.c **** 	(void)CyIntSetVector(7u, &CySysWdtIsr);
 236:Generated_Source\PSoC4/cyfitter_cfg.c **** 	CyIntEnable(7u);
ARM GAS  C:\Users\HP1\AppData\Local\Temp\ccmL88ev.s 			page 7


 237:Generated_Source\PSoC4/cyfitter_cfg.c **** 	CY_SET_REG32((void *)(CYREG_WDT_CONFIG), 0x00000000u);
 238:Generated_Source\PSoC4/cyfitter_cfg.c **** }
 239:Generated_Source\PSoC4/cyfitter_cfg.c **** 
 240:Generated_Source\PSoC4/cyfitter_cfg.c **** 
 241:Generated_Source\PSoC4/cyfitter_cfg.c **** /* Analog API Functions */
 242:Generated_Source\PSoC4/cyfitter_cfg.c **** 
 243:Generated_Source\PSoC4/cyfitter_cfg.c **** 
 244:Generated_Source\PSoC4/cyfitter_cfg.c **** /*******************************************************************************
 245:Generated_Source\PSoC4/cyfitter_cfg.c **** * Function Name: AnalogSetDefault
 246:Generated_Source\PSoC4/cyfitter_cfg.c **** ********************************************************************************
 247:Generated_Source\PSoC4/cyfitter_cfg.c **** *
 248:Generated_Source\PSoC4/cyfitter_cfg.c **** * Summary:
 249:Generated_Source\PSoC4/cyfitter_cfg.c **** *  Sets up the analog portions of the chip to default values based on chip
 250:Generated_Source\PSoC4/cyfitter_cfg.c **** *  configuration options from the project.
 251:Generated_Source\PSoC4/cyfitter_cfg.c **** *
 252:Generated_Source\PSoC4/cyfitter_cfg.c **** * Parameters:
 253:Generated_Source\PSoC4/cyfitter_cfg.c **** *  void
 254:Generated_Source\PSoC4/cyfitter_cfg.c **** *
 255:Generated_Source\PSoC4/cyfitter_cfg.c **** * Return:
 256:Generated_Source\PSoC4/cyfitter_cfg.c **** *  void
 257:Generated_Source\PSoC4/cyfitter_cfg.c **** *
 258:Generated_Source\PSoC4/cyfitter_cfg.c **** *******************************************************************************/
 259:Generated_Source\PSoC4/cyfitter_cfg.c **** static void AnalogSetDefault(void);
 260:Generated_Source\PSoC4/cyfitter_cfg.c **** static void AnalogSetDefault(void)
 261:Generated_Source\PSoC4/cyfitter_cfg.c **** {
 104              		.loc 1 261 0
 105              		.cfi_startproc
 106              		@ args = 0, pretend = 0, frame = 0
 107              		@ frame_needed = 0, uses_anonymous_args = 0
 108              		@ link register save eliminated.
 262:Generated_Source\PSoC4/cyfitter_cfg.c **** 	CY_SET_XTND_REG32((void CYFAR *)CYREG_CTBM0_DFT_CTRL, 0x00000003u);
 109              		.loc 1 262 0
 110 0000 0323     		movs	r3, #3
 111 0002 044A     		ldr	r2, .L7
 112 0004 1360     		str	r3, [r2]
 263:Generated_Source\PSoC4/cyfitter_cfg.c **** 	CY_SET_XTND_REG32((void CYFAR *)CYREG_CTBM1_DFT_CTRL, 0x00000003u);
 113              		.loc 1 263 0
 114 0006 044A     		ldr	r2, .L7+4
 115 0008 1360     		str	r3, [r2]
 264:Generated_Source\PSoC4/cyfitter_cfg.c **** 	CY_SET_XTND_REG32((void CYFAR *)CYREG_PASS_DSAB_DSAB_CTRL, 0x00000000u);
 116              		.loc 1 264 0
 117 000a 0022     		movs	r2, #0
 118 000c 034B     		ldr	r3, .L7+8
 119 000e 1A60     		str	r2, [r3]
 265:Generated_Source\PSoC4/cyfitter_cfg.c **** }
 120              		.loc 1 265 0
 121              		@ sp needed
 122 0010 7047     		bx	lr
 123              	.L8:
 124 0012 C046     		.align	2
 125              	.L7:
 126 0014 30003040 		.word	1076887600
 127 0018 30003140 		.word	1076953136
 128 001c 000E3F40 		.word	1077874176
 129              		.cfi_endproc
 130              	.LFE6:
 131              		.size	AnalogSetDefault, .-AnalogSetDefault
ARM GAS  C:\Users\HP1\AppData\Local\Temp\ccmL88ev.s 			page 8


 132              		.section	.text.CYMEMZERO,"ax",%progbits
 133              		.align	2
 134              		.code	16
 135              		.thumb_func
 136              		.type	CYMEMZERO, %function
 137              	CYMEMZERO:
 138              	.LFB1:
  77:Generated_Source\PSoC4/cyfitter_cfg.c **** 	(void)memset(s, 0, n);
 139              		.loc 1 77 0
 140              		.cfi_startproc
 141              		@ args = 0, pretend = 0, frame = 0
 142              		@ frame_needed = 0, uses_anonymous_args = 0
 143              	.LVL12:
 144 0000 10B5     		push	{r4, lr}
 145              		.cfi_def_cfa_offset 8
 146              		.cfi_offset 4, -8
 147              		.cfi_offset 14, -4
 148 0002 0A00     		movs	r2, r1
  78:Generated_Source\PSoC4/cyfitter_cfg.c **** }
 149              		.loc 1 78 0
 150 0004 0021     		movs	r1, #0
 151              	.LVL13:
 152 0006 FFF7FEFF 		bl	memset
 153              	.LVL14:
  79:Generated_Source\PSoC4/cyfitter_cfg.c **** CY_CFG_UNUSED
 154              		.loc 1 79 0
 155              		@ sp needed
 156 000a 10BD     		pop	{r4, pc}
 157              		.cfi_endproc
 158              	.LFE1:
 159              		.size	CYMEMZERO, .-CYMEMZERO
 160              		.section	.psocinit,"ax",%progbits
 161              		.align	2
 162              		.code	16
 163              		.thumb_func
 164              		.type	ClockSetup, %function
 165              	ClockSetup:
 166              	.LFB5:
 212:Generated_Source\PSoC4/cyfitter_cfg.c **** 
 167              		.loc 1 212 0
 168              		.cfi_startproc
 169              		@ args = 0, pretend = 0, frame = 0
 170              		@ frame_needed = 0, uses_anonymous_args = 0
 171 0000 10B5     		push	{r4, lr}
 172              		.cfi_def_cfa_offset 8
 173              		.cfi_offset 4, -8
 174              		.cfi_offset 14, -4
 215:Generated_Source\PSoC4/cyfitter_cfg.c **** 	/* Setup and trim IMO based on desired frequency. */
 175              		.loc 1 215 0
 176 0002 1222     		movs	r2, #18
 177 0004 114B     		ldr	r3, .L11
 178 0006 1A60     		str	r2, [r3]
 217:Generated_Source\PSoC4/cyfitter_cfg.c **** 	/* CYDEV_CLK_ILO_CONFIG Starting address: CYDEV_CLK_ILO_CONFIG */
 179              		.loc 1 217 0
 180 0008 3020     		movs	r0, #48
 181 000a FFF7FEFF 		bl	CySysClkWriteImoFreq
 182              	.LVL15:
ARM GAS  C:\Users\HP1\AppData\Local\Temp\ccmL88ev.s 			page 9


 219:Generated_Source\PSoC4/cyfitter_cfg.c **** 
 183              		.loc 1 219 0
 184 000e 104A     		ldr	r2, .L11+4
 185 0010 104B     		ldr	r3, .L11+8
 186 0012 1A60     		str	r2, [r3]
 223:Generated_Source\PSoC4/cyfitter_cfg.c **** 	CY_SET_REG32((void *)CYREG_PERI_DIV_CMD, 0x8000FF40u);
 187              		.loc 1 223 0
 188 0014 104A     		ldr	r2, .L11+12
 189 0016 114B     		ldr	r3, .L11+16
 190 0018 1A60     		str	r2, [r3]
 224:Generated_Source\PSoC4/cyfitter_cfg.c **** 
 191              		.loc 1 224 0
 192 001a 114A     		ldr	r2, .L11+20
 193 001c 114B     		ldr	r3, .L11+24
 194 001e 1A60     		str	r2, [r3]
 227:Generated_Source\PSoC4/cyfitter_cfg.c **** 
 195              		.loc 1 227 0
 196 0020 8022     		movs	r2, #128
 197 0022 1206     		lsls	r2, r2, #24
 198 0024 104B     		ldr	r3, .L11+28
 199 0026 1A60     		str	r2, [r3]
 230:Generated_Source\PSoC4/cyfitter_cfg.c **** 
 200              		.loc 1 230 0
 201 0028 8022     		movs	r2, #128
 202 002a D202     		lsls	r2, r2, #11
 203 002c 0F4B     		ldr	r3, .L11+32
 204 002e 1A60     		str	r2, [r3]
 233:Generated_Source\PSoC4/cyfitter_cfg.c **** 
 205              		.loc 1 233 0
 206 0030 4022     		movs	r2, #64
 207 0032 0F4B     		ldr	r3, .L11+36
 208 0034 1A60     		str	r2, [r3]
 235:Generated_Source\PSoC4/cyfitter_cfg.c **** 	CyIntEnable(7u);
 209              		.loc 1 235 0
 210 0036 0F49     		ldr	r1, .L11+40
 211 0038 0720     		movs	r0, #7
 212 003a FFF7FEFF 		bl	CyIntSetVector
 213              	.LVL16:
 236:Generated_Source\PSoC4/cyfitter_cfg.c **** 	CY_SET_REG32((void *)(CYREG_WDT_CONFIG), 0x00000000u);
 214              		.loc 1 236 0
 215 003e 0720     		movs	r0, #7
 216 0040 FFF7FEFF 		bl	CyIntEnable
 217              	.LVL17:
 237:Generated_Source\PSoC4/cyfitter_cfg.c **** }
 218              		.loc 1 237 0
 219 0044 0022     		movs	r2, #0
 220 0046 0C4B     		ldr	r3, .L11+44
 221 0048 1A60     		str	r2, [r3]
 238:Generated_Source\PSoC4/cyfitter_cfg.c **** 
 222              		.loc 1 238 0
 223              		@ sp needed
 224 004a 10BD     		pop	{r4, pc}
 225              	.L12:
 226              		.align	2
 227              	.L11:
 228 004c 30001040 		.word	1074790448
 229 0050 06000080 		.word	-2147483642
ARM GAS  C:\Users\HP1\AppData\Local\Temp\ccmL88ev.s 			page 10


 230 0054 04010B40 		.word	1074462980
 231 0058 007FBB00 		.word	12287744
 232 005c 00030140 		.word	1073808128
 233 0060 40FF0080 		.word	-2147418304
 234 0064 00000140 		.word	1073807360
 235 0068 08010B40 		.word	1074462984
 236 006c 00010B40 		.word	1074462976
 237 0070 4C010140 		.word	1073807692
 238 0074 00000000 		.word	CySysWdtIsr
 239 0078 0C020B40 		.word	1074463244
 240              		.cfi_endproc
 241              	.LFE5:
 242              		.size	ClockSetup, .-ClockSetup
 243              		.align	2
 244              		.global	cyfitter_cfg
 245              		.code	16
 246              		.thumb_func
 247              		.type	cyfitter_cfg, %function
 248              	cyfitter_cfg:
 249              	.LFB7:
 266:Generated_Source\PSoC4/cyfitter_cfg.c **** 
 267:Generated_Source\PSoC4/cyfitter_cfg.c **** 
 268:Generated_Source\PSoC4/cyfitter_cfg.c **** 
 269:Generated_Source\PSoC4/cyfitter_cfg.c **** 
 270:Generated_Source\PSoC4/cyfitter_cfg.c **** /*******************************************************************************
 271:Generated_Source\PSoC4/cyfitter_cfg.c **** * Function Name: cyfitter_cfg
 272:Generated_Source\PSoC4/cyfitter_cfg.c **** ********************************************************************************
 273:Generated_Source\PSoC4/cyfitter_cfg.c **** * Summary:
 274:Generated_Source\PSoC4/cyfitter_cfg.c **** *  This function is called by the start-up code for the selected device. It
 275:Generated_Source\PSoC4/cyfitter_cfg.c **** *  performs all of the necessary device configuration based on the design
 276:Generated_Source\PSoC4/cyfitter_cfg.c **** *  settings.  This includes settings from the Design Wide Resources (DWR) such
 277:Generated_Source\PSoC4/cyfitter_cfg.c **** *  as Clocks and Pins as well as any component configuration that is necessary.
 278:Generated_Source\PSoC4/cyfitter_cfg.c **** *
 279:Generated_Source\PSoC4/cyfitter_cfg.c **** * Parameters:
 280:Generated_Source\PSoC4/cyfitter_cfg.c **** *   void
 281:Generated_Source\PSoC4/cyfitter_cfg.c **** *
 282:Generated_Source\PSoC4/cyfitter_cfg.c **** * Return:
 283:Generated_Source\PSoC4/cyfitter_cfg.c **** *   void
 284:Generated_Source\PSoC4/cyfitter_cfg.c **** *
 285:Generated_Source\PSoC4/cyfitter_cfg.c **** *******************************************************************************/
 286:Generated_Source\PSoC4/cyfitter_cfg.c **** CY_CFG_SECTION
 287:Generated_Source\PSoC4/cyfitter_cfg.c **** void cyfitter_cfg(void)
 288:Generated_Source\PSoC4/cyfitter_cfg.c **** {
 250              		.loc 1 288 0
 251              		.cfi_startproc
 252              		@ args = 0, pretend = 0, frame = 0
 253              		@ frame_needed = 0, uses_anonymous_args = 0
 254 007c 10B5     		push	{r4, lr}
 255              		.cfi_def_cfa_offset 8
 256              		.cfi_offset 4, -8
 257              		.cfi_offset 14, -4
 289:Generated_Source\PSoC4/cyfitter_cfg.c **** 	/* Disable interrupts by default. Let user enable if/when they want. */
 290:Generated_Source\PSoC4/cyfitter_cfg.c **** 	CyGlobalIntDisable;
 258              		.loc 1 290 0
 259              		.syntax divided
 260              	@ 290 "Generated_Source\PSoC4\cyfitter_cfg.c" 1
 261 007e 72B6     		CPSID   i
ARM GAS  C:\Users\HP1\AppData\Local\Temp\ccmL88ev.s 			page 11


 262              	@ 0 "" 2
 263              	.LVL18:
 264              		.thumb
 265              		.syntax unified
 266              	.LBB3:
 291:Generated_Source\PSoC4/cyfitter_cfg.c **** 
 292:Generated_Source\PSoC4/cyfitter_cfg.c **** 	{
 293:Generated_Source\PSoC4/cyfitter_cfg.c **** 		static const uint32 CYCODE cy_cfg_addr_table[] = {
 294:Generated_Source\PSoC4/cyfitter_cfg.c **** 			0x400F321Du, /* Base address: 0x400F3200 Count: 29 */
 295:Generated_Source\PSoC4/cyfitter_cfg.c **** 			0x400F3315u, /* Base address: 0x400F3300 Count: 21 */
 296:Generated_Source\PSoC4/cyfitter_cfg.c **** 			0x400F4006u, /* Base address: 0x400F4000 Count: 6 */
 297:Generated_Source\PSoC4/cyfitter_cfg.c **** 			0x400F4109u, /* Base address: 0x400F4100 Count: 9 */
 298:Generated_Source\PSoC4/cyfitter_cfg.c **** 			0x400F6002u, /* Base address: 0x400F6000 Count: 2 */
 299:Generated_Source\PSoC4/cyfitter_cfg.c **** 		};
 300:Generated_Source\PSoC4/cyfitter_cfg.c **** 
 301:Generated_Source\PSoC4/cyfitter_cfg.c **** 		static const cy_cfg_addrvalue_t CYCODE cy_cfg_data_table[] = {
 302:Generated_Source\PSoC4/cyfitter_cfg.c **** 			{0x00u, 0x08u},
 303:Generated_Source\PSoC4/cyfitter_cfg.c **** 			{0x02u, 0x04u},
 304:Generated_Source\PSoC4/cyfitter_cfg.c **** 			{0x04u, 0x08u},
 305:Generated_Source\PSoC4/cyfitter_cfg.c **** 			{0x06u, 0x04u},
 306:Generated_Source\PSoC4/cyfitter_cfg.c **** 			{0x10u, 0x01u},
 307:Generated_Source\PSoC4/cyfitter_cfg.c **** 			{0x19u, 0x05u},
 308:Generated_Source\PSoC4/cyfitter_cfg.c **** 			{0x1Bu, 0x08u},
 309:Generated_Source\PSoC4/cyfitter_cfg.c **** 			{0x1Du, 0x08u},
 310:Generated_Source\PSoC4/cyfitter_cfg.c **** 			{0x1Eu, 0x03u},
 311:Generated_Source\PSoC4/cyfitter_cfg.c **** 			{0x1Fu, 0x06u},
 312:Generated_Source\PSoC4/cyfitter_cfg.c **** 			{0x30u, 0x02u},
 313:Generated_Source\PSoC4/cyfitter_cfg.c **** 			{0x31u, 0x01u},
 314:Generated_Source\PSoC4/cyfitter_cfg.c **** 			{0x32u, 0x04u},
 315:Generated_Source\PSoC4/cyfitter_cfg.c **** 			{0x33u, 0x02u},
 316:Generated_Source\PSoC4/cyfitter_cfg.c **** 			{0x34u, 0x01u},
 317:Generated_Source\PSoC4/cyfitter_cfg.c **** 			{0x35u, 0x08u},
 318:Generated_Source\PSoC4/cyfitter_cfg.c **** 			{0x36u, 0x08u},
 319:Generated_Source\PSoC4/cyfitter_cfg.c **** 			{0x37u, 0x04u},
 320:Generated_Source\PSoC4/cyfitter_cfg.c **** 			{0x38u, 0xA8u},
 321:Generated_Source\PSoC4/cyfitter_cfg.c **** 			{0x39u, 0xA0u},
 322:Generated_Source\PSoC4/cyfitter_cfg.c **** 			{0x3Au, 0x02u},
 323:Generated_Source\PSoC4/cyfitter_cfg.c **** 			{0x3Eu, 0x44u},
 324:Generated_Source\PSoC4/cyfitter_cfg.c **** 			{0x3Fu, 0x50u},
 325:Generated_Source\PSoC4/cyfitter_cfg.c **** 			{0x58u, 0x04u},
 326:Generated_Source\PSoC4/cyfitter_cfg.c **** 			{0x59u, 0x0Au},
 327:Generated_Source\PSoC4/cyfitter_cfg.c **** 			{0x5Fu, 0x01u},
 328:Generated_Source\PSoC4/cyfitter_cfg.c **** 			{0xB8u, 0x80u},
 329:Generated_Source\PSoC4/cyfitter_cfg.c **** 			{0xD8u, 0x04u},
 330:Generated_Source\PSoC4/cyfitter_cfg.c **** 			{0xDFu, 0x01u},
 331:Generated_Source\PSoC4/cyfitter_cfg.c **** 			{0x07u, 0x50u},
 332:Generated_Source\PSoC4/cyfitter_cfg.c **** 			{0x0Eu, 0x81u},
 333:Generated_Source\PSoC4/cyfitter_cfg.c **** 			{0x1Au, 0x01u},
 334:Generated_Source\PSoC4/cyfitter_cfg.c **** 			{0x1Cu, 0x20u},
 335:Generated_Source\PSoC4/cyfitter_cfg.c **** 			{0x1Du, 0x80u},
 336:Generated_Source\PSoC4/cyfitter_cfg.c **** 			{0x1Eu, 0x80u},
 337:Generated_Source\PSoC4/cyfitter_cfg.c **** 			{0x1Fu, 0x20u},
 338:Generated_Source\PSoC4/cyfitter_cfg.c **** 			{0x24u, 0x08u},
 339:Generated_Source\PSoC4/cyfitter_cfg.c **** 			{0x27u, 0x51u},
 340:Generated_Source\PSoC4/cyfitter_cfg.c **** 			{0x37u, 0x50u},
 341:Generated_Source\PSoC4/cyfitter_cfg.c **** 			{0x7Fu, 0x20u},
 342:Generated_Source\PSoC4/cyfitter_cfg.c **** 			{0x84u, 0x10u},
ARM GAS  C:\Users\HP1\AppData\Local\Temp\ccmL88ev.s 			page 12


 343:Generated_Source\PSoC4/cyfitter_cfg.c **** 			{0x87u, 0x01u},
 344:Generated_Source\PSoC4/cyfitter_cfg.c **** 			{0x8Du, 0x80u},
 345:Generated_Source\PSoC4/cyfitter_cfg.c **** 			{0x94u, 0x08u},
 346:Generated_Source\PSoC4/cyfitter_cfg.c **** 			{0xA8u, 0x04u},
 347:Generated_Source\PSoC4/cyfitter_cfg.c **** 			{0xC0u, 0x30u},
 348:Generated_Source\PSoC4/cyfitter_cfg.c **** 			{0xC2u, 0x90u},
 349:Generated_Source\PSoC4/cyfitter_cfg.c **** 			{0xCCu, 0x30u},
 350:Generated_Source\PSoC4/cyfitter_cfg.c **** 			{0xDEu, 0x40u},
 351:Generated_Source\PSoC4/cyfitter_cfg.c **** 			{0xE2u, 0x10u},
 352:Generated_Source\PSoC4/cyfitter_cfg.c **** 			{0x50u, 0x20u},
 353:Generated_Source\PSoC4/cyfitter_cfg.c **** 			{0x53u, 0x02u},
 354:Generated_Source\PSoC4/cyfitter_cfg.c **** 			{0x56u, 0x08u},
 355:Generated_Source\PSoC4/cyfitter_cfg.c **** 			{0x5Cu, 0x10u},
 356:Generated_Source\PSoC4/cyfitter_cfg.c **** 			{0xD4u, 0xE0u},
 357:Generated_Source\PSoC4/cyfitter_cfg.c **** 			{0xD6u, 0x20u},
 358:Generated_Source\PSoC4/cyfitter_cfg.c **** 			{0x84u, 0x20u},
 359:Generated_Source\PSoC4/cyfitter_cfg.c **** 			{0x87u, 0x02u},
 360:Generated_Source\PSoC4/cyfitter_cfg.c **** 			{0x8Eu, 0x08u},
 361:Generated_Source\PSoC4/cyfitter_cfg.c **** 			{0x9Eu, 0x08u},
 362:Generated_Source\PSoC4/cyfitter_cfg.c **** 			{0xA4u, 0x20u},
 363:Generated_Source\PSoC4/cyfitter_cfg.c **** 			{0xA7u, 0x02u},
 364:Generated_Source\PSoC4/cyfitter_cfg.c **** 			{0xA8u, 0x10u},
 365:Generated_Source\PSoC4/cyfitter_cfg.c **** 			{0xE2u, 0x50u},
 366:Generated_Source\PSoC4/cyfitter_cfg.c **** 			{0xEEu, 0x80u},
 367:Generated_Source\PSoC4/cyfitter_cfg.c **** 			{0x01u, 0x01u},
 368:Generated_Source\PSoC4/cyfitter_cfg.c **** 			{0x10u, 0x01u},
 369:Generated_Source\PSoC4/cyfitter_cfg.c **** 		};
 370:Generated_Source\PSoC4/cyfitter_cfg.c **** 
 371:Generated_Source\PSoC4/cyfitter_cfg.c **** 
 372:Generated_Source\PSoC4/cyfitter_cfg.c **** 
 373:Generated_Source\PSoC4/cyfitter_cfg.c **** 		CYPACKED typedef struct {
 374:Generated_Source\PSoC4/cyfitter_cfg.c **** 			void CYFAR *address;
 375:Generated_Source\PSoC4/cyfitter_cfg.c **** 			uint16 size;
 376:Generated_Source\PSoC4/cyfitter_cfg.c **** 		} CYPACKED_ATTR cfg_memset_t;
 377:Generated_Source\PSoC4/cyfitter_cfg.c **** 
 378:Generated_Source\PSoC4/cyfitter_cfg.c **** 		static const cfg_memset_t CYCODE cfg_memset_list[] = {
 379:Generated_Source\PSoC4/cyfitter_cfg.c **** 			/* address, size */
 380:Generated_Source\PSoC4/cyfitter_cfg.c **** 			{(void CYFAR *)(CYDEV_UDB_P0_U0_BASE), 1024u},
 381:Generated_Source\PSoC4/cyfitter_cfg.c **** 			{(void CYFAR *)(CYDEV_UDB_DSI0_BASE), 1024u},
 382:Generated_Source\PSoC4/cyfitter_cfg.c **** 		};
 383:Generated_Source\PSoC4/cyfitter_cfg.c **** 
 384:Generated_Source\PSoC4/cyfitter_cfg.c **** 		uint8 CYDATA i;
 385:Generated_Source\PSoC4/cyfitter_cfg.c **** 
 386:Generated_Source\PSoC4/cyfitter_cfg.c **** 		/* Zero out critical memory blocks before beginning configuration */
 387:Generated_Source\PSoC4/cyfitter_cfg.c **** 		for (i = 0u; i < (sizeof(cfg_memset_list)/sizeof(cfg_memset_list[0])); i++)
 267              		.loc 1 387 0
 268 0080 0024     		movs	r4, #0
 269 0082 0FE0     		b	.L14
 270              	.LVL19:
 271              	.L15:
 272              	.LBB4:
 388:Generated_Source\PSoC4/cyfitter_cfg.c **** 		{
 389:Generated_Source\PSoC4/cyfitter_cfg.c **** 			const cfg_memset_t CYCODE * CYDATA ms = &cfg_memset_list[i];
 390:Generated_Source\PSoC4/cyfitter_cfg.c **** 			CYMEMZERO(ms->address, (size_t)(uint32)(ms->size));
 273              		.loc 1 390 0 discriminator 3
 274 0084 2248     		ldr	r0, .L16
 275 0086 6200     		lsls	r2, r4, #1
ARM GAS  C:\Users\HP1\AppData\Local\Temp\ccmL88ev.s 			page 13


 276 0088 1319     		adds	r3, r2, r4
 277 008a 5900     		lsls	r1, r3, #1
 278 008c 0B00     		movs	r3, r1
 279 008e 4118     		adds	r1, r0, r1
 280 0090 8988     		ldrh	r1, [r1, #4]
 281 0092 1A5A     		ldrh	r2, [r3, r0]
 282 0094 C318     		adds	r3, r0, r3
 283 0096 5888     		ldrh	r0, [r3, #2]
 284 0098 0004     		lsls	r0, r0, #16
 285 009a 1043     		orrs	r0, r2
 286 009c FFF7FEFF 		bl	CYMEMZERO
 287              	.LVL20:
 288              	.LBE4:
 387:Generated_Source\PSoC4/cyfitter_cfg.c **** 		{
 289              		.loc 1 387 0 discriminator 3
 290 00a0 0134     		adds	r4, r4, #1
 291              	.LVL21:
 292 00a2 E4B2     		uxtb	r4, r4
 293              	.LVL22:
 294              	.L14:
 387:Generated_Source\PSoC4/cyfitter_cfg.c **** 		{
 295              		.loc 1 387 0 is_stmt 0 discriminator 1
 296 00a4 012C     		cmp	r4, #1
 297 00a6 EDD9     		bls	.L15
 391:Generated_Source\PSoC4/cyfitter_cfg.c **** 		}
 392:Generated_Source\PSoC4/cyfitter_cfg.c **** 
 393:Generated_Source\PSoC4/cyfitter_cfg.c **** 		cfg_write_bytes32(cy_cfg_addr_table, cy_cfg_data_table);
 298              		.loc 1 393 0 is_stmt 1
 299 00a8 1949     		ldr	r1, .L16
 300 00aa 0C31     		adds	r1, r1, #12
 301 00ac 1948     		ldr	r0, .L16+4
 302 00ae 1430     		adds	r0, r0, #20
 303 00b0 FFF7FEFF 		bl	cfg_write_bytes32
 304              	.LVL23:
 394:Generated_Source\PSoC4/cyfitter_cfg.c **** 
 395:Generated_Source\PSoC4/cyfitter_cfg.c **** 		/* HSIOM Starting address: CYDEV_HSIOM_BASE */
 396:Generated_Source\PSoC4/cyfitter_cfg.c **** 		CY_SET_REG32((void *)(CYDEV_HSIOM_BASE), 0x00003333u);
 305              		.loc 1 396 0
 306 00b4 184A     		ldr	r2, .L16+8
 307 00b6 194B     		ldr	r3, .L16+12
 308 00b8 1A60     		str	r2, [r3]
 397:Generated_Source\PSoC4/cyfitter_cfg.c **** 		CY_SET_REG32((void *)(CYREG_HSIOM_PORT_SEL3), 0x0000EE00u);
 309              		.loc 1 397 0
 310 00ba EE22     		movs	r2, #238
 311 00bc 1202     		lsls	r2, r2, #8
 312 00be 184B     		ldr	r3, .L16+16
 313 00c0 1A60     		str	r2, [r3]
 398:Generated_Source\PSoC4/cyfitter_cfg.c **** 
 399:Generated_Source\PSoC4/cyfitter_cfg.c **** 		/* UDB_PA_0 Starting address: CYDEV_UDB_PA0_BASE */
 400:Generated_Source\PSoC4/cyfitter_cfg.c **** 		CY_SET_REG32((void *)(CYDEV_UDB_PA0_BASE), 0x00990000u);
 314              		.loc 1 400 0
 315 00c2 9923     		movs	r3, #153
 316 00c4 1B04     		lsls	r3, r3, #16
 317 00c6 174A     		ldr	r2, .L16+20
 318 00c8 1360     		str	r3, [r2]
 401:Generated_Source\PSoC4/cyfitter_cfg.c **** 		CY_SET_REG32((void *)(CYREG_UDB_PA0_CFG8), 0x008D0000u);
 319              		.loc 1 401 0
ARM GAS  C:\Users\HP1\AppData\Local\Temp\ccmL88ev.s 			page 14


 320 00ca 8D21     		movs	r1, #141
 321 00cc 0904     		lsls	r1, r1, #16
 322 00ce 164A     		ldr	r2, .L16+24
 323 00d0 1160     		str	r1, [r2]
 402:Generated_Source\PSoC4/cyfitter_cfg.c **** 
 403:Generated_Source\PSoC4/cyfitter_cfg.c **** 		/* UDB_PA_3 Starting address: CYDEV_UDB_PA3_BASE */
 404:Generated_Source\PSoC4/cyfitter_cfg.c **** 		CY_SET_REG32((void *)(CYDEV_UDB_PA3_BASE), 0x00990000u);
 324              		.loc 1 404 0
 325 00d2 164A     		ldr	r2, .L16+28
 326 00d4 1360     		str	r3, [r2]
 405:Generated_Source\PSoC4/cyfitter_cfg.c **** 
 406:Generated_Source\PSoC4/cyfitter_cfg.c **** 		/* Enable UDB array and digital routing */
 407:Generated_Source\PSoC4/cyfitter_cfg.c **** 		CY_SET_XTND_REG8((void *)CYREG_UDB_UDBIF_WAIT_CFG, (uint8)((CY_GET_XTND_REG8((void *)CYREG_UDB_UD
 327              		.loc 1 407 0
 328 00d6 1649     		ldr	r1, .L16+32
 329 00d8 0B78     		ldrb	r3, [r1]
 330 00da 3C22     		movs	r2, #60
 331 00dc 9343     		bics	r3, r2
 332 00de 1422     		movs	r2, #20
 333 00e0 1343     		orrs	r3, r2
 334 00e2 DBB2     		uxtb	r3, r3
 335 00e4 0B70     		strb	r3, [r1]
 408:Generated_Source\PSoC4/cyfitter_cfg.c **** 		CY_SET_XTND_REG8((void *)CYREG_UDB_UDBIF_BANK_CTL, (uint8)(CY_GET_XTND_REG8((void *)CYREG_UDB_UDB
 336              		.loc 1 408 0
 337 00e6 134A     		ldr	r2, .L16+36
 338 00e8 1178     		ldrb	r1, [r2]
 339 00ea 1623     		movs	r3, #22
 340 00ec 0B43     		orrs	r3, r1
 341 00ee DBB2     		uxtb	r3, r3
 342 00f0 1370     		strb	r3, [r2]
 343              	.LBE3:
 409:Generated_Source\PSoC4/cyfitter_cfg.c **** 	}
 410:Generated_Source\PSoC4/cyfitter_cfg.c **** 
 411:Generated_Source\PSoC4/cyfitter_cfg.c **** 	/* Perform second pass device configuration. These items must be configured in specific order afte
 412:Generated_Source\PSoC4/cyfitter_cfg.c **** 	/* IOPINS0_0 Starting address: CYDEV_GPIO_PRT0_BASE */
 413:Generated_Source\PSoC4/cyfitter_cfg.c **** 	CY_SET_REG32((void *)(CYDEV_GPIO_PRT0_BASE), 0x0000000Fu);
 344              		.loc 1 413 0
 345 00f2 0F22     		movs	r2, #15
 346 00f4 104B     		ldr	r3, .L16+40
 347 00f6 1A60     		str	r2, [r3]
 414:Generated_Source\PSoC4/cyfitter_cfg.c **** 	CY_SET_REG32((void *)(CYREG_GPIO_PRT0_PC), 0x00000DB6u);
 348              		.loc 1 414 0
 349 00f8 104A     		ldr	r2, .L16+44
 350 00fa 114B     		ldr	r3, .L16+48
 351 00fc 1A60     		str	r2, [r3]
 415:Generated_Source\PSoC4/cyfitter_cfg.c **** 
 416:Generated_Source\PSoC4/cyfitter_cfg.c **** 	/* IOPINS0_3 Starting address: CYDEV_GPIO_PRT3_BASE */
 417:Generated_Source\PSoC4/cyfitter_cfg.c **** 	CY_SET_REG32((void *)(CYREG_GPIO_PRT3_PC), 0x00000D80u);
 352              		.loc 1 417 0
 353 00fe 363A     		subs	r2, r2, #54
 354 0100 104B     		ldr	r3, .L16+52
 355 0102 1A60     		str	r2, [r3]
 418:Generated_Source\PSoC4/cyfitter_cfg.c **** 
 419:Generated_Source\PSoC4/cyfitter_cfg.c **** 
 420:Generated_Source\PSoC4/cyfitter_cfg.c **** 	/* Setup clocks based on selections from Clock DWR */
 421:Generated_Source\PSoC4/cyfitter_cfg.c **** 	ClockSetup();
 356              		.loc 1 421 0
ARM GAS  C:\Users\HP1\AppData\Local\Temp\ccmL88ev.s 			page 15


 357 0104 FFF77CFF 		bl	ClockSetup
 358              	.LVL24:
 422:Generated_Source\PSoC4/cyfitter_cfg.c **** 
 423:Generated_Source\PSoC4/cyfitter_cfg.c **** 	/* Perform basic analog initialization to defaults */
 424:Generated_Source\PSoC4/cyfitter_cfg.c **** 	AnalogSetDefault();
 359              		.loc 1 424 0
 360 0108 FFF7FEFF 		bl	AnalogSetDefault
 361              	.LVL25:
 425:Generated_Source\PSoC4/cyfitter_cfg.c **** 
 426:Generated_Source\PSoC4/cyfitter_cfg.c **** }
 362              		.loc 1 426 0
 363              		@ sp needed
 364              	.LVL26:
 365 010c 10BD     		pop	{r4, pc}
 366              	.L17:
 367 010e C046     		.align	2
 368              	.L16:
 369 0110 00000000 		.word	.LANCHOR0
 370 0114 80000000 		.word	.LANCHOR1
 371 0118 33330000 		.word	13107
 372 011c 00000240 		.word	1073872896
 373 0120 00030240 		.word	1073873664
 374 0124 00500F40 		.word	1074745344
 375 0128 08500F40 		.word	1074745352
 376 012c 30500F40 		.word	1074745392
 377 0130 01700F40 		.word	1074753537
 378 0134 00700F40 		.word	1074753536
 379 0138 00000440 		.word	1074003968
 380 013c B60D0000 		.word	3510
 381 0140 08000440 		.word	1074003976
 382 0144 08030440 		.word	1074004744
 383              		.cfi_endproc
 384              	.LFE7:
 385              		.size	cyfitter_cfg, .-cyfitter_cfg
 386              		.section	.rodata
 387              		.align	2
 388              		.set	.LANCHOR0,. + 0
 389              		.set	.LANCHOR1,. + 128
 390              		.type	cfg_memset_list.4911, %object
 391              		.size	cfg_memset_list.4911, 12
 392              	cfg_memset_list.4911:
 393 0000 00300F40 		.word	1074737152
 394 0004 0004     		.short	1024
 395 0006 00400F40 		.4byte	1074741248
 396 000a 0004     		.short	1024
 397              		.type	cy_cfg_data_table.4906, %object
 398              		.size	cy_cfg_data_table.4906, 134
 399              	cy_cfg_data_table.4906:
 400 000c 00       		.byte	0
 401 000d 08       		.byte	8
 402 000e 02       		.byte	2
 403 000f 04       		.byte	4
 404 0010 04       		.byte	4
 405 0011 08       		.byte	8
 406 0012 06       		.byte	6
 407 0013 04       		.byte	4
 408 0014 10       		.byte	16
ARM GAS  C:\Users\HP1\AppData\Local\Temp\ccmL88ev.s 			page 16


 409 0015 01       		.byte	1
 410 0016 19       		.byte	25
 411 0017 05       		.byte	5
 412 0018 1B       		.byte	27
 413 0019 08       		.byte	8
 414 001a 1D       		.byte	29
 415 001b 08       		.byte	8
 416 001c 1E       		.byte	30
 417 001d 03       		.byte	3
 418 001e 1F       		.byte	31
 419 001f 06       		.byte	6
 420 0020 30       		.byte	48
 421 0021 02       		.byte	2
 422 0022 31       		.byte	49
 423 0023 01       		.byte	1
 424 0024 32       		.byte	50
 425 0025 04       		.byte	4
 426 0026 33       		.byte	51
 427 0027 02       		.byte	2
 428 0028 34       		.byte	52
 429 0029 01       		.byte	1
 430 002a 35       		.byte	53
 431 002b 08       		.byte	8
 432 002c 36       		.byte	54
 433 002d 08       		.byte	8
 434 002e 37       		.byte	55
 435 002f 04       		.byte	4
 436 0030 38       		.byte	56
 437 0031 A8       		.byte	-88
 438 0032 39       		.byte	57
 439 0033 A0       		.byte	-96
 440 0034 3A       		.byte	58
 441 0035 02       		.byte	2
 442 0036 3E       		.byte	62
 443 0037 44       		.byte	68
 444 0038 3F       		.byte	63
 445 0039 50       		.byte	80
 446 003a 58       		.byte	88
 447 003b 04       		.byte	4
 448 003c 59       		.byte	89
 449 003d 0A       		.byte	10
 450 003e 5F       		.byte	95
 451 003f 01       		.byte	1
 452 0040 B8       		.byte	-72
 453 0041 80       		.byte	-128
 454 0042 D8       		.byte	-40
 455 0043 04       		.byte	4
 456 0044 DF       		.byte	-33
 457 0045 01       		.byte	1
 458 0046 07       		.byte	7
 459 0047 50       		.byte	80
 460 0048 0E       		.byte	14
 461 0049 81       		.byte	-127
 462 004a 1A       		.byte	26
 463 004b 01       		.byte	1
 464 004c 1C       		.byte	28
 465 004d 20       		.byte	32
ARM GAS  C:\Users\HP1\AppData\Local\Temp\ccmL88ev.s 			page 17


 466 004e 1D       		.byte	29
 467 004f 80       		.byte	-128
 468 0050 1E       		.byte	30
 469 0051 80       		.byte	-128
 470 0052 1F       		.byte	31
 471 0053 20       		.byte	32
 472 0054 24       		.byte	36
 473 0055 08       		.byte	8
 474 0056 27       		.byte	39
 475 0057 51       		.byte	81
 476 0058 37       		.byte	55
 477 0059 50       		.byte	80
 478 005a 7F       		.byte	127
 479 005b 20       		.byte	32
 480 005c 84       		.byte	-124
 481 005d 10       		.byte	16
 482 005e 87       		.byte	-121
 483 005f 01       		.byte	1
 484 0060 8D       		.byte	-115
 485 0061 80       		.byte	-128
 486 0062 94       		.byte	-108
 487 0063 08       		.byte	8
 488 0064 A8       		.byte	-88
 489 0065 04       		.byte	4
 490 0066 C0       		.byte	-64
 491 0067 30       		.byte	48
 492 0068 C2       		.byte	-62
 493 0069 90       		.byte	-112
 494 006a CC       		.byte	-52
 495 006b 30       		.byte	48
 496 006c DE       		.byte	-34
 497 006d 40       		.byte	64
 498 006e E2       		.byte	-30
 499 006f 10       		.byte	16
 500 0070 50       		.byte	80
 501 0071 20       		.byte	32
 502 0072 53       		.byte	83
 503 0073 02       		.byte	2
 504 0074 56       		.byte	86
 505 0075 08       		.byte	8
 506 0076 5C       		.byte	92
 507 0077 10       		.byte	16
 508 0078 D4       		.byte	-44
 509 0079 E0       		.byte	-32
 510 007a D6       		.byte	-42
 511 007b 20       		.byte	32
 512 007c 84       		.byte	-124
 513 007d 20       		.byte	32
 514 007e 87       		.byte	-121
 515 007f 02       		.byte	2
 516 0080 8E       		.byte	-114
 517 0081 08       		.byte	8
 518 0082 9E       		.byte	-98
 519 0083 08       		.byte	8
 520 0084 A4       		.byte	-92
 521 0085 20       		.byte	32
 522 0086 A7       		.byte	-89
ARM GAS  C:\Users\HP1\AppData\Local\Temp\ccmL88ev.s 			page 18


 523 0087 02       		.byte	2
 524 0088 A8       		.byte	-88
 525 0089 10       		.byte	16
 526 008a E2       		.byte	-30
 527 008b 50       		.byte	80
 528 008c EE       		.byte	-18
 529 008d 80       		.byte	-128
 530 008e 01       		.byte	1
 531 008f 01       		.byte	1
 532 0090 10       		.byte	16
 533 0091 01       		.byte	1
 534 0092 0000     		.space	2
 535              		.type	cy_cfg_addr_table.4905, %object
 536              		.size	cy_cfg_addr_table.4905, 20
 537              	cy_cfg_addr_table.4905:
 538 0094 1D320F40 		.word	1074737693
 539 0098 15330F40 		.word	1074737941
 540 009c 06400F40 		.word	1074741254
 541 00a0 09410F40 		.word	1074741513
 542 00a4 02600F40 		.word	1074749442
 543              		.text
 544              	.Letext0:
 545              		.file 2 "d:\\psoc\\psoc creator\\4.4\\psoc creator\\import\\gnu\\arm\\5.4.1\\lib\\gcc\\arm-none-ea
 546              		.file 3 "Generated_Source\\PSoC4\\cytypes.h"
 547              		.file 4 "Generated_Source\\PSoC4\\CyLib.h"
 548              		.section	.debug_info,"",%progbits
 549              	.Ldebug_info0:
 550 0000 B8030000 		.4byte	0x3b8
 551 0004 0400     		.2byte	0x4
 552 0006 00000000 		.4byte	.Ldebug_abbrev0
 553 000a 04       		.byte	0x4
 554 000b 01       		.uleb128 0x1
 555 000c 41010000 		.4byte	.LASF39
 556 0010 0C       		.byte	0xc
 557 0011 9B020000 		.4byte	.LASF40
 558 0015 14020000 		.4byte	.LASF41
 559 0019 00000000 		.4byte	.Ldebug_ranges0+0
 560 001d 00000000 		.4byte	0
 561 0021 00000000 		.4byte	.Ldebug_line0
 562 0025 02       		.uleb128 0x2
 563 0026 04       		.byte	0x4
 564 0027 05       		.byte	0x5
 565 0028 696E7400 		.ascii	"int\000"
 566 002c 03       		.uleb128 0x3
 567 002d 06000000 		.4byte	.LASF12
 568 0031 02       		.byte	0x2
 569 0032 D8       		.byte	0xd8
 570 0033 37000000 		.4byte	0x37
 571 0037 04       		.uleb128 0x4
 572 0038 04       		.byte	0x4
 573 0039 07       		.byte	0x7
 574 003a 08010000 		.4byte	.LASF0
 575 003e 04       		.uleb128 0x4
 576 003f 08       		.byte	0x8
 577 0040 05       		.byte	0x5
 578 0041 01020000 		.4byte	.LASF1
 579 0045 04       		.uleb128 0x4
ARM GAS  C:\Users\HP1\AppData\Local\Temp\ccmL88ev.s 			page 19


 580 0046 08       		.byte	0x8
 581 0047 04       		.byte	0x4
 582 0048 83020000 		.4byte	.LASF2
 583 004c 04       		.uleb128 0x4
 584 004d 01       		.byte	0x1
 585 004e 06       		.byte	0x6
 586 004f 8F020000 		.4byte	.LASF3
 587 0053 04       		.uleb128 0x4
 588 0054 01       		.byte	0x1
 589 0055 08       		.byte	0x8
 590 0056 AA000000 		.4byte	.LASF4
 591 005a 04       		.uleb128 0x4
 592 005b 02       		.byte	0x2
 593 005c 05       		.byte	0x5
 594 005d 5B020000 		.4byte	.LASF5
 595 0061 04       		.uleb128 0x4
 596 0062 02       		.byte	0x2
 597 0063 07       		.byte	0x7
 598 0064 EE010000 		.4byte	.LASF6
 599 0068 04       		.uleb128 0x4
 600 0069 04       		.byte	0x4
 601 006a 05       		.byte	0x5
 602 006b 7A020000 		.4byte	.LASF7
 603 006f 04       		.uleb128 0x4
 604 0070 04       		.byte	0x4
 605 0071 07       		.byte	0x7
 606 0072 88000000 		.4byte	.LASF8
 607 0076 04       		.uleb128 0x4
 608 0077 08       		.byte	0x8
 609 0078 07       		.byte	0x7
 610 0079 2A010000 		.4byte	.LASF9
 611 007d 04       		.uleb128 0x4
 612 007e 04       		.byte	0x4
 613 007f 07       		.byte	0x7
 614 0080 E5010000 		.4byte	.LASF10
 615 0084 05       		.uleb128 0x5
 616 0085 04       		.byte	0x4
 617 0086 04       		.uleb128 0x4
 618 0087 01       		.byte	0x1
 619 0088 08       		.byte	0x8
 620 0089 0F020000 		.4byte	.LASF11
 621 008d 06       		.uleb128 0x6
 622 008e 9A000000 		.4byte	.LASF13
 623 0092 03       		.byte	0x3
 624 0093 FB01     		.2byte	0x1fb
 625 0095 53000000 		.4byte	0x53
 626 0099 06       		.uleb128 0x6
 627 009a EF000000 		.4byte	.LASF14
 628 009e 03       		.byte	0x3
 629 009f FC01     		.2byte	0x1fc
 630 00a1 61000000 		.4byte	0x61
 631 00a5 06       		.uleb128 0x6
 632 00a6 01010000 		.4byte	.LASF15
 633 00aa 03       		.byte	0x3
 634 00ab FD01     		.2byte	0x1fd
 635 00ad 6F000000 		.4byte	0x6f
 636 00b1 04       		.uleb128 0x4
ARM GAS  C:\Users\HP1\AppData\Local\Temp\ccmL88ev.s 			page 20


 637 00b2 04       		.byte	0x4
 638 00b3 04       		.byte	0x4
 639 00b4 68000000 		.4byte	.LASF16
 640 00b8 04       		.uleb128 0x4
 641 00b9 08       		.byte	0x8
 642 00ba 04       		.byte	0x4
 643 00bb BF000000 		.4byte	.LASF17
 644 00bf 06       		.uleb128 0x6
 645 00c0 83000000 		.4byte	.LASF18
 646 00c4 03       		.byte	0x3
 647 00c5 A502     		.2byte	0x2a5
 648 00c7 CB000000 		.4byte	0xcb
 649 00cb 07       		.uleb128 0x7
 650 00cc 8D000000 		.4byte	0x8d
 651 00d0 06       		.uleb128 0x6
 652 00d1 00000000 		.4byte	.LASF19
 653 00d5 03       		.byte	0x3
 654 00d6 A702     		.2byte	0x2a7
 655 00d8 DC000000 		.4byte	0xdc
 656 00dc 07       		.uleb128 0x7
 657 00dd A5000000 		.4byte	0xa5
 658 00e1 08       		.uleb128 0x8
 659 00e2 02       		.byte	0x2
 660 00e3 01       		.byte	0x1
 661 00e4 97       		.byte	0x97
 662 00e5 02010000 		.4byte	0x102
 663 00e9 09       		.uleb128 0x9
 664 00ea 54020000 		.4byte	.LASF20
 665 00ee 01       		.byte	0x1
 666 00ef 99       		.byte	0x99
 667 00f0 8D000000 		.4byte	0x8d
 668 00f4 00       		.byte	0
 669 00f5 09       		.uleb128 0x9
 670 00f6 2D000000 		.4byte	.LASF21
 671 00fa 01       		.byte	0x1
 672 00fb 9A       		.byte	0x9a
 673 00fc 8D000000 		.4byte	0x8d
 674 0100 01       		.byte	0x1
 675 0101 00       		.byte	0
 676 0102 03       		.uleb128 0x3
 677 0103 41020000 		.4byte	.LASF22
 678 0107 01       		.byte	0x1
 679 0108 9B       		.byte	0x9b
 680 0109 E1000000 		.4byte	0xe1
 681 010d 0A       		.uleb128 0xa
 682 010e C6000000 		.4byte	.LASF27
 683 0112 01       		.byte	0x1
 684 0113 AE       		.byte	0xae
 685 0114 00000000 		.4byte	.LFB4
 686 0118 32000000 		.4byte	.LFE4-.LFB4
 687 011c 01       		.uleb128 0x1
 688 011d 9C       		.byte	0x9c
 689 011e 7F010000 		.4byte	0x17f
 690 0122 0B       		.uleb128 0xb
 691 0123 E4000000 		.4byte	.LASF23
 692 0127 01       		.byte	0x1
 693 0128 AE       		.byte	0xae
ARM GAS  C:\Users\HP1\AppData\Local\Temp\ccmL88ev.s 			page 21


 694 0129 7F010000 		.4byte	0x17f
 695 012d 01       		.uleb128 0x1
 696 012e 50       		.byte	0x50
 697 012f 0B       		.uleb128 0xb
 698 0130 F6000000 		.4byte	.LASF24
 699 0134 01       		.byte	0x1
 700 0135 AE       		.byte	0xae
 701 0136 8A010000 		.4byte	0x18a
 702 013a 01       		.uleb128 0x1
 703 013b 51       		.byte	0x51
 704 013c 0C       		.uleb128 0xc
 705 013d 6900     		.ascii	"i\000"
 706 013f 01       		.byte	0x1
 707 0140 B1       		.byte	0xb1
 708 0141 A5000000 		.4byte	0xa5
 709 0145 00000000 		.4byte	.LLST0
 710 0149 0C       		.uleb128 0xc
 711 014a 6A00     		.ascii	"j\000"
 712 014c 01       		.byte	0x1
 713 014d B1       		.byte	0xb1
 714 014e A5000000 		.4byte	0xa5
 715 0152 1F000000 		.4byte	.LLST1
 716 0156 0D       		.uleb128 0xd
 717 0157 08000000 		.4byte	.LBB2
 718 015b 22000000 		.4byte	.LBE2-.LBB2
 719 015f 0E       		.uleb128 0xe
 720 0160 DC010000 		.4byte	.LASF25
 721 0164 01       		.byte	0x1
 722 0165 B4       		.byte	0xb4
 723 0166 A5000000 		.4byte	0xa5
 724 016a 3E000000 		.4byte	.LLST2
 725 016e 0E       		.uleb128 0xe
 726 016f 33000000 		.4byte	.LASF26
 727 0173 01       		.byte	0x1
 728 0174 B5       		.byte	0xb5
 729 0175 8D000000 		.4byte	0x8d
 730 0179 51000000 		.4byte	.LLST3
 731 017d 00       		.byte	0
 732 017e 00       		.byte	0
 733 017f 0F       		.uleb128 0xf
 734 0180 04       		.byte	0x4
 735 0181 85010000 		.4byte	0x185
 736 0185 10       		.uleb128 0x10
 737 0186 A5000000 		.4byte	0xa5
 738 018a 0F       		.uleb128 0xf
 739 018b 04       		.byte	0x4
 740 018c 90010000 		.4byte	0x190
 741 0190 10       		.uleb128 0x10
 742 0191 02010000 		.4byte	0x102
 743 0195 11       		.uleb128 0x11
 744 0196 0D000000 		.4byte	.LASF42
 745 019a 01       		.byte	0x1
 746 019b 0401     		.2byte	0x104
 747 019d 00000000 		.4byte	.LFB6
 748 01a1 20000000 		.4byte	.LFE6-.LFB6
 749 01a5 01       		.uleb128 0x1
 750 01a6 9C       		.byte	0x9c
ARM GAS  C:\Users\HP1\AppData\Local\Temp\ccmL88ev.s 			page 22


 751 01a7 0A       		.uleb128 0xa
 752 01a8 A0000000 		.4byte	.LASF28
 753 01ac 01       		.byte	0x1
 754 01ad 4C       		.byte	0x4c
 755 01ae 00000000 		.4byte	.LFB1
 756 01b2 0C000000 		.4byte	.LFE1-.LFB1
 757 01b6 01       		.uleb128 0x1
 758 01b7 9C       		.byte	0x9c
 759 01b8 F4010000 		.4byte	0x1f4
 760 01bc 12       		.uleb128 0x12
 761 01bd 7300     		.ascii	"s\000"
 762 01bf 01       		.byte	0x1
 763 01c0 4C       		.byte	0x4c
 764 01c1 84000000 		.4byte	0x84
 765 01c5 6F000000 		.4byte	.LLST4
 766 01c9 12       		.uleb128 0x12
 767 01ca 6E00     		.ascii	"n\000"
 768 01cc 01       		.byte	0x1
 769 01cd 4C       		.byte	0x4c
 770 01ce 2C000000 		.4byte	0x2c
 771 01d2 90000000 		.4byte	.LLST5
 772 01d6 13       		.uleb128 0x13
 773 01d7 0A000000 		.4byte	.LVL14
 774 01db 91030000 		.4byte	0x391
 775 01df 14       		.uleb128 0x14
 776 01e0 01       		.uleb128 0x1
 777 01e1 50       		.byte	0x50
 778 01e2 03       		.uleb128 0x3
 779 01e3 F3       		.byte	0xf3
 780 01e4 01       		.uleb128 0x1
 781 01e5 50       		.byte	0x50
 782 01e6 14       		.uleb128 0x14
 783 01e7 01       		.uleb128 0x1
 784 01e8 51       		.byte	0x51
 785 01e9 01       		.uleb128 0x1
 786 01ea 30       		.byte	0x30
 787 01eb 14       		.uleb128 0x14
 788 01ec 01       		.uleb128 0x1
 789 01ed 52       		.byte	0x52
 790 01ee 03       		.uleb128 0x3
 791 01ef F3       		.byte	0xf3
 792 01f0 01       		.uleb128 0x1
 793 01f1 51       		.byte	0x51
 794 01f2 00       		.byte	0
 795 01f3 00       		.byte	0
 796 01f4 0A       		.uleb128 0xa
 797 01f5 39000000 		.4byte	.LASF29
 798 01f9 01       		.byte	0x1
 799 01fa D3       		.byte	0xd3
 800 01fb 00000000 		.4byte	.LFB5
 801 01ff 7C000000 		.4byte	.LFE5-.LFB5
 802 0203 01       		.uleb128 0x1
 803 0204 9C       		.byte	0x9c
 804 0205 40020000 		.4byte	0x240
 805 0209 15       		.uleb128 0x15
 806 020a 0E000000 		.4byte	.LVL15
 807 020e 9A030000 		.4byte	0x39a
ARM GAS  C:\Users\HP1\AppData\Local\Temp\ccmL88ev.s 			page 23


 808 0212 1D020000 		.4byte	0x21d
 809 0216 14       		.uleb128 0x14
 810 0217 01       		.uleb128 0x1
 811 0218 50       		.byte	0x50
 812 0219 02       		.uleb128 0x2
 813 021a 08       		.byte	0x8
 814 021b 30       		.byte	0x30
 815 021c 00       		.byte	0
 816 021d 15       		.uleb128 0x15
 817 021e 3E000000 		.4byte	.LVL16
 818 0222 A5030000 		.4byte	0x3a5
 819 0226 30020000 		.4byte	0x230
 820 022a 14       		.uleb128 0x14
 821 022b 01       		.uleb128 0x1
 822 022c 50       		.byte	0x50
 823 022d 01       		.uleb128 0x1
 824 022e 37       		.byte	0x37
 825 022f 00       		.byte	0
 826 0230 13       		.uleb128 0x13
 827 0231 44000000 		.4byte	.LVL17
 828 0235 B0030000 		.4byte	0x3b0
 829 0239 14       		.uleb128 0x14
 830 023a 01       		.uleb128 0x1
 831 023b 50       		.byte	0x50
 832 023c 01       		.uleb128 0x1
 833 023d 37       		.byte	0x37
 834 023e 00       		.byte	0
 835 023f 00       		.byte	0
 836 0240 16       		.uleb128 0x16
 837 0241 15010000 		.4byte	.LASF43
 838 0245 01       		.byte	0x1
 839 0246 1F01     		.2byte	0x11f
 840 0248 7C000000 		.4byte	.LFB7
 841 024c CC000000 		.4byte	.LFE7-.LFB7
 842 0250 01       		.uleb128 0x1
 843 0251 9C       		.byte	0x9c
 844 0252 67030000 		.4byte	0x367
 845 0256 17       		.uleb128 0x17
 846 0257 80000000 		.4byte	.LBB3
 847 025b 72000000 		.4byte	.LBE3-.LBB3
 848 025f 54030000 		.4byte	0x354
 849 0263 18       		.uleb128 0x18
 850 0264 44000000 		.4byte	.LASF30
 851 0268 01       		.byte	0x1
 852 0269 2501     		.2byte	0x125
 853 026b 77030000 		.4byte	0x377
 854 026f 05       		.uleb128 0x5
 855 0270 03       		.byte	0x3
 856 0271 94000000 		.4byte	cy_cfg_addr_table.4905
 857 0275 18       		.uleb128 0x18
 858 0276 56000000 		.4byte	.LASF31
 859 027a 01       		.byte	0x1
 860 027b 2D01     		.2byte	0x12d
 861 027d 8C030000 		.4byte	0x38c
 862 0281 05       		.uleb128 0x5
 863 0282 03       		.byte	0x3
 864 0283 0C000000 		.4byte	cy_cfg_data_table.4906
ARM GAS  C:\Users\HP1\AppData\Local\Temp\ccmL88ev.s 			page 24


 865 0287 19       		.uleb128 0x19
 866 0288 06       		.byte	0x6
 867 0289 01       		.byte	0x1
 868 028a 7501     		.2byte	0x175
 869 028c AB020000 		.4byte	0x2ab
 870 0290 1A       		.uleb128 0x1a
 871 0291 22010000 		.4byte	.LASF32
 872 0295 01       		.byte	0x1
 873 0296 7601     		.2byte	0x176
 874 0298 84000000 		.4byte	0x84
 875 029c 00       		.byte	0
 876 029d 1A       		.uleb128 0x1a
 877 029e 7E000000 		.4byte	.LASF33
 878 02a2 01       		.byte	0x1
 879 02a3 7701     		.2byte	0x177
 880 02a5 99000000 		.4byte	0x99
 881 02a9 04       		.byte	0x4
 882 02aa 00       		.byte	0
 883 02ab 06       		.uleb128 0x6
 884 02ac CF010000 		.4byte	.LASF34
 885 02b0 01       		.byte	0x1
 886 02b1 7801     		.2byte	0x178
 887 02b3 87020000 		.4byte	0x287
 888 02b7 1B       		.uleb128 0x1b
 889 02b8 C7020000 		.4byte	0x2c7
 890 02bc C7020000 		.4byte	0x2c7
 891 02c0 1C       		.uleb128 0x1c
 892 02c1 7D000000 		.4byte	0x7d
 893 02c5 01       		.byte	0x1
 894 02c6 00       		.byte	0
 895 02c7 10       		.uleb128 0x10
 896 02c8 AB020000 		.4byte	0x2ab
 897 02cc 18       		.uleb128 0x18
 898 02cd 6E000000 		.4byte	.LASF35
 899 02d1 01       		.byte	0x1
 900 02d2 7A01     		.2byte	0x17a
 901 02d4 DE020000 		.4byte	0x2de
 902 02d8 05       		.uleb128 0x5
 903 02d9 03       		.byte	0x3
 904 02da 00000000 		.4byte	cfg_memset_list.4911
 905 02de 10       		.uleb128 0x10
 906 02df B7020000 		.4byte	0x2b7
 907 02e3 1D       		.uleb128 0x1d
 908 02e4 6900     		.ascii	"i\000"
 909 02e6 01       		.byte	0x1
 910 02e7 8001     		.2byte	0x180
 911 02e9 8D000000 		.4byte	0x8d
 912 02ed BC000000 		.4byte	.LLST6
 913 02f1 17       		.uleb128 0x17
 914 02f2 84000000 		.4byte	.LBB4
 915 02f6 1C000000 		.4byte	.LBE4-.LBB4
 916 02fa 37030000 		.4byte	0x337
 917 02fe 1D       		.uleb128 0x1d
 918 02ff 6D7300   		.ascii	"ms\000"
 919 0302 01       		.byte	0x1
 920 0303 8501     		.2byte	0x185
 921 0305 0D030000 		.4byte	0x30d
ARM GAS  C:\Users\HP1\AppData\Local\Temp\ccmL88ev.s 			page 25


 922 0309 E6000000 		.4byte	.LLST7
 923 030d 0F       		.uleb128 0xf
 924 030e 04       		.byte	0x4
 925 030f C7020000 		.4byte	0x2c7
 926 0313 13       		.uleb128 0x13
 927 0314 A0000000 		.4byte	.LVL20
 928 0318 A7010000 		.4byte	0x1a7
 929 031c 14       		.uleb128 0x14
 930 031d 01       		.uleb128 0x1
 931 031e 51       		.byte	0x51
 932 031f 15       		.uleb128 0x15
 933 0320 74       		.byte	0x74
 934 0321 00       		.sleb128 0
 935 0322 31       		.byte	0x31
 936 0323 24       		.byte	0x24
 937 0324 74       		.byte	0x74
 938 0325 00       		.sleb128 0
 939 0326 22       		.byte	0x22
 940 0327 31       		.byte	0x31
 941 0328 24       		.byte	0x24
 942 0329 03       		.byte	0x3
 943 032a 04000000 		.4byte	.LANCHOR0+4
 944 032e 22       		.byte	0x22
 945 032f 94       		.byte	0x94
 946 0330 02       		.byte	0x2
 947 0331 0A       		.byte	0xa
 948 0332 FFFF     		.2byte	0xffff
 949 0334 1A       		.byte	0x1a
 950 0335 00       		.byte	0
 951 0336 00       		.byte	0
 952 0337 13       		.uleb128 0x13
 953 0338 B4000000 		.4byte	.LVL23
 954 033c 0D010000 		.4byte	0x10d
 955 0340 14       		.uleb128 0x14
 956 0341 01       		.uleb128 0x1
 957 0342 50       		.byte	0x50
 958 0343 05       		.uleb128 0x5
 959 0344 03       		.byte	0x3
 960 0345 94000000 		.4byte	.LANCHOR1+20
 961 0349 14       		.uleb128 0x14
 962 034a 01       		.uleb128 0x1
 963 034b 51       		.byte	0x51
 964 034c 05       		.uleb128 0x5
 965 034d 03       		.byte	0x3
 966 034e 0C000000 		.4byte	.LANCHOR0+12
 967 0352 00       		.byte	0
 968 0353 00       		.byte	0
 969 0354 1E       		.uleb128 0x1e
 970 0355 08010000 		.4byte	.LVL24
 971 0359 F4010000 		.4byte	0x1f4
 972 035d 1E       		.uleb128 0x1e
 973 035e 0C010000 		.4byte	.LVL25
 974 0362 95010000 		.4byte	0x195
 975 0366 00       		.byte	0
 976 0367 1B       		.uleb128 0x1b
 977 0368 85010000 		.4byte	0x185
 978 036c 77030000 		.4byte	0x377
ARM GAS  C:\Users\HP1\AppData\Local\Temp\ccmL88ev.s 			page 26


 979 0370 1C       		.uleb128 0x1c
 980 0371 7D000000 		.4byte	0x7d
 981 0375 04       		.byte	0x4
 982 0376 00       		.byte	0
 983 0377 10       		.uleb128 0x10
 984 0378 67030000 		.4byte	0x367
 985 037c 1B       		.uleb128 0x1b
 986 037d 90010000 		.4byte	0x190
 987 0381 8C030000 		.4byte	0x38c
 988 0385 1C       		.uleb128 0x1c
 989 0386 7D000000 		.4byte	0x7d
 990 038a 42       		.byte	0x42
 991 038b 00       		.byte	0
 992 038c 10       		.uleb128 0x10
 993 038d 7C030000 		.4byte	0x37c
 994 0391 1F       		.uleb128 0x1f
 995 0392 B8000000 		.4byte	.LASF44
 996 0396 B8000000 		.4byte	.LASF44
 997 039a 20       		.uleb128 0x20
 998 039b 65020000 		.4byte	.LASF36
 999 039f 65020000 		.4byte	.LASF36
 1000 03a3 04       		.byte	0x4
 1001 03a4 6C       		.byte	0x6c
 1002 03a5 20       		.uleb128 0x20
 1003 03a6 1E000000 		.4byte	.LASF37
 1004 03aa 1E000000 		.4byte	.LASF37
 1005 03ae 04       		.byte	0x4
 1006 03af D0       		.byte	0xd0
 1007 03b0 20       		.uleb128 0x20
 1008 03b1 D8000000 		.4byte	.LASF38
 1009 03b5 D8000000 		.4byte	.LASF38
 1010 03b9 04       		.byte	0x4
 1011 03ba D6       		.byte	0xd6
 1012 03bb 00       		.byte	0
 1013              		.section	.debug_abbrev,"",%progbits
 1014              	.Ldebug_abbrev0:
 1015 0000 01       		.uleb128 0x1
 1016 0001 11       		.uleb128 0x11
 1017 0002 01       		.byte	0x1
 1018 0003 25       		.uleb128 0x25
 1019 0004 0E       		.uleb128 0xe
 1020 0005 13       		.uleb128 0x13
 1021 0006 0B       		.uleb128 0xb
 1022 0007 03       		.uleb128 0x3
 1023 0008 0E       		.uleb128 0xe
 1024 0009 1B       		.uleb128 0x1b
 1025 000a 0E       		.uleb128 0xe
 1026 000b 55       		.uleb128 0x55
 1027 000c 17       		.uleb128 0x17
 1028 000d 11       		.uleb128 0x11
 1029 000e 01       		.uleb128 0x1
 1030 000f 10       		.uleb128 0x10
 1031 0010 17       		.uleb128 0x17
 1032 0011 00       		.byte	0
 1033 0012 00       		.byte	0
 1034 0013 02       		.uleb128 0x2
 1035 0014 24       		.uleb128 0x24
ARM GAS  C:\Users\HP1\AppData\Local\Temp\ccmL88ev.s 			page 27


 1036 0015 00       		.byte	0
 1037 0016 0B       		.uleb128 0xb
 1038 0017 0B       		.uleb128 0xb
 1039 0018 3E       		.uleb128 0x3e
 1040 0019 0B       		.uleb128 0xb
 1041 001a 03       		.uleb128 0x3
 1042 001b 08       		.uleb128 0x8
 1043 001c 00       		.byte	0
 1044 001d 00       		.byte	0
 1045 001e 03       		.uleb128 0x3
 1046 001f 16       		.uleb128 0x16
 1047 0020 00       		.byte	0
 1048 0021 03       		.uleb128 0x3
 1049 0022 0E       		.uleb128 0xe
 1050 0023 3A       		.uleb128 0x3a
 1051 0024 0B       		.uleb128 0xb
 1052 0025 3B       		.uleb128 0x3b
 1053 0026 0B       		.uleb128 0xb
 1054 0027 49       		.uleb128 0x49
 1055 0028 13       		.uleb128 0x13
 1056 0029 00       		.byte	0
 1057 002a 00       		.byte	0
 1058 002b 04       		.uleb128 0x4
 1059 002c 24       		.uleb128 0x24
 1060 002d 00       		.byte	0
 1061 002e 0B       		.uleb128 0xb
 1062 002f 0B       		.uleb128 0xb
 1063 0030 3E       		.uleb128 0x3e
 1064 0031 0B       		.uleb128 0xb
 1065 0032 03       		.uleb128 0x3
 1066 0033 0E       		.uleb128 0xe
 1067 0034 00       		.byte	0
 1068 0035 00       		.byte	0
 1069 0036 05       		.uleb128 0x5
 1070 0037 0F       		.uleb128 0xf
 1071 0038 00       		.byte	0
 1072 0039 0B       		.uleb128 0xb
 1073 003a 0B       		.uleb128 0xb
 1074 003b 00       		.byte	0
 1075 003c 00       		.byte	0
 1076 003d 06       		.uleb128 0x6
 1077 003e 16       		.uleb128 0x16
 1078 003f 00       		.byte	0
 1079 0040 03       		.uleb128 0x3
 1080 0041 0E       		.uleb128 0xe
 1081 0042 3A       		.uleb128 0x3a
 1082 0043 0B       		.uleb128 0xb
 1083 0044 3B       		.uleb128 0x3b
 1084 0045 05       		.uleb128 0x5
 1085 0046 49       		.uleb128 0x49
 1086 0047 13       		.uleb128 0x13
 1087 0048 00       		.byte	0
 1088 0049 00       		.byte	0
 1089 004a 07       		.uleb128 0x7
 1090 004b 35       		.uleb128 0x35
 1091 004c 00       		.byte	0
 1092 004d 49       		.uleb128 0x49
ARM GAS  C:\Users\HP1\AppData\Local\Temp\ccmL88ev.s 			page 28


 1093 004e 13       		.uleb128 0x13
 1094 004f 00       		.byte	0
 1095 0050 00       		.byte	0
 1096 0051 08       		.uleb128 0x8
 1097 0052 13       		.uleb128 0x13
 1098 0053 01       		.byte	0x1
 1099 0054 0B       		.uleb128 0xb
 1100 0055 0B       		.uleb128 0xb
 1101 0056 3A       		.uleb128 0x3a
 1102 0057 0B       		.uleb128 0xb
 1103 0058 3B       		.uleb128 0x3b
 1104 0059 0B       		.uleb128 0xb
 1105 005a 01       		.uleb128 0x1
 1106 005b 13       		.uleb128 0x13
 1107 005c 00       		.byte	0
 1108 005d 00       		.byte	0
 1109 005e 09       		.uleb128 0x9
 1110 005f 0D       		.uleb128 0xd
 1111 0060 00       		.byte	0
 1112 0061 03       		.uleb128 0x3
 1113 0062 0E       		.uleb128 0xe
 1114 0063 3A       		.uleb128 0x3a
 1115 0064 0B       		.uleb128 0xb
 1116 0065 3B       		.uleb128 0x3b
 1117 0066 0B       		.uleb128 0xb
 1118 0067 49       		.uleb128 0x49
 1119 0068 13       		.uleb128 0x13
 1120 0069 38       		.uleb128 0x38
 1121 006a 0B       		.uleb128 0xb
 1122 006b 00       		.byte	0
 1123 006c 00       		.byte	0
 1124 006d 0A       		.uleb128 0xa
 1125 006e 2E       		.uleb128 0x2e
 1126 006f 01       		.byte	0x1
 1127 0070 03       		.uleb128 0x3
 1128 0071 0E       		.uleb128 0xe
 1129 0072 3A       		.uleb128 0x3a
 1130 0073 0B       		.uleb128 0xb
 1131 0074 3B       		.uleb128 0x3b
 1132 0075 0B       		.uleb128 0xb
 1133 0076 27       		.uleb128 0x27
 1134 0077 19       		.uleb128 0x19
 1135 0078 11       		.uleb128 0x11
 1136 0079 01       		.uleb128 0x1
 1137 007a 12       		.uleb128 0x12
 1138 007b 06       		.uleb128 0x6
 1139 007c 40       		.uleb128 0x40
 1140 007d 18       		.uleb128 0x18
 1141 007e 9742     		.uleb128 0x2117
 1142 0080 19       		.uleb128 0x19
 1143 0081 01       		.uleb128 0x1
 1144 0082 13       		.uleb128 0x13
 1145 0083 00       		.byte	0
 1146 0084 00       		.byte	0
 1147 0085 0B       		.uleb128 0xb
 1148 0086 05       		.uleb128 0x5
 1149 0087 00       		.byte	0
ARM GAS  C:\Users\HP1\AppData\Local\Temp\ccmL88ev.s 			page 29


 1150 0088 03       		.uleb128 0x3
 1151 0089 0E       		.uleb128 0xe
 1152 008a 3A       		.uleb128 0x3a
 1153 008b 0B       		.uleb128 0xb
 1154 008c 3B       		.uleb128 0x3b
 1155 008d 0B       		.uleb128 0xb
 1156 008e 49       		.uleb128 0x49
 1157 008f 13       		.uleb128 0x13
 1158 0090 02       		.uleb128 0x2
 1159 0091 18       		.uleb128 0x18
 1160 0092 00       		.byte	0
 1161 0093 00       		.byte	0
 1162 0094 0C       		.uleb128 0xc
 1163 0095 34       		.uleb128 0x34
 1164 0096 00       		.byte	0
 1165 0097 03       		.uleb128 0x3
 1166 0098 08       		.uleb128 0x8
 1167 0099 3A       		.uleb128 0x3a
 1168 009a 0B       		.uleb128 0xb
 1169 009b 3B       		.uleb128 0x3b
 1170 009c 0B       		.uleb128 0xb
 1171 009d 49       		.uleb128 0x49
 1172 009e 13       		.uleb128 0x13
 1173 009f 02       		.uleb128 0x2
 1174 00a0 17       		.uleb128 0x17
 1175 00a1 00       		.byte	0
 1176 00a2 00       		.byte	0
 1177 00a3 0D       		.uleb128 0xd
 1178 00a4 0B       		.uleb128 0xb
 1179 00a5 01       		.byte	0x1
 1180 00a6 11       		.uleb128 0x11
 1181 00a7 01       		.uleb128 0x1
 1182 00a8 12       		.uleb128 0x12
 1183 00a9 06       		.uleb128 0x6
 1184 00aa 00       		.byte	0
 1185 00ab 00       		.byte	0
 1186 00ac 0E       		.uleb128 0xe
 1187 00ad 34       		.uleb128 0x34
 1188 00ae 00       		.byte	0
 1189 00af 03       		.uleb128 0x3
 1190 00b0 0E       		.uleb128 0xe
 1191 00b1 3A       		.uleb128 0x3a
 1192 00b2 0B       		.uleb128 0xb
 1193 00b3 3B       		.uleb128 0x3b
 1194 00b4 0B       		.uleb128 0xb
 1195 00b5 49       		.uleb128 0x49
 1196 00b6 13       		.uleb128 0x13
 1197 00b7 02       		.uleb128 0x2
 1198 00b8 17       		.uleb128 0x17
 1199 00b9 00       		.byte	0
 1200 00ba 00       		.byte	0
 1201 00bb 0F       		.uleb128 0xf
 1202 00bc 0F       		.uleb128 0xf
 1203 00bd 00       		.byte	0
 1204 00be 0B       		.uleb128 0xb
 1205 00bf 0B       		.uleb128 0xb
 1206 00c0 49       		.uleb128 0x49
ARM GAS  C:\Users\HP1\AppData\Local\Temp\ccmL88ev.s 			page 30


 1207 00c1 13       		.uleb128 0x13
 1208 00c2 00       		.byte	0
 1209 00c3 00       		.byte	0
 1210 00c4 10       		.uleb128 0x10
 1211 00c5 26       		.uleb128 0x26
 1212 00c6 00       		.byte	0
 1213 00c7 49       		.uleb128 0x49
 1214 00c8 13       		.uleb128 0x13
 1215 00c9 00       		.byte	0
 1216 00ca 00       		.byte	0
 1217 00cb 11       		.uleb128 0x11
 1218 00cc 2E       		.uleb128 0x2e
 1219 00cd 00       		.byte	0
 1220 00ce 03       		.uleb128 0x3
 1221 00cf 0E       		.uleb128 0xe
 1222 00d0 3A       		.uleb128 0x3a
 1223 00d1 0B       		.uleb128 0xb
 1224 00d2 3B       		.uleb128 0x3b
 1225 00d3 05       		.uleb128 0x5
 1226 00d4 27       		.uleb128 0x27
 1227 00d5 19       		.uleb128 0x19
 1228 00d6 11       		.uleb128 0x11
 1229 00d7 01       		.uleb128 0x1
 1230 00d8 12       		.uleb128 0x12
 1231 00d9 06       		.uleb128 0x6
 1232 00da 40       		.uleb128 0x40
 1233 00db 18       		.uleb128 0x18
 1234 00dc 9742     		.uleb128 0x2117
 1235 00de 19       		.uleb128 0x19
 1236 00df 00       		.byte	0
 1237 00e0 00       		.byte	0
 1238 00e1 12       		.uleb128 0x12
 1239 00e2 05       		.uleb128 0x5
 1240 00e3 00       		.byte	0
 1241 00e4 03       		.uleb128 0x3
 1242 00e5 08       		.uleb128 0x8
 1243 00e6 3A       		.uleb128 0x3a
 1244 00e7 0B       		.uleb128 0xb
 1245 00e8 3B       		.uleb128 0x3b
 1246 00e9 0B       		.uleb128 0xb
 1247 00ea 49       		.uleb128 0x49
 1248 00eb 13       		.uleb128 0x13
 1249 00ec 02       		.uleb128 0x2
 1250 00ed 17       		.uleb128 0x17
 1251 00ee 00       		.byte	0
 1252 00ef 00       		.byte	0
 1253 00f0 13       		.uleb128 0x13
 1254 00f1 898201   		.uleb128 0x4109
 1255 00f4 01       		.byte	0x1
 1256 00f5 11       		.uleb128 0x11
 1257 00f6 01       		.uleb128 0x1
 1258 00f7 31       		.uleb128 0x31
 1259 00f8 13       		.uleb128 0x13
 1260 00f9 00       		.byte	0
 1261 00fa 00       		.byte	0
 1262 00fb 14       		.uleb128 0x14
 1263 00fc 8A8201   		.uleb128 0x410a
ARM GAS  C:\Users\HP1\AppData\Local\Temp\ccmL88ev.s 			page 31


 1264 00ff 00       		.byte	0
 1265 0100 02       		.uleb128 0x2
 1266 0101 18       		.uleb128 0x18
 1267 0102 9142     		.uleb128 0x2111
 1268 0104 18       		.uleb128 0x18
 1269 0105 00       		.byte	0
 1270 0106 00       		.byte	0
 1271 0107 15       		.uleb128 0x15
 1272 0108 898201   		.uleb128 0x4109
 1273 010b 01       		.byte	0x1
 1274 010c 11       		.uleb128 0x11
 1275 010d 01       		.uleb128 0x1
 1276 010e 31       		.uleb128 0x31
 1277 010f 13       		.uleb128 0x13
 1278 0110 01       		.uleb128 0x1
 1279 0111 13       		.uleb128 0x13
 1280 0112 00       		.byte	0
 1281 0113 00       		.byte	0
 1282 0114 16       		.uleb128 0x16
 1283 0115 2E       		.uleb128 0x2e
 1284 0116 01       		.byte	0x1
 1285 0117 3F       		.uleb128 0x3f
 1286 0118 19       		.uleb128 0x19
 1287 0119 03       		.uleb128 0x3
 1288 011a 0E       		.uleb128 0xe
 1289 011b 3A       		.uleb128 0x3a
 1290 011c 0B       		.uleb128 0xb
 1291 011d 3B       		.uleb128 0x3b
 1292 011e 05       		.uleb128 0x5
 1293 011f 27       		.uleb128 0x27
 1294 0120 19       		.uleb128 0x19
 1295 0121 11       		.uleb128 0x11
 1296 0122 01       		.uleb128 0x1
 1297 0123 12       		.uleb128 0x12
 1298 0124 06       		.uleb128 0x6
 1299 0125 40       		.uleb128 0x40
 1300 0126 18       		.uleb128 0x18
 1301 0127 9742     		.uleb128 0x2117
 1302 0129 19       		.uleb128 0x19
 1303 012a 01       		.uleb128 0x1
 1304 012b 13       		.uleb128 0x13
 1305 012c 00       		.byte	0
 1306 012d 00       		.byte	0
 1307 012e 17       		.uleb128 0x17
 1308 012f 0B       		.uleb128 0xb
 1309 0130 01       		.byte	0x1
 1310 0131 11       		.uleb128 0x11
 1311 0132 01       		.uleb128 0x1
 1312 0133 12       		.uleb128 0x12
 1313 0134 06       		.uleb128 0x6
 1314 0135 01       		.uleb128 0x1
 1315 0136 13       		.uleb128 0x13
 1316 0137 00       		.byte	0
 1317 0138 00       		.byte	0
 1318 0139 18       		.uleb128 0x18
 1319 013a 34       		.uleb128 0x34
 1320 013b 00       		.byte	0
ARM GAS  C:\Users\HP1\AppData\Local\Temp\ccmL88ev.s 			page 32


 1321 013c 03       		.uleb128 0x3
 1322 013d 0E       		.uleb128 0xe
 1323 013e 3A       		.uleb128 0x3a
 1324 013f 0B       		.uleb128 0xb
 1325 0140 3B       		.uleb128 0x3b
 1326 0141 05       		.uleb128 0x5
 1327 0142 49       		.uleb128 0x49
 1328 0143 13       		.uleb128 0x13
 1329 0144 02       		.uleb128 0x2
 1330 0145 18       		.uleb128 0x18
 1331 0146 00       		.byte	0
 1332 0147 00       		.byte	0
 1333 0148 19       		.uleb128 0x19
 1334 0149 13       		.uleb128 0x13
 1335 014a 01       		.byte	0x1
 1336 014b 0B       		.uleb128 0xb
 1337 014c 0B       		.uleb128 0xb
 1338 014d 3A       		.uleb128 0x3a
 1339 014e 0B       		.uleb128 0xb
 1340 014f 3B       		.uleb128 0x3b
 1341 0150 05       		.uleb128 0x5
 1342 0151 01       		.uleb128 0x1
 1343 0152 13       		.uleb128 0x13
 1344 0153 00       		.byte	0
 1345 0154 00       		.byte	0
 1346 0155 1A       		.uleb128 0x1a
 1347 0156 0D       		.uleb128 0xd
 1348 0157 00       		.byte	0
 1349 0158 03       		.uleb128 0x3
 1350 0159 0E       		.uleb128 0xe
 1351 015a 3A       		.uleb128 0x3a
 1352 015b 0B       		.uleb128 0xb
 1353 015c 3B       		.uleb128 0x3b
 1354 015d 05       		.uleb128 0x5
 1355 015e 49       		.uleb128 0x49
 1356 015f 13       		.uleb128 0x13
 1357 0160 38       		.uleb128 0x38
 1358 0161 0B       		.uleb128 0xb
 1359 0162 00       		.byte	0
 1360 0163 00       		.byte	0
 1361 0164 1B       		.uleb128 0x1b
 1362 0165 01       		.uleb128 0x1
 1363 0166 01       		.byte	0x1
 1364 0167 49       		.uleb128 0x49
 1365 0168 13       		.uleb128 0x13
 1366 0169 01       		.uleb128 0x1
 1367 016a 13       		.uleb128 0x13
 1368 016b 00       		.byte	0
 1369 016c 00       		.byte	0
 1370 016d 1C       		.uleb128 0x1c
 1371 016e 21       		.uleb128 0x21
 1372 016f 00       		.byte	0
 1373 0170 49       		.uleb128 0x49
 1374 0171 13       		.uleb128 0x13
 1375 0172 2F       		.uleb128 0x2f
 1376 0173 0B       		.uleb128 0xb
 1377 0174 00       		.byte	0
ARM GAS  C:\Users\HP1\AppData\Local\Temp\ccmL88ev.s 			page 33


 1378 0175 00       		.byte	0
 1379 0176 1D       		.uleb128 0x1d
 1380 0177 34       		.uleb128 0x34
 1381 0178 00       		.byte	0
 1382 0179 03       		.uleb128 0x3
 1383 017a 08       		.uleb128 0x8
 1384 017b 3A       		.uleb128 0x3a
 1385 017c 0B       		.uleb128 0xb
 1386 017d 3B       		.uleb128 0x3b
 1387 017e 05       		.uleb128 0x5
 1388 017f 49       		.uleb128 0x49
 1389 0180 13       		.uleb128 0x13
 1390 0181 02       		.uleb128 0x2
 1391 0182 17       		.uleb128 0x17
 1392 0183 00       		.byte	0
 1393 0184 00       		.byte	0
 1394 0185 1E       		.uleb128 0x1e
 1395 0186 898201   		.uleb128 0x4109
 1396 0189 00       		.byte	0
 1397 018a 11       		.uleb128 0x11
 1398 018b 01       		.uleb128 0x1
 1399 018c 31       		.uleb128 0x31
 1400 018d 13       		.uleb128 0x13
 1401 018e 00       		.byte	0
 1402 018f 00       		.byte	0
 1403 0190 1F       		.uleb128 0x1f
 1404 0191 2E       		.uleb128 0x2e
 1405 0192 00       		.byte	0
 1406 0193 3F       		.uleb128 0x3f
 1407 0194 19       		.uleb128 0x19
 1408 0195 3C       		.uleb128 0x3c
 1409 0196 19       		.uleb128 0x19
 1410 0197 6E       		.uleb128 0x6e
 1411 0198 0E       		.uleb128 0xe
 1412 0199 03       		.uleb128 0x3
 1413 019a 0E       		.uleb128 0xe
 1414 019b 00       		.byte	0
 1415 019c 00       		.byte	0
 1416 019d 20       		.uleb128 0x20
 1417 019e 2E       		.uleb128 0x2e
 1418 019f 00       		.byte	0
 1419 01a0 3F       		.uleb128 0x3f
 1420 01a1 19       		.uleb128 0x19
 1421 01a2 3C       		.uleb128 0x3c
 1422 01a3 19       		.uleb128 0x19
 1423 01a4 6E       		.uleb128 0x6e
 1424 01a5 0E       		.uleb128 0xe
 1425 01a6 03       		.uleb128 0x3
 1426 01a7 0E       		.uleb128 0xe
 1427 01a8 3A       		.uleb128 0x3a
 1428 01a9 0B       		.uleb128 0xb
 1429 01aa 3B       		.uleb128 0x3b
 1430 01ab 0B       		.uleb128 0xb
 1431 01ac 00       		.byte	0
 1432 01ad 00       		.byte	0
 1433 01ae 00       		.byte	0
 1434              		.section	.debug_loc,"",%progbits
ARM GAS  C:\Users\HP1\AppData\Local\Temp\ccmL88ev.s 			page 34


 1435              	.Ldebug_loc0:
 1436              	.LLST0:
 1437 0000 02000000 		.4byte	.LVL1
 1438 0004 08000000 		.4byte	.LVL2
 1439 0008 0200     		.2byte	0x2
 1440 000a 30       		.byte	0x30
 1441 000b 9F       		.byte	0x9f
 1442 000c 08000000 		.4byte	.LVL2
 1443 0010 30000000 		.4byte	.LVL11
 1444 0014 0100     		.2byte	0x1
 1445 0016 57       		.byte	0x57
 1446 0017 00000000 		.4byte	0
 1447 001b 00000000 		.4byte	0
 1448              	.LLST1:
 1449 001f 02000000 		.4byte	.LVL1
 1450 0023 08000000 		.4byte	.LVL2
 1451 0027 0200     		.2byte	0x2
 1452 0029 30       		.byte	0x30
 1453 002a 9F       		.byte	0x9f
 1454 002b 08000000 		.4byte	.LVL2
 1455 002f 30000000 		.4byte	.LVL10
 1456 0033 0100     		.2byte	0x1
 1457 0035 55       		.byte	0x55
 1458 0036 00000000 		.4byte	0
 1459 003a 00000000 		.4byte	0
 1460              	.LLST2:
 1461 003e 0C000000 		.4byte	.LVL3
 1462 0042 2C000000 		.4byte	.LVL9
 1463 0046 0100     		.2byte	0x1
 1464 0048 56       		.byte	0x56
 1465 0049 00000000 		.4byte	0
 1466 004d 00000000 		.4byte	0
 1467              	.LLST3:
 1468 0051 0E000000 		.4byte	.LVL4
 1469 0055 24000000 		.4byte	.LVL7
 1470 0059 0100     		.2byte	0x1
 1471 005b 53       		.byte	0x53
 1472 005c 26000000 		.4byte	.LVL8
 1473 0060 2C000000 		.4byte	.LVL9
 1474 0064 0100     		.2byte	0x1
 1475 0066 53       		.byte	0x53
 1476 0067 00000000 		.4byte	0
 1477 006b 00000000 		.4byte	0
 1478              	.LLST4:
 1479 006f 00000000 		.4byte	.LVL12
 1480 0073 09000000 		.4byte	.LVL14-1
 1481 0077 0100     		.2byte	0x1
 1482 0079 50       		.byte	0x50
 1483 007a 09000000 		.4byte	.LVL14-1
 1484 007e 0C000000 		.4byte	.LFE1
 1485 0082 0400     		.2byte	0x4
 1486 0084 F3       		.byte	0xf3
 1487 0085 01       		.uleb128 0x1
 1488 0086 50       		.byte	0x50
 1489 0087 9F       		.byte	0x9f
 1490 0088 00000000 		.4byte	0
 1491 008c 00000000 		.4byte	0
ARM GAS  C:\Users\HP1\AppData\Local\Temp\ccmL88ev.s 			page 35


 1492              	.LLST5:
 1493 0090 00000000 		.4byte	.LVL12
 1494 0094 06000000 		.4byte	.LVL13
 1495 0098 0100     		.2byte	0x1
 1496 009a 51       		.byte	0x51
 1497 009b 06000000 		.4byte	.LVL13
 1498 009f 09000000 		.4byte	.LVL14-1
 1499 00a3 0100     		.2byte	0x1
 1500 00a5 52       		.byte	0x52
 1501 00a6 09000000 		.4byte	.LVL14-1
 1502 00aa 0C000000 		.4byte	.LFE1
 1503 00ae 0400     		.2byte	0x4
 1504 00b0 F3       		.byte	0xf3
 1505 00b1 01       		.uleb128 0x1
 1506 00b2 51       		.byte	0x51
 1507 00b3 9F       		.byte	0x9f
 1508 00b4 00000000 		.4byte	0
 1509 00b8 00000000 		.4byte	0
 1510              	.LLST6:
 1511 00bc 80000000 		.4byte	.LVL18
 1512 00c0 84000000 		.4byte	.LVL19
 1513 00c4 0200     		.2byte	0x2
 1514 00c6 30       		.byte	0x30
 1515 00c7 9F       		.byte	0x9f
 1516 00c8 84000000 		.4byte	.LVL19
 1517 00cc A2000000 		.4byte	.LVL21
 1518 00d0 0100     		.2byte	0x1
 1519 00d2 54       		.byte	0x54
 1520 00d3 A4000000 		.4byte	.LVL22
 1521 00d7 0C010000 		.4byte	.LVL26
 1522 00db 0100     		.2byte	0x1
 1523 00dd 54       		.byte	0x54
 1524 00de 00000000 		.4byte	0
 1525 00e2 00000000 		.4byte	0
 1526              	.LLST7:
 1527 00e6 84000000 		.4byte	.LVL19
 1528 00ea A2000000 		.4byte	.LVL21
 1529 00ee 0B00     		.2byte	0xb
 1530 00f0 74       		.byte	0x74
 1531 00f1 00       		.sleb128 0
 1532 00f2 36       		.byte	0x36
 1533 00f3 1E       		.byte	0x1e
 1534 00f4 03       		.byte	0x3
 1535 00f5 00000000 		.4byte	cfg_memset_list.4911
 1536 00f9 22       		.byte	0x22
 1537 00fa 9F       		.byte	0x9f
 1538 00fb A2000000 		.4byte	.LVL21
 1539 00ff A4000000 		.4byte	.LVL22
 1540 0103 0B00     		.2byte	0xb
 1541 0105 74       		.byte	0x74
 1542 0106 7F       		.sleb128 -1
 1543 0107 36       		.byte	0x36
 1544 0108 1E       		.byte	0x1e
 1545 0109 03       		.byte	0x3
 1546 010a 00000000 		.4byte	cfg_memset_list.4911
 1547 010e 22       		.byte	0x22
 1548 010f 9F       		.byte	0x9f
ARM GAS  C:\Users\HP1\AppData\Local\Temp\ccmL88ev.s 			page 36


 1549 0110 00000000 		.4byte	0
 1550 0114 00000000 		.4byte	0
 1551              		.section	.debug_aranges,"",%progbits
 1552 0000 3C000000 		.4byte	0x3c
 1553 0004 0200     		.2byte	0x2
 1554 0006 00000000 		.4byte	.Ldebug_info0
 1555 000a 04       		.byte	0x4
 1556 000b 00       		.byte	0
 1557 000c 0000     		.2byte	0
 1558 000e 0000     		.2byte	0
 1559 0010 00000000 		.4byte	.LFB4
 1560 0014 32000000 		.4byte	.LFE4-.LFB4
 1561 0018 00000000 		.4byte	.LFB6
 1562 001c 20000000 		.4byte	.LFE6-.LFB6
 1563 0020 00000000 		.4byte	.LFB1
 1564 0024 0C000000 		.4byte	.LFE1-.LFB1
 1565 0028 00000000 		.4byte	.LFB5
 1566 002c 7C000000 		.4byte	.LFE5-.LFB5
 1567 0030 7C000000 		.4byte	.LFB7
 1568 0034 CC000000 		.4byte	.LFE7-.LFB7
 1569 0038 00000000 		.4byte	0
 1570 003c 00000000 		.4byte	0
 1571              		.section	.debug_ranges,"",%progbits
 1572              	.Ldebug_ranges0:
 1573 0000 00000000 		.4byte	.LFB4
 1574 0004 32000000 		.4byte	.LFE4
 1575 0008 00000000 		.4byte	.LFB6
 1576 000c 20000000 		.4byte	.LFE6
 1577 0010 00000000 		.4byte	.LFB1
 1578 0014 0C000000 		.4byte	.LFE1
 1579 0018 00000000 		.4byte	.LFB5
 1580 001c 7C000000 		.4byte	.LFE5
 1581 0020 7C000000 		.4byte	.LFB7
 1582 0024 48010000 		.4byte	.LFE7
 1583 0028 00000000 		.4byte	0
 1584 002c 00000000 		.4byte	0
 1585              		.section	.debug_line,"",%progbits
 1586              	.Ldebug_line0:
 1587 0000 58010000 		.section	.debug_str,"MS",%progbits,1
 1587      0200BF00 
 1587      00000201 
 1587      FB0E0D00 
 1587      01010101 
 1588              	.LASF19:
 1589 0000 72656733 		.ascii	"reg32\000"
 1589      3200
 1590              	.LASF12:
 1591 0006 73697A65 		.ascii	"size_t\000"
 1591      5F7400
 1592              	.LASF42:
 1593 000d 416E616C 		.ascii	"AnalogSetDefault\000"
 1593      6F675365 
 1593      74446566 
 1593      61756C74 
 1593      00
 1594              	.LASF37:
 1595 001e 4379496E 		.ascii	"CyIntSetVector\000"
ARM GAS  C:\Users\HP1\AppData\Local\Temp\ccmL88ev.s 			page 37


 1595      74536574 
 1595      56656374 
 1595      6F7200
 1596              	.LASF21:
 1597 002d 76616C75 		.ascii	"value\000"
 1597      6500
 1598              	.LASF26:
 1599 0033 636F756E 		.ascii	"count\000"
 1599      7400
 1600              	.LASF29:
 1601 0039 436C6F63 		.ascii	"ClockSetup\000"
 1601      6B536574 
 1601      757000
 1602              	.LASF30:
 1603 0044 63795F63 		.ascii	"cy_cfg_addr_table\000"
 1603      66675F61 
 1603      6464725F 
 1603      7461626C 
 1603      6500
 1604              	.LASF31:
 1605 0056 63795F63 		.ascii	"cy_cfg_data_table\000"
 1605      66675F64 
 1605      6174615F 
 1605      7461626C 
 1605      6500
 1606              	.LASF16:
 1607 0068 666C6F61 		.ascii	"float\000"
 1607      7400
 1608              	.LASF35:
 1609 006e 6366675F 		.ascii	"cfg_memset_list\000"
 1609      6D656D73 
 1609      65745F6C 
 1609      69737400 
 1610              	.LASF33:
 1611 007e 73697A65 		.ascii	"size\000"
 1611      00
 1612              	.LASF18:
 1613 0083 72656738 		.ascii	"reg8\000"
 1613      00
 1614              	.LASF8:
 1615 0088 6C6F6E67 		.ascii	"long unsigned int\000"
 1615      20756E73 
 1615      69676E65 
 1615      6420696E 
 1615      7400
 1616              	.LASF13:
 1617 009a 75696E74 		.ascii	"uint8\000"
 1617      3800
 1618              	.LASF28:
 1619 00a0 43594D45 		.ascii	"CYMEMZERO\000"
 1619      4D5A4552 
 1619      4F00
 1620              	.LASF4:
 1621 00aa 756E7369 		.ascii	"unsigned char\000"
 1621      676E6564 
 1621      20636861 
 1621      7200
ARM GAS  C:\Users\HP1\AppData\Local\Temp\ccmL88ev.s 			page 38


 1622              	.LASF44:
 1623 00b8 6D656D73 		.ascii	"memset\000"
 1623      657400
 1624              	.LASF17:
 1625 00bf 646F7562 		.ascii	"double\000"
 1625      6C6500
 1626              	.LASF27:
 1627 00c6 6366675F 		.ascii	"cfg_write_bytes32\000"
 1627      77726974 
 1627      655F6279 
 1627      74657333 
 1627      3200
 1628              	.LASF38:
 1629 00d8 4379496E 		.ascii	"CyIntEnable\000"
 1629      74456E61 
 1629      626C6500 
 1630              	.LASF23:
 1631 00e4 61646472 		.ascii	"addr_table\000"
 1631      5F746162 
 1631      6C6500
 1632              	.LASF14:
 1633 00ef 75696E74 		.ascii	"uint16\000"
 1633      313600
 1634              	.LASF24:
 1635 00f6 64617461 		.ascii	"data_table\000"
 1635      5F746162 
 1635      6C6500
 1636              	.LASF15:
 1637 0101 75696E74 		.ascii	"uint32\000"
 1637      333200
 1638              	.LASF0:
 1639 0108 756E7369 		.ascii	"unsigned int\000"
 1639      676E6564 
 1639      20696E74 
 1639      00
 1640              	.LASF43:
 1641 0115 63796669 		.ascii	"cyfitter_cfg\000"
 1641      74746572 
 1641      5F636667 
 1641      00
 1642              	.LASF32:
 1643 0122 61646472 		.ascii	"address\000"
 1643      65737300 
 1644              	.LASF9:
 1645 012a 6C6F6E67 		.ascii	"long long unsigned int\000"
 1645      206C6F6E 
 1645      6720756E 
 1645      7369676E 
 1645      65642069 
 1646              	.LASF39:
 1647 0141 474E5520 		.ascii	"GNU C11 5.4.1 20160609 (release) [ARM/embedded-5-br"
 1647      43313120 
 1647      352E342E 
 1647      31203230 
 1647      31363036 
 1648 0174 616E6368 		.ascii	"anch revision 237715] -mcpu=cortex-m0 -mthumb -g -O"
 1648      20726576 
ARM GAS  C:\Users\HP1\AppData\Local\Temp\ccmL88ev.s 			page 39


 1648      6973696F 
 1648      6E203233 
 1648      37373135 
 1649 01a7 67202D66 		.ascii	"g -ffunction-sections -ffat-lto-objects\000"
 1649      66756E63 
 1649      74696F6E 
 1649      2D736563 
 1649      74696F6E 
 1650              	.LASF34:
 1651 01cf 6366675F 		.ascii	"cfg_memset_t\000"
 1651      6D656D73 
 1651      65745F74 
 1651      00
 1652              	.LASF25:
 1653 01dc 62617365 		.ascii	"baseAddr\000"
 1653      41646472 
 1653      00
 1654              	.LASF10:
 1655 01e5 73697A65 		.ascii	"sizetype\000"
 1655      74797065 
 1655      00
 1656              	.LASF6:
 1657 01ee 73686F72 		.ascii	"short unsigned int\000"
 1657      7420756E 
 1657      7369676E 
 1657      65642069 
 1657      6E7400
 1658              	.LASF1:
 1659 0201 6C6F6E67 		.ascii	"long long int\000"
 1659      206C6F6E 
 1659      6720696E 
 1659      7400
 1660              	.LASF11:
 1661 020f 63686172 		.ascii	"char\000"
 1661      00
 1662              	.LASF41:
 1663 0214 443A5C50 		.ascii	"D:\\PSoC\\Projects\\Stepper_Ctrl\\Design02.cydsn\000"
 1663      536F435C 
 1663      50726F6A 
 1663      65637473 
 1663      5C537465 
 1664              	.LASF22:
 1665 0241 63795F63 		.ascii	"cy_cfg_addrvalue_t\000"
 1665      66675F61 
 1665      64647276 
 1665      616C7565 
 1665      5F7400
 1666              	.LASF20:
 1667 0254 6F666673 		.ascii	"offset\000"
 1667      657400
 1668              	.LASF5:
 1669 025b 73686F72 		.ascii	"short int\000"
 1669      7420696E 
 1669      7400
 1670              	.LASF36:
 1671 0265 43795379 		.ascii	"CySysClkWriteImoFreq\000"
 1671      73436C6B 
ARM GAS  C:\Users\HP1\AppData\Local\Temp\ccmL88ev.s 			page 40


 1671      57726974 
 1671      65496D6F 
 1671      46726571 
 1672              	.LASF7:
 1673 027a 6C6F6E67 		.ascii	"long int\000"
 1673      20696E74 
 1673      00
 1674              	.LASF2:
 1675 0283 6C6F6E67 		.ascii	"long double\000"
 1675      20646F75 
 1675      626C6500 
 1676              	.LASF3:
 1677 028f 7369676E 		.ascii	"signed char\000"
 1677      65642063 
 1677      68617200 
 1678              	.LASF40:
 1679 029b 47656E65 		.ascii	"Generated_Source\\PSoC4\\cyfitter_cfg.c\000"
 1679      72617465 
 1679      645F536F 
 1679      75726365 
 1679      5C50536F 
 1680              		.ident	"GCC: (GNU Tools for ARM Embedded Processors) 5.4.1 20160609 (release) [ARM/embedded-5-bran
